<?xml version="1.0" encoding="utf-8"?><testsuites name="pytest tests"><testsuite name="pytest" errors="0" failures="0" skipped="1" tests="8" time="1.827" timestamp="2026-04-25T12:09:18.862077+00:00" hostname="agent-env-377db547-79ba-4c4b-b12e-55d780795bc2"><testcase classname="backend.tests.test_iteration_352_affiliate_gap" name="test_rejection_reasons_endpoint" time="0.502" /><testcase classname="backend.tests.test_iteration_352_affiliate_gap" name="test_submit_creates_admin_notification" time="0.429"><skipped type="pytest.skip" message="admin notifications list not publicly accessible — cannot assert notification (submit endpoint succeeded though)">/app/backend/tests/test_iteration_352_affiliate_gap.py:125: admin notifications list not publicly accessible — cannot assert notification (submit endpoint succeeded though)</skipped></testcase><testcase classname="backend.tests.test_iteration_352_affiliate_gap" name="test_upload_id_document_and_fetchable" time="0.261" /><testcase classname="backend.tests.test_iteration_352_affiliate_gap" name="test_reject_invalid_reason_400" time="0.055" /><testcase classname="backend.tests.test_iteration_352_affiliate_gap" name="test_reject_canonical_reason_with_note" time="0.296" /><testcase classname="backend.tests.test_iteration_352_affiliate_gap" name="test_check_status_by_email" time="0.053" /><testcase classname="backend.tests.test_iteration_352_affiliate_gap" name="test_check_status_by_phone_with_prefix" time="0.053" /><testcase classname="backend.tests.test_iteration_352_affiliate_gap" name="test_margin_audit_endpoint" time="0.054" /></testsuite></testsuites>