<?xml version="1.0" encoding="utf-8"?><testsuites name="pytest tests"><testsuite name="pytest" errors="0" failures="0" skipped="0" tests="5" time="5.897" timestamp="2026-04-25T13:16:13.148511+00:00" hostname="agent-env-377db547-79ba-4c4b-b12e-55d780795bc2"><testcase classname="backend.tests.test_iteration_353_vendor_scrub.TestForceHydrate" name="test_force_hydrate_includes_sanitised_descriptions" time="0.619" /><testcase classname="backend.tests.test_iteration_353_vendor_scrub.TestForceHydrate" name="test_force_hydrate_is_idempotent" time="0.146" /><testcase classname="backend.tests.test_iteration_353_vendor_scrub.TestMarketplaceLeakScrub" name="test_marketplace_search_no_vendor_leak_all_branches" time="2.255" /><testcase classname="backend.tests.test_iteration_353_vendor_scrub.TestMarketplaceLeakScrub" name="test_marketplace_search_no_filter_no_leak" time="0.865" /><testcase classname="backend.tests.test_iteration_353_vendor_scrub.TestPublicProductDetailNoLeak" name="test_public_product_details_no_leak" time="1.907" /></testsuite></testsuites>