<?xml version="1.0" encoding="utf-8"?><testsuites name="pytest tests"><testsuite name="pytest" errors="0" failures="0" skipped="0" tests="20" time="6.021" timestamp="2026-03-22T07:17:17.567411+00:00" hostname="agent-env-bc617297-66b7-4e84-b46f-262c88c4a5db"><testcase classname="backend.tests.test_phase2_staff_sales_flows.TestAdminAuth" name="test_admin_login" time="0.347" /><testcase classname="backend.tests.test_phase2_staff_sales_flows.TestSalesQueue" name="test_sales_queue_list" time="0.482" /><testcase classname="backend.tests.test_phase2_staff_sales_flows.TestSalesQueue" name="test_sales_queue_stats" time="0.107" /><testcase classname="backend.tests.test_phase2_staff_sales_flows.TestSalesQueue" name="test_sales_queue_filter_by_stage" time="0.104" /><testcase classname="backend.tests.test_phase2_staff_sales_flows.TestGuestLeads" name="test_list_guest_leads" time="0.460" /><testcase classname="backend.tests.test_phase2_staff_sales_flows.TestGuestLeads" name="test_create_guest_lead" time="0.105" /><testcase classname="backend.tests.test_phase2_staff_sales_flows.TestSalesIntelligence" name="test_sales_leaderboard" time="0.454" /><testcase classname="backend.tests.test_phase2_staff_sales_flows.TestSalesIntelligence" name="test_smart_assignment_preview" time="0.119" /><testcase classname="backend.tests.test_phase2_staff_sales_flows.TestStaffPerformance" name="test_staff_sales_performance" time="0.467" /><testcase classname="backend.tests.test_phase2_staff_sales_flows.TestStaffPerformance" name="test_supervisor_overview" time="0.121" /><testcase classname="backend.tests.test_phase2_staff_sales_flows.TestSupervisorDashboard" name="test_supervisor_team_summary" time="0.454" /><testcase classname="backend.tests.test_phase2_staff_sales_flows.TestSupervisorDashboard" name="test_supervisor_leaderboard" time="0.115" /><testcase classname="backend.tests.test_phase2_staff_sales_flows.TestQuoteWorkflow" name="test_list_quotes" time="0.456" /><testcase classname="backend.tests.test_phase2_staff_sales_flows.TestQuoteWorkflow" name="test_create_quote" time="0.113" /><testcase classname="backend.tests.test_phase2_staff_sales_flows.TestQuoteWorkflow" name="test_update_quote_status_to_sent" time="0.244" /><testcase classname="backend.tests.test_phase2_staff_sales_flows.TestNotifications" name="test_list_notifications" time="0.451" /><testcase classname="backend.tests.test_phase2_staff_sales_flows.TestNotifications" name="test_unread_count" time="0.114" /><testcase classname="backend.tests.test_phase2_staff_sales_flows.TestOpportunityStageUpdate" name="test_update_opportunity_stage" time="0.674" /><testcase classname="backend.tests.test_phase2_staff_sales_flows.TestStaffAlerts" name="test_staff_alerts" time="0.437" /><testcase classname="backend.tests.test_phase2_staff_sales_flows.TestStaffAlerts" name="test_staff_alerts_summary" time="0.100" /></testsuite></testsuites>