<?xml version="1.0" encoding="utf-8"?><testsuites name="pytest tests"><testsuite name="pytest" errors="0" failures="1" skipped="0" tests="16" time="4.805" timestamp="2026-03-16T12:20:14.915737+00:00" hostname="agent-env-ed29fe10-8896-4b3b-a079-c183387371cc"><testcase classname="backend.tests.test_deal_linkage_commercial.TestAdminAuth" name="test_admin_login" time="0.554" /><testcase classname="backend.tests.test_deal_linkage_commercial.TestCRMDealRoutes" name="test_sales_forecast" time="0.535" /><testcase classname="backend.tests.test_deal_linkage_commercial.TestCRMDealRoutes" name="test_staff_leaderboard" time="0.151" /><testcase classname="backend.tests.test_deal_linkage_commercial.TestCRMDealRoutes" name="test_marketing_roi" time="0.115" /><testcase classname="backend.tests.test_deal_linkage_commercial.TestCustomerAccountRoutes" name="test_customer_account_view" time="0.486" /><testcase classname="backend.tests.test_deal_linkage_commercial.TestCustomerAccountRoutes" name="test_customer_account_nonexistent_email" time="0.120" /><testcase classname="backend.tests.test_deal_linkage_commercial.TestCRMRelationshipRoutes" name="test_get_lead_detail" time="0.636" /><testcase classname="backend.tests.test_deal_linkage_commercial.TestCRMRelationshipRoutes" name="test_create_quote_from_lead" time="0.115" /><testcase classname="backend.tests.test_deal_linkage_commercial.TestCRMRelationshipRoutes" name="test_create_invoice_from_lead" time="0.106" /><testcase classname="backend.tests.test_deal_linkage_commercial.TestCRMRelationshipRoutes" name="test_create_task_from_lead" time="0.122" /><testcase classname="backend.tests.test_deal_linkage_commercial.TestCRMRelationshipRoutes" name="test_convert_lead_to_won" time="0.125" /><testcase classname="backend.tests.test_deal_linkage_commercial.TestLeadDetailNotFound" name="test_lead_detail_not_found" time="0.487" /><testcase classname="backend.tests.test_deal_linkage_commercial.TestLeadDetailNotFound" name="test_create_quote_lead_not_found" time="0.102" /><testcase classname="backend.tests.test_deal_linkage_commercial.TestCRMListPage" name="test_get_leads_list" time="0.440" /><testcase classname="backend.tests.test_deal_linkage_commercial.TestCustomersEndpoint" name="test_get_customers_list" time="0.472"><failure message="AssertionError: assert 'customers' in [{'address_line_1': None, 'address_line_2': None, 'business_registration_number': None, 'city': 'Dar es Salaam', ...}, {'address_line_1': None, 'address_line_2': None, 'business_registration_number': None, 'city': 'Dar es Salaam', ...}, {'address_line_1': None, 'address_line_2': None, 'business_registration_number': None, 'city': 'Dar es Salaam', ...}, {'address_line_1': None, 'address_line_2': None, 'business_registration_number': None, 'city': 'Dar es Salaam', ...}, {'address_line_1': None, 'address_line_2': None, 'business_registration_number': None, 'city': None, ...}, {'address_line_1': None, 'address_line_2': None, 'business_registration_number': None, 'city': None, ...}, ...]">backend/tests/test_deal_linkage_commercial.py:469: in test_get_customers_list
    assert "customers" in data
E   AssertionError: assert 'customers' in [{'address_line_1': None, 'address_line_2': None, 'business_registration_number': None, 'city': 'Dar es Salaam', ...}, {'address_line_1': None, 'address_line_2': None, 'business_registration_number': None, 'city': 'Dar es Salaam', ...}, {'address_line_1': None, 'address_line_2': None, 'business_registration_number': None, 'city': 'Dar es Salaam', ...}, {'address_line_1': None, 'address_line_2': None, 'business_registration_number': None, 'city': 'Dar es Salaam', ...}, {'address_line_1': None, 'address_line_2': None, 'business_registration_number': None, 'city': None, ...}, {'address_line_1': None, 'address_line_2': None, 'business_registration_number': None, 'city': None, ...}, ...]</failure></testcase><testcase classname="backend.tests.test_deal_linkage_commercial.TestCustomersEndpoint" name="test_get_users_customers" time="0.105" /></testsuite></testsuites>