<?xml version="1.0" encoding="utf-8"?><testsuites name="pytest tests"><testsuite name="pytest" errors="0" failures="2" skipped="0" tests="26" time="8.551" timestamp="2026-04-01T10:36:09.591381+00:00" hostname="agent-env-377db547-79ba-4c4b-b12e-55d780795bc2"><testcase classname="backend.tests.test_pack2_customer_360_statement_v159.TestAdminAuth" name="test_admin_login_success" time="0.501" /><testcase classname="backend.tests.test_pack2_customer_360_statement_v159.TestCustomerAuth" name="test_customer_login_success" time="0.350" /><testcase classname="backend.tests.test_pack2_customer_360_statement_v159.TestCustomers360Stats" name="test_stats_returns_correct_structure" time="0.781" /><testcase classname="backend.tests.test_pack2_customer_360_statement_v159.TestCustomers360List" name="test_list_returns_customers" time="0.529" /><testcase classname="backend.tests.test_pack2_customer_360_statement_v159.TestCustomers360List" name="test_list_with_search_filter" time="0.157" /><testcase classname="backend.tests.test_pack2_customer_360_statement_v159.TestCustomers360List" name="test_list_with_status_filter" time="1.505" /><testcase classname="backend.tests.test_pack2_customer_360_statement_v159.TestCustomer360Detail" name="test_detail_returns_enriched_data" time="0.208" /><testcase classname="backend.tests.test_pack2_customer_360_statement_v159.TestCustomer360Detail" name="test_detail_not_found" time="0.101" /><testcase classname="backend.tests.test_pack2_customer_360_statement_v159.TestCustomer360Statement" name="test_statement_returns_correct_structure" time="0.204" /><testcase classname="backend.tests.test_pack2_customer_360_statement_v159.TestCustomer360Statement" name="test_statement_with_date_range" time="0.208" /><testcase classname="backend.tests.test_pack2_customer_360_statement_v159.TestCustomer360TransactionLists" name="test_orders_endpoint" time="0.190" /><testcase classname="backend.tests.test_pack2_customer_360_statement_v159.TestCustomer360TransactionLists" name="test_invoices_endpoint" time="0.206" /><testcase classname="backend.tests.test_pack2_customer_360_statement_v159.TestCustomer360TransactionLists" name="test_quotes_endpoint" time="0.216" /><testcase classname="backend.tests.test_pack2_customer_360_statement_v159.TestCustomer360TransactionLists" name="test_requests_endpoint" time="0.208" /><testcase classname="backend.tests.test_pack2_customer_360_statement_v159.TestCustomer360TransactionLists" name="test_payments_endpoint" time="0.214" /><testcase classname="backend.tests.test_pack2_customer_360_statement_v159.TestCustomerFacingStatement" name="test_customer_statement_returns_data" time="0.431" /><testcase classname="backend.tests.test_pack2_customer_360_statement_v159.TestCustomerFacingStatement" name="test_customer_statement_with_date_range" time="0.112" /><testcase classname="backend.tests.test_pack2_customer_360_statement_v159.TestCustomerInvoicesAndPayments" name="test_customer_invoices" time="0.127" /><testcase classname="backend.tests.test_pack2_customer_360_statement_v159.TestCustomerInvoicesAndPayments" name="test_customer_payments" time="0.127" /><testcase classname="backend.tests.test_pack2_customer_360_statement_v159.TestAdminPagesWithCustomerLinks" name="test_orders_page_has_customer_data" time="0.276" /><testcase classname="backend.tests.test_pack2_customer_360_statement_v159.TestAdminPagesWithCustomerLinks" name="test_payments_queue_has_customer_data" time="0.178" /><testcase classname="backend.tests.test_pack2_customer_360_statement_v159.TestAdminPagesWithCustomerLinks" name="test_invoices_has_customer_data" time="0.224" /><testcase classname="backend.tests.test_pack2_customer_360_statement_v159.TestAdminPagesWithCustomerLinks" name="test_requests_inbox_has_customer_data" time="0.208" /><testcase classname="backend.tests.test_pack2_customer_360_statement_v159.TestUnauthorizedAccess" name="test_stats_requires_auth" time="0.559"><failure message="AssertionError: Expected 401, got 200&#10;assert 200 == 401&#10; +  where 200 = &lt;Response [200]&gt;.status_code">backend/tests/test_pack2_customer_360_statement_v159.py:437: in test_stats_requires_auth
    assert response.status_code == 401, f"Expected 401, got {response.status_code}"
E   AssertionError: Expected 401, got 200
E   assert 200 == 401
E    +  where 200 = &lt;Response [200]&gt;.status_code</failure></testcase><testcase classname="backend.tests.test_pack2_customer_360_statement_v159.TestUnauthorizedAccess" name="test_list_requires_auth" time="0.493"><failure message="AssertionError: Expected 401, got 200&#10;assert 200 == 401&#10; +  where 200 = &lt;Response [200]&gt;.status_code">backend/tests/test_pack2_customer_360_statement_v159.py:443: in test_list_requires_auth
    assert response.status_code == 401, f"Expected 401, got {response.status_code}"
E   AssertionError: Expected 401, got 200
E   assert 200 == 401
E    +  where 200 = &lt;Response [200]&gt;.status_code</failure></testcase><testcase classname="backend.tests.test_pack2_customer_360_statement_v159.TestUnauthorizedAccess" name="test_customer_statement_requires_auth" time="0.094" /></testsuite></testsuites>