<?xml version="1.0" encoding="utf-8"?><testsuites name="pytest tests"><testsuite name="pytest" errors="0" failures="0" skipped="0" tests="13" time="4.273" timestamp="2026-03-28T19:46:07.921575+00:00" hostname="agent-env-b1e19c60-3a19-4e32-acf2-937ed2535c54"><testcase classname="backend.tests.test_stripe_payment_integration_v136.TestStripePaymentIntegration" name="test_stripe_checkout_creates_session" time="1.248" /><testcase classname="backend.tests.test_stripe_payment_integration_v136.TestStripePaymentIntegration" name="test_stripe_checkout_status_endpoint" time="0.329" /><testcase classname="backend.tests.test_stripe_payment_integration_v136.TestStripePaymentIntegration" name="test_stripe_checkout_rejects_paid_invoice" time="0.267" /><testcase classname="backend.tests.test_stripe_payment_integration_v136.TestStripePaymentIntegration" name="test_stripe_checkout_invalid_invoice" time="0.110" /><testcase classname="backend.tests.test_stripe_payment_integration_v136.TestStripePaymentIntegration" name="test_stripe_status_invalid_session" time="0.148" /><testcase classname="backend.tests.test_stripe_payment_integration_v136.TestStripePaymentIntegration" name="test_go_live_readiness_payment_gateway" time="0.488" /><testcase classname="backend.tests.test_stripe_payment_integration_v136.TestStripePaymentIntegration" name="test_go_live_readiness_payment_gateway_keys" time="0.107" /><testcase classname="backend.tests.test_stripe_payment_integration_v136.TestStripePaymentIntegration" name="test_customer_invoices_show_payer_name" time="0.168" /><testcase classname="backend.tests.test_stripe_payment_integration_v136.TestStripePaymentIntegration" name="test_customer_notifications_payment_approval" time="0.103" /><testcase classname="backend.tests.test_stripe_payment_integration_v136.TestStripePaymentIntegration" name="test_customer_orders_sales_contact" time="0.155" /><testcase classname="backend.tests.test_stripe_payment_integration_v136.TestStripePaymentIntegration" name="test_admin_orders_columns" time="0.114" /><testcase classname="backend.tests.test_stripe_payment_integration_v136.TestStripePaymentIntegration" name="test_vendor_orders_customer_name" time="0.465" /><testcase classname="backend.tests.test_stripe_payment_integration_v136.TestPaymentTransactionsCollection" name="test_payment_transactions_exist" time="0.469" /></testsuite></testsuites>