<?xml version="1.0" encoding="utf-8"?><testsuites name="pytest tests"><testsuite name="pytest" errors="0" failures="0" skipped="0" tests="11" time="5.372" timestamp="2026-04-10T17:52:13.574100+00:00" hostname="agent-env-377db547-79ba-4c4b-b12e-55d780795bc2"><testcase classname="backend.tests.test_auto_partner_assignment_v253.TestAutoPartnerAssignment" name="test_01_api_health" time="0.405" /><testcase classname="backend.tests.test_auto_partner_assignment_v253.TestAutoPartnerAssignment" name="test_02_admin_login" time="0.393" /><testcase classname="backend.tests.test_auto_partner_assignment_v253.TestAutoPartnerAssignment" name="test_03_auto_assign_with_matching_capability" time="0.563" /><testcase classname="backend.tests.test_auto_partner_assignment_v253.TestAutoPartnerAssignment" name="test_04_auto_assign_failure_no_matching_capability" time="0.461" /><testcase classname="backend.tests.test_auto_partner_assignment_v253.TestAutoPartnerAssignment" name="test_05_manual_assignment_bypasses_auto" time="0.703" /><testcase classname="backend.tests.test_auto_partner_assignment_v253.TestAutoPartnerAssignment" name="test_06_stats_summary_includes_unassigned" time="0.428" /><testcase classname="backend.tests.test_auto_partner_assignment_v253.TestAutoPartnerAssignment" name="test_07_unassigned_task_creates_admin_alert" time="0.512" /><testcase classname="backend.tests.test_auto_partner_assignment_v253.TestAutoPartnerAssignment" name="test_08_task_detail_shows_auto_assignment_info" time="0.561" /><testcase classname="backend.tests.test_auto_partner_assignment_v253.TestAutoPartnerAssignment" name="test_09_list_tasks_with_status_filter" time="0.388" /><testcase classname="backend.tests.test_auto_partner_assignment_v253.TestAutoPartnerAssignment" name="test_10_overdue_costs_endpoint" time="0.393" /><testcase classname="backend.tests.test_auto_partner_assignment_v253.TestPartnerNotifications" name="test_11_partner_notified_on_assignment" time="0.445" /></testsuite></testsuites>