<?xml version="1.0" encoding="utf-8"?><testsuites name="pytest tests"><testsuite name="pytest" errors="0" failures="0" skipped="0" tests="30" time="2.262" timestamp="2026-03-17T08:36:49.094496+00:00" hostname="agent-env-a63fe27e-17d8-4bdf-960b-da342e2d4157"><testcase classname="tests.test_super_admin_commercial_pack.TestEcosystemDashboard" name="test_ecosystem_overview" time="0.171" /><testcase classname="tests.test_super_admin_commercial_pack.TestEcosystemDashboard" name="test_partner_summary" time="0.073" /><testcase classname="tests.test_super_admin_commercial_pack.TestEcosystemDashboard" name="test_affiliate_summary" time="0.064" /><testcase classname="tests.test_super_admin_commercial_pack.TestEcosystemDashboard" name="test_country_summary" time="0.065" /><testcase classname="tests.test_super_admin_commercial_pack.TestEcosystemDashboard" name="test_at_risk_items" time="0.064" /><testcase classname="tests.test_super_admin_commercial_pack.TestGroupMarkupSettings" name="test_list_group_markup_settings" time="0.064" /><testcase classname="tests.test_super_admin_commercial_pack.TestGroupMarkupSettings" name="test_list_group_markup_with_filter" time="0.062" /><testcase classname="tests.test_super_admin_commercial_pack.TestGroupMarkupSettings" name="test_create_group_markup_setting" time="0.062" /><testcase classname="tests.test_super_admin_commercial_pack.TestGroupMarkupSettings" name="test_get_group_markup_setting" time="0.062" /><testcase classname="tests.test_super_admin_commercial_pack.TestGroupMarkupSettings" name="test_update_group_markup_setting" time="0.125" /><testcase classname="tests.test_super_admin_commercial_pack.TestGroupMarkupSettings" name="test_delete_group_markup_setting" time="0.124" /><testcase classname="tests.test_super_admin_commercial_pack.TestPartnerSettlements" name="test_list_payout_profiles" time="0.061" /><testcase classname="tests.test_super_admin_commercial_pack.TestPartnerSettlements" name="test_get_payout_profile_empty" time="0.062" /><testcase classname="tests.test_super_admin_commercial_pack.TestPartnerSettlements" name="test_create_payout_profile" time="0.062" /><testcase classname="tests.test_super_admin_commercial_pack.TestPartnerSettlements" name="test_settlement_summary" time="0.062" /><testcase classname="tests.test_super_admin_commercial_pack.TestPartnerSettlements" name="test_list_settlements" time="0.064" /><testcase classname="tests.test_super_admin_commercial_pack.TestPartnerSettlements" name="test_list_settlements_with_filter" time="0.065" /><testcase classname="tests.test_super_admin_commercial_pack.TestPaymentProofs" name="test_submit_payment_proof" time="0.067" /><testcase classname="tests.test_super_admin_commercial_pack.TestPaymentProofs" name="test_list_customer_submissions" time="0.062" /><testcase classname="tests.test_super_admin_commercial_pack.TestPaymentProofs" name="test_admin_list_payment_proofs" time="0.059" /><testcase classname="tests.test_super_admin_commercial_pack.TestPaymentProofs" name="test_admin_list_payment_proofs_with_filter" time="0.067" /><testcase classname="tests.test_super_admin_commercial_pack.TestPaymentProofs" name="test_admin_get_payment_proof" time="0.063" /><testcase classname="tests.test_super_admin_commercial_pack.TestPaymentProofs" name="test_admin_approve_payment_proof" time="0.062" /><testcase classname="tests.test_super_admin_commercial_pack.TestPaymentProofs" name="test_payment_proof_reject_flow" time="0.122" /><testcase classname="tests.test_super_admin_commercial_pack.TestPricingValidation" name="test_calculate_protected_price" time="0.063" /><testcase classname="tests.test_super_admin_commercial_pack.TestPricingValidation" name="test_validate_line_item" time="0.065" /><testcase classname="tests.test_super_admin_commercial_pack.TestPricingValidation" name="test_validate_line_item_below_margin" time="0.058" /><testcase classname="tests.test_super_admin_commercial_pack.TestPricingValidation" name="test_max_discount_calculation" time="0.059" /><testcase classname="tests.test_super_admin_commercial_pack.TestPricingValidation" name="test_validate_quote_pricing" time="0.060" /><testcase classname="tests.test_super_admin_commercial_pack.TestCleanup" name="test_cleanup_test_data" time="0.059" /></testsuite></testsuites>