<?xml version="1.0" encoding="utf-8"?><testsuites name="pytest tests"><testsuite name="pytest" errors="0" failures="1" skipped="0" tests="40" time="6.947" timestamp="2026-03-16T13:42:17.639036+00:00" hostname="agent-env-18d0b110-0f33-4a60-85fa-37634ddcefcb"><testcase classname="backend.tests.test_partner_ecosystem.TestGeographyAPI" name="test_seed_geography" time="0.265" /><testcase classname="backend.tests.test_partner_ecosystem.TestGeographyAPI" name="test_get_countries" time="0.125" /><testcase classname="backend.tests.test_partner_ecosystem.TestGeographyAPI" name="test_get_regions_for_tanzania" time="0.125" /><testcase classname="backend.tests.test_partner_ecosystem.TestGeographyAPI" name="test_get_regions_for_kenya" time="0.115" /><testcase classname="backend.tests.test_partner_ecosystem.TestGeographyAPI" name="test_get_country_details" time="0.114" /><testcase classname="backend.tests.test_partner_ecosystem.TestPartnersCRUD" name="test_list_partners_empty" time="0.170" /><testcase classname="backend.tests.test_partner_ecosystem.TestPartnersCRUD" name="test_create_partner" time="0.122" /><testcase classname="backend.tests.test_partner_ecosystem.TestPartnersCRUD" name="test_get_partner_by_id" time="0.103" /><testcase classname="backend.tests.test_partner_ecosystem.TestPartnersCRUD" name="test_update_partner" time="0.114" /><testcase classname="backend.tests.test_partner_ecosystem.TestPartnersCRUD" name="test_list_partners_filtered_by_country" time="0.139" /><testcase classname="backend.tests.test_partner_ecosystem.TestPartnersCRUD" name="test_delete_partner_soft_delete" time="0.250" /><testcase classname="backend.tests.test_partner_ecosystem.TestPartnerCatalogCRUD" name="test_list_catalog_empty" time="0.306" /><testcase classname="backend.tests.test_partner_ecosystem.TestPartnerCatalogCRUD" name="test_create_catalog_item" time="0.166" /><testcase classname="backend.tests.test_partner_ecosystem.TestPartnerCatalogCRUD" name="test_create_catalog_item_invalid_partner" time="0.109" /><testcase classname="backend.tests.test_partner_ecosystem.TestPartnerCatalogCRUD" name="test_get_catalog_item_by_id" time="0.123" /><testcase classname="backend.tests.test_partner_ecosystem.TestPartnerCatalogCRUD" name="test_update_catalog_item" time="0.146" /><testcase classname="backend.tests.test_partner_ecosystem.TestPartnerCatalogCRUD" name="test_list_catalog_filtered_by_partner" time="0.110" /><testcase classname="backend.tests.test_partner_ecosystem.TestPartnerCatalogCRUD" name="test_delete_catalog_item" time="0.251" /><testcase classname="backend.tests.test_partner_ecosystem.TestCountryPricingRules" name="test_list_pricing_rules" time="0.136" /><testcase classname="backend.tests.test_partner_ecosystem.TestCountryPricingRules" name="test_create_pricing_rule_percentage" time="0.127" /><testcase classname="backend.tests.test_partner_ecosystem.TestCountryPricingRules" name="test_create_pricing_rule_fixed" time="0.133" /><testcase classname="backend.tests.test_partner_ecosystem.TestCountryPricingRules" name="test_create_pricing_rule_missing_country" time="0.111" /><testcase classname="backend.tests.test_partner_ecosystem.TestCountryPricingRules" name="test_get_pricing_rule_by_id" time="0.127" /><testcase classname="backend.tests.test_partner_ecosystem.TestCountryPricingRules" name="test_update_pricing_rule_upsert" time="0.100" /><testcase classname="backend.tests.test_partner_ecosystem.TestCountryPricingRules" name="test_list_pricing_rules_by_country" time="0.111" /><testcase classname="backend.tests.test_partner_ecosystem.TestCountryPricingRules" name="test_delete_pricing_rule" time="0.247" /><testcase classname="backend.tests.test_partner_ecosystem.TestRoutingRules" name="test_list_routing_rules" time="0.223" /><testcase classname="backend.tests.test_partner_ecosystem.TestRoutingRules" name="test_create_routing_rule_lead_time" time="0.121" /><testcase classname="backend.tests.test_partner_ecosystem.TestRoutingRules" name="test_create_routing_rule_preferred_partner" time="0.097" /><testcase classname="backend.tests.test_partner_ecosystem.TestRoutingRules" name="test_create_routing_rule_margin" time="0.143" /><testcase classname="backend.tests.test_partner_ecosystem.TestRoutingRules" name="test_get_routing_rule_by_id" time="0.132" /><testcase classname="backend.tests.test_partner_ecosystem.TestRoutingRules" name="test_update_routing_rule" time="0.109" /><testcase classname="backend.tests.test_partner_ecosystem.TestRoutingRules" name="test_list_routing_rules_by_country" time="0.113" /><testcase classname="backend.tests.test_partner_ecosystem.TestRoutingRules" name="test_delete_routing_rule" time="0.249" /><testcase classname="backend.tests.test_partner_ecosystem.TestRoutingEndpoint" name="test_routing_no_sku" time="0.512" /><testcase classname="backend.tests.test_partner_ecosystem.TestRoutingEndpoint" name="test_routing_nonexistent_sku" time="0.111" /><testcase classname="backend.tests.test_partner_ecosystem.TestRoutingEndpoint" name="test_routing_success" time="0.115" /><testcase classname="backend.tests.test_partner_ecosystem.TestCleanup" name="test_cleanup_test_partners" time="0.548" /><testcase classname="backend.tests.test_partner_ecosystem.TestCleanup" name="test_cleanup_test_pricing_rules" time="0.241" /><testcase classname="backend.tests.test_partner_ecosystem.TestCleanup" name="test_cleanup_test_routing_rules" time="0.135"><failure message="AttributeError: 'NoneType' object has no attribute 'startswith'">backend/tests/test_partner_ecosystem.py:681: in test_cleanup_test_routing_rules
    if rule.get("category", "").startswith(TEST_PREFIX) or rule.get("notes", "").startswith("Test"):
       ^^^^^^^^^^^^^^^^^^^^^^^^^^^^^^^^^^^
E   AttributeError: 'NoneType' object has no attribute 'startswith'</failure></testcase></testsuite></testsuites>