<?xml version="1.0" encoding="utf-8"?><testsuites name="pytest tests"><testsuite name="pytest" errors="0" failures="1" skipped="0" tests="26" time="6.981" timestamp="2026-04-23T04:39:17.967951+00:00" hostname="agent-env-377db547-79ba-4c4b-b12e-55d780795bc2"><testcase classname="tests.test_session_4" name="test_agreement_admin_stats_and_list" time="0.606" /><testcase classname="tests.test_session_4" name="test_agreement_vendor_endpoints_require_partner_token" time="0.469" /><testcase classname="tests.test_session_4" name="test_impersonate_requires_ops_role" time="0.125" /><testcase classname="tests.test_session_4" name="test_impersonate_unknown_partner_404" time="0.121" /><testcase classname="tests.test_session_4" name="test_impersonate_happy_path_issues_partner_token_and_audits" time="0.501" /><testcase classname="tests.test_session_4" name="test_agreement_sign_validates_and_prevents_double_sign" time="0.788" /><testcase classname="tests.test_session_4_extended.TestAgreementTemplate" name="test_template_has_version_and_eight_clauses" time="0.589" /><testcase classname="tests.test_session_4_extended.TestAgreementTemplate" name="test_status_has_required_fields" time="0.117" /><testcase classname="tests.test_session_4_extended.TestAgreementFieldValidation" name="test_missing_required_field_returns_400[vendor_legal_name]" time="0.112" /><testcase classname="tests.test_session_4_extended.TestAgreementFieldValidation" name="test_missing_required_field_returns_400[vendor_address]" time="0.121" /><testcase classname="tests.test_session_4_extended.TestAgreementFieldValidation" name="test_missing_required_field_returns_400[signatory_title]" time="0.109" /><testcase classname="tests.test_session_4_extended.TestAgreementFieldValidation" name="test_missing_required_field_returns_400[signatory_email]" time="0.109" /><testcase classname="tests.test_session_4_extended.TestAgreementFieldValidation" name="test_empty_signature_text_400" time="0.125" /><testcase classname="tests.test_session_4_extended.TestAgreementFieldValidation" name="test_signature_match_is_case_insensitive" time="0.143" /><testcase classname="tests.test_session_4_extended.TestAgreementFieldValidation" name="test_sign_persists_ip_and_writes_pdf_on_disk" time="0.126" /><testcase classname="tests.test_session_4_extended.TestAgreementFieldValidation" name="test_signed_pdf_is_reachable_via_public_url" time="0.229"><failure message="AssertionError: URL returned non-PDF body (ctype=text/html; charset=utf-8)&#10;assert (False or b'&lt;!do' == b'%PDF'&#10; +  where False = &lt;built-in method startswith of str object at 0xf827293a9430&gt;('application/pdf')&#10; +    where &lt;built-in method startswith of str object at 0xf827293a9430&gt; = 'text/html; charset=utf-8'.startswith&#10; +      where 'text/html; charset=utf-8' = get('content-type', '')&#10; +        where get = Headers({'date': 'Thu, 23 Apr 2026 04:39:22 GMT', 'content-type': 'text/html; charset=utf-8', 'transfer-encoding': 'chunked', 'connection': 'keep-alive', 'cf-ray': '9f0a2f1daaf7381e-ORD', 'cf-cache-status': 'DYNAMIC', 'access-control-allow-origin': '*', 'cache-control': 'no-store, no-cache, must-revalidate', 'server': 'cloudflare', 'vary': 'Accept-Encoding', 'via': '1.1 google', 'access-control-max-age': '300', 'access-control-allow-headers': '*', 'access-control-allow-methods': 'GET, POST, PUT, DELETE, OPTIONS, HEAD, PATCH', 'x-powered-by': 'Express', 'set-cookie': '__cf_bm=v7pXPIjCZ32c8b7V96eTnX91yfzvU5u4KupkD4pkO7k-1776919162.5027728-1.0.1.1-yAZ0KgTdEk9aSYKLeidscIFbkHqjjV01mdQRPoNIpbA5DdEG.14t8s3Wrfr1cqZfspMYxPNsUBGj4XsGKgmKGEY00uRLQ7d5haYIiWy9irVIQsPy4mbXcrIrsaGJUDj3; HttpOnly; Secure; Path=/; Domain=preview.emergentagent.com; Expires=Thu, 23 Apr 2026 05:09:22 GMT', 'x-robots-tag': 'noindex, nofollow', 'content-encoding': 'gzip'}).get&#10; +          where Headers({'date': 'Thu, 23 Apr 2026 04:39:22 GMT', 'content-type': 'text/html; charset=utf-8', 'transfer-encoding': 'chunked', 'connection': 'keep-alive', 'cf-ray': '9f0a2f1daaf7381e-ORD', 'cf-cache-status': 'DYNAMIC', 'access-control-allow-origin': '*', 'cache-control': 'no-store, no-cache, must-revalidate', 'server': 'cloudflare', 'vary': 'Accept-Encoding', 'via': '1.1 google', 'access-control-max-age': '300', 'access-control-allow-headers': '*', 'access-control-allow-methods': 'GET, POST, PUT, DELETE, OPTIONS, HEAD, PATCH', 'x-powered-by': 'Express', 'set-cookie': '__cf_bm=v7pXPIjCZ32c8b7V96eTnX91yfzvU5u4KupkD4pkO7k-1776919162.5027728-1.0.1.1-yAZ0KgTdEk9aSYKLeidscIFbkHqjjV01mdQRPoNIpbA5DdEG.14t8s3Wrfr1cqZfspMYxPNsUBGj4XsGKgmKGEY00uRLQ7d5haYIiWy9irVIQsPy4mbXcrIrsaGJUDj3; HttpOnly; Secure; Path=/; Domain=preview.emergentagent.com; Expires=Thu, 23 Apr 2026 05:09:22 GMT', 'x-robots-tag': 'noindex, nofollow', 'content-encoding': 'gzip'}) = &lt;Response [200 OK]&gt;.headers&#10;  &#10;  At index 0 diff: b'&lt;' != b'%'&#10;  &#10;  Full diff:&#10;  - b'%PDF'&#10;  + b'&lt;!do')">E   AssertionError: URL returned non-PDF body (ctype=text/html; charset=utf-8)
    assert (False or b'&lt;!do' == b'%PDF'
     +  where False = &lt;built-in method startswith of str object at 0xf827293a9430&gt;('application/pdf')
     +    where &lt;built-in method startswith of str object at 0xf827293a9430&gt; = 'text/html; charset=utf-8'.startswith
     +      where 'text/html; charset=utf-8' = get('content-type', '')
     +        where get = Headers({'date': 'Thu, 23 Apr 2026 04:39:22 GMT', 'content-type': 'text/html; charset=utf-8', 'transfer-encoding': 'chunked', 'connection': 'keep-alive', 'cf-ray': '9f0a2f1daaf7381e-ORD', 'cf-cache-status': 'DYNAMIC', 'access-control-allow-origin': '*', 'cache-control': 'no-store, no-cache, must-revalidate', 'server': 'cloudflare', 'vary': 'Accept-Encoding', 'via': '1.1 google', 'access-control-max-age': '300', 'access-control-allow-headers': '*', 'access-control-allow-methods': 'GET, POST, PUT, DELETE, OPTIONS, HEAD, PATCH', 'x-powered-by': 'Express', 'set-cookie': '__cf_bm=v7pXPIjCZ32c8b7V96eTnX91yfzvU5u4KupkD4pkO7k-1776919162.5027728-1.0.1.1-yAZ0KgTdEk9aSYKLeidscIFbkHqjjV01mdQRPoNIpbA5DdEG.14t8s3Wrfr1cqZfspMYxPNsUBGj4XsGKgmKGEY00uRLQ7d5haYIiWy9irVIQsPy4mbXcrIrsaGJUDj3; HttpOnly; Secure; Path=/; Domain=preview.emergentagent.com; Expires=Thu, 23 Apr 2026 05:09:22 GMT', 'x-robots-tag': 'noindex, nofollow', 'content-encoding': 'gzip'}).get
     +          where Headers({'date': 'Thu, 23 Apr 2026 04:39:22 GMT', 'content-type': 'text/html; charset=utf-8', 'transfer-encoding': 'chunked', 'connection': 'keep-alive', 'cf-ray': '9f0a2f1daaf7381e-ORD', 'cf-cache-status': 'DYNAMIC', 'access-control-allow-origin': '*', 'cache-control': 'no-store, no-cache, must-revalidate', 'server': 'cloudflare', 'vary': 'Accept-Encoding', 'via': '1.1 google', 'access-control-max-age': '300', 'access-control-allow-headers': '*', 'access-control-allow-methods': 'GET, POST, PUT, DELETE, OPTIONS, HEAD, PATCH', 'x-powered-by': 'Express', 'set-cookie': '__cf_bm=v7pXPIjCZ32c8b7V96eTnX91yfzvU5u4KupkD4pkO7k-1776919162.5027728-1.0.1.1-yAZ0KgTdEk9aSYKLeidscIFbkHqjjV01mdQRPoNIpbA5DdEG.14t8s3Wrfr1cqZfspMYxPNsUBGj4XsGKgmKGEY00uRLQ7d5haYIiWy9irVIQsPy4mbXcrIrsaGJUDj3; HttpOnly; Secure; Path=/; Domain=preview.emergentagent.com; Expires=Thu, 23 Apr 2026 05:09:22 GMT', 'x-robots-tag': 'noindex, nofollow', 'content-encoding': 'gzip'}) = &lt;Response [200 OK]&gt;.headers
      
      At index 0 diff: b'&lt;' != b'%'
      
      Full diff:
      - b'%PDF'
      + b'&lt;!do')</failure></testcase><testcase classname="tests.test_session_4_extended.TestAdminAgreementList" name="test_stats_shape_and_coverage_within_0_100" time="0.112" /><testcase classname="tests.test_session_4_extended.TestAdminAgreementList" name="test_admin_list_excludes_mongo_objectid_and_includes_vendor_display" time="0.113" /><testcase classname="tests.test_session_4_extended.TestAdminAgreementList" name="test_admin_list_status_filter" time="0.120" /><testcase classname="tests.test_session_4_extended.TestImpersonationEdgeCases" name="test_impersonate_partner_without_active_user_returns_400" time="0.122" /><testcase classname="tests.test_session_4_extended.TestImpersonationEdgeCases" name="test_impersonation_log_end_sets_ended_at_and_duration" time="1.579" /><testcase classname="tests.test_session_4_extended.TestImpersonationEdgeCases" name="test_impersonation_token_is_partner_token" time="0.125" /><testcase classname="tests.test_session_4_extended.TestImpersonationEdgeCases" name="test_impersonation_log_requires_auth" time="0.113" /><testcase classname="tests.test_session_4_extended.TestImpersonationEdgeCases" name="test_impersonation_log_rejects_partner_token" time="0.104" /><testcase classname="tests.test_session_4_extended.TestAdminNavConfig" name="test_nav_contains_vendor_agreements_under_payments_finance" time="0.000" /><testcase classname="tests.test_session_4_extended.TestAdminNavConfig" name="test_nav_contains_impersonation_log_under_people_control" time="0.000" /></testsuite></testsuites>