<?xml version="1.0" encoding="utf-8"?><testsuites name="pytest tests"><testsuite name="pytest" errors="0" failures="0" skipped="0" tests="14" time="5.406" timestamp="2026-03-30T09:25:42.303807+00:00" hostname="agent-env-b1e19c60-3a19-4e32-acf2-937ed2535c54"><testcase classname="backend.tests.test_launch_verification_v141.TestCustomerJourney" name="test_e2e1_customer_login" time="0.385" /><testcase classname="backend.tests.test_launch_verification_v141.TestCustomerJourney" name="test_e2e2_customer_browse_products" time="0.103" /><testcase classname="backend.tests.test_launch_verification_v141.TestCustomerJourney" name="test_e2e3_customer_invoices_payer_name" time="0.185" /><testcase classname="backend.tests.test_launch_verification_v141.TestCustomerJourney" name="test_e2e4_customer_orders_with_sales_contact" time="0.150" /><testcase classname="backend.tests.test_launch_verification_v141.TestCustomerJourney" name="test_e2e5_customer_notifications" time="0.100" /><testcase classname="backend.tests.test_launch_verification_v141.TestStripeCheckout" name="test_e2e6_stripe_checkout_returns_valid_url" time="1.104" /><testcase classname="backend.tests.test_launch_verification_v141.TestAdminJourney" name="test_e2e7_admin_orders_list" time="0.539" /><testcase classname="backend.tests.test_launch_verification_v141.TestAdminJourney" name="test_e2e8_admin_order_detail" time="0.256" /><testcase classname="backend.tests.test_launch_verification_v141.TestAdminJourney" name="test_e2e9_admin_payments_queue" time="0.114" /><testcase classname="backend.tests.test_launch_verification_v141.TestAdminJourney" name="test_e2e10_admin_approval_flow" time="0.220" /><testcase classname="backend.tests.test_launch_verification_v141.TestVendorJourney" name="test_e2e11_vendor_orders_privacy" time="0.438" /><testcase classname="backend.tests.test_launch_verification_v141.TestGoLiveReadiness" name="test_e2e13_go_live_readiness" time="0.443" /><testcase classname="backend.tests.test_launch_verification_v141.TestCustomerSidebarNavigation" name="test_e2e12_customer_routes" time="0.764" /><testcase classname="backend.tests.test_launch_verification_v141.TestFreshDataPayerName" name="test_fresh_data_payer_name" time="0.491" /></testsuite></testsuites>