<?xml version="1.0" encoding="utf-8"?><testsuites name="pytest tests"><testsuite name="pytest" errors="0" failures="2" skipped="0" tests="10" time="3.369" timestamp="2026-04-12T10:24:39.700368+00:00" hostname="agent-env-377db547-79ba-4c4b-b12e-55d780795bc2"><testcase classname="backend.tests.test_category_standardization_v279.TestCategoriesAPI" name="test_categories_endpoint_returns_200" time="0.199" /><testcase classname="backend.tests.test_category_standardization_v279.TestCategoriesAPI" name="test_categories_has_categories_array" time="0.141" /><testcase classname="backend.tests.test_category_standardization_v279.TestCategoriesAPI" name="test_categories_have_subcategories" time="0.102" /><testcase classname="backend.tests.test_category_standardization_v279.TestCategoriesAPI" name="test_no_uncategorized_in_categories" time="0.111" /><testcase classname="backend.tests.test_category_standardization_v279.TestAdminAuth" name="test_admin_login_success" time="0.329" /><testcase classname="backend.tests.test_category_standardization_v279.TestWeeklyDigest" name="test_weekly_digest_snapshot" time="0.556" /><testcase classname="backend.tests.test_category_standardization_v279.TestWeeklyDigest" name="test_weekly_digest_revenue_breakdown_no_uncategorized" time="0.445" /><testcase classname="backend.tests.test_category_standardization_v279.TestBrandingSettings" name="test_branding_settings_get" time="0.462"><failure message="AssertionError: Branding settings GET failed: 404&#10;assert 404 == 200&#10; +  where 404 = &lt;Response [404]&gt;.status_code">backend/tests/test_category_standardization_v279.py:141: in test_branding_settings_get
    assert response.status_code == 200, f"Branding settings GET failed: {response.status_code}"
E   AssertionError: Branding settings GET failed: 404
E   assert 404 == 200
E    +  where 404 = &lt;Response [404]&gt;.status_code</failure></testcase><testcase classname="backend.tests.test_category_standardization_v279.TestInventoryAPI" name="test_inventory_items_get" time="0.434"><failure message="AssertionError: Inventory GET failed: 404&#10;assert 404 == 200&#10; +  where 404 = &lt;Response [404]&gt;.status_code">backend/tests/test_category_standardization_v279.py:163: in test_inventory_items_get
    assert response.status_code == 200, f"Inventory GET failed: {response.status_code}"
E   AssertionError: Inventory GET failed: 404
E   assert 404 == 200
E    +  where 404 = &lt;Response [404]&gt;.status_code</failure></testcase><testcase classname="backend.tests.test_category_standardization_v279.TestPartnerListingsAPI" name="test_partner_listings_get" time="0.450" /></testsuite></testsuites>