<?xml version="1.0" encoding="utf-8"?><testsuites name="pytest tests"><testsuite name="pytest" errors="0" failures="0" skipped="0" tests="14" time="2.648" timestamp="2026-04-08T10:14:41.731793+00:00" hostname="agent-env-377db547-79ba-4c4b-b12e-55d780795bc2"><testcase classname="backend.tests.test_checkout_promotion_integration_v200.TestProductSearchPromoEnrichment" name="test_search_returns_products" time="0.308" /><testcase classname="backend.tests.test_checkout_promotion_integration_v200.TestProductSearchPromoEnrichment" name="test_products_have_promotion_field" time="0.114" /><testcase classname="backend.tests.test_checkout_promotion_integration_v200.TestProductSearchPromoEnrichment" name="test_promo_eligible_products_have_promo_data" time="0.123" /><testcase classname="backend.tests.test_checkout_promotion_integration_v200.TestSingleProductPromoEnrichment" name="test_get_product_by_id" time="0.230" /><testcase classname="backend.tests.test_checkout_promotion_integration_v200.TestPublicListingPromoEnrichment" name="test_listing_has_promotion_field" time="0.314" /><testcase classname="backend.tests.test_checkout_promotion_integration_v200.TestPublicListingPromoEnrichment" name="test_related_products_have_promotion" time="0.207" /><testcase classname="backend.tests.test_checkout_promotion_integration_v200.TestPublicCheckoutPromoResolution" name="test_checkout_with_promo_product" time="0.315" /><testcase classname="backend.tests.test_checkout_promotion_integration_v200.TestPublicCheckoutPromoResolution" name="test_checkout_order_items_have_promo_fields" time="0.246" /><testcase classname="backend.tests.test_checkout_promotion_integration_v200.TestPromotionEngineEndpoints" name="test_get_active_promotions" time="0.108" /><testcase classname="backend.tests.test_checkout_promotion_integration_v200.TestPromotionEngineEndpoints" name="test_preview_with_defaults_safe_promo" time="0.125" /><testcase classname="backend.tests.test_checkout_promotion_integration_v200.TestPromotionEngineEndpoints" name="test_preview_with_defaults_unsafe_promo" time="0.111" /><testcase classname="backend.tests.test_checkout_promotion_integration_v200.TestPromotionPriceCalculation" name="test_5_percent_discount_calculation" time="0.104" /><testcase classname="backend.tests.test_checkout_promotion_integration_v200.TestZeroPriceProductsNoPromo" name="test_zero_price_products_have_null_promotion" time="0.119" /><testcase classname="backend.tests.test_checkout_promotion_integration_v200.TestPromotionListEndpoint" name="test_list_promotions" time="0.106" /></testsuite></testsuites>