<?xml version="1.0" encoding="utf-8"?><testsuites name="pytest tests"><testsuite name="pytest" errors="0" failures="0" skipped="0" tests="24" time="3.875" timestamp="2026-04-14T07:16:28.252580+00:00" hostname="agent-env-377db547-79ba-4c4b-b12e-55d780795bc2"><testcase classname="tests.test_sales_promo_email_engine_v302.TestSalesPromoCodeSystem" name="test_get_my_promo_code" time="0.490" /><testcase classname="tests.test_sales_promo_email_engine_v302.TestSalesPromoCodeSystem" name="test_validate_code_availability" time="0.103" /><testcase classname="tests.test_sales_promo_email_engine_v302.TestSalesPromoCodeSystem" name="test_validate_code_invalid_format" time="0.097" /><testcase classname="tests.test_sales_promo_email_engine_v302.TestSalesPromoCodeSystem" name="test_validate_existing_affiliate_code" time="0.114" /><testcase classname="tests.test_sales_promo_email_engine_v302.TestSalesPromoCodeSystem" name="test_get_sales_campaigns" time="0.106" /><testcase classname="tests.test_sales_promo_email_engine_v302.TestSalesPromoCodeSystem" name="test_create_promo_code_requires_auth" time="0.089" /><testcase classname="tests.test_sales_promo_email_engine_v302.TestUnifiedCreativeGenerator" name="test_affiliate_campaigns_endpoint" time="0.441" /><testcase classname="tests.test_sales_promo_email_engine_v302.TestUnifiedCreativeGenerator" name="test_affiliate_campaigns_have_promo_code" time="0.097" /><testcase classname="tests.test_sales_promo_email_engine_v302.TestCanonicalEmailEngine" name="test_email_preview_payment_submitted" time="0.442" /><testcase classname="tests.test_sales_promo_email_engine_v302.TestCanonicalEmailEngine" name="test_email_preview_payment_approved" time="0.099" /><testcase classname="tests.test_sales_promo_email_engine_v302.TestCanonicalEmailEngine" name="test_email_preview_order_completed" time="0.099" /><testcase classname="tests.test_sales_promo_email_engine_v302.TestCanonicalEmailEngine" name="test_email_preview_group_deal_successful" time="0.110" /><testcase classname="tests.test_sales_promo_email_engine_v302.TestCanonicalEmailEngine" name="test_email_preview_affiliate_approved" time="0.110" /><testcase classname="tests.test_sales_promo_email_engine_v302.TestCanonicalEmailEngine" name="test_get_email_triggers" time="0.114" /><testcase classname="tests.test_sales_promo_email_engine_v302.TestSettingsHubEmailConfig" name="test_get_settings_hub" time="0.104" /><testcase classname="tests.test_sales_promo_email_engine_v302.TestSettingsHubEmailConfig" name="test_email_triggers_separate_endpoint" time="0.103" /><testcase classname="tests.test_sales_promo_email_engine_v302.TestSettingsHubEmailConfig" name="test_update_settings_hub" time="0.211" /><testcase classname="tests.test_sales_promo_email_engine_v302.TestEmailDispatchHooks" name="test_payment_proof_submit_endpoint_exists" time="0.105" /><testcase classname="tests.test_sales_promo_email_engine_v302.TestEmailDispatchHooks" name="test_payment_proof_approve_endpoint_exists" time="0.109" /><testcase classname="tests.test_sales_promo_email_engine_v302.TestEmailDispatchHooks" name="test_order_status_update_endpoint_exists" time="0.098" /><testcase classname="tests.test_sales_promo_email_engine_v302.TestEmailDispatchHooks" name="test_affiliate_approve_endpoint_exists" time="0.101" /><testcase classname="tests.test_sales_promo_email_engine_v302.TestEmailSentLogRateLimit" name="test_email_triggers_endpoint_accessible" time="0.106" /><testcase classname="tests.test_sales_promo_email_engine_v302.TestSalesPromoCodeValidation" name="test_code_length_validation" time="0.200" /><testcase classname="tests.test_sales_promo_email_engine_v302.TestSalesPromoCodeValidation" name="test_code_format_validation" time="0.103" /></testsuite></testsuites>