<?xml version="1.0" encoding="utf-8"?><testsuites name="pytest tests"><testsuite name="pytest" errors="0" failures="0" skipped="0" tests="23" time="4.643" timestamp="2026-04-02T07:19:40.511938+00:00" hostname="agent-env-377db547-79ba-4c4b-b12e-55d780795bc2"><testcase classname="backend.tests.test_portfolio_reactivation_v170.TestSalesPortfolioEndpoints" name="test_get_my_portfolio_returns_data" time="0.634" /><testcase classname="backend.tests.test_portfolio_reactivation_v170.TestSalesPortfolioEndpoints" name="test_portfolio_client_classification" time="0.172" /><testcase classname="backend.tests.test_portfolio_reactivation_v170.TestSalesPortfolioEndpoints" name="test_get_my_reactivation_tasks" time="0.103" /><testcase classname="backend.tests.test_portfolio_reactivation_v170.TestSalesPortfolioEndpoints" name="test_generate_reactivation_tasks_idempotent" time="0.233" /><testcase classname="backend.tests.test_portfolio_reactivation_v170.TestTaskOutcomeUpdate" name="test_update_task_status_and_outcome" time="0.240" /><testcase classname="backend.tests.test_portfolio_reactivation_v170.TestTaskOutcomeUpdate" name="test_update_task_with_no_response_outcome" time="0.202" /><testcase classname="backend.tests.test_portfolio_reactivation_v170.TestTaskOutcomeUpdate" name="test_update_task_with_not_interested_outcome" time="0.239" /><testcase classname="backend.tests.test_portfolio_reactivation_v170.TestTaskOutcomeUpdate" name="test_update_task_with_lost_outcome" time="0.221" /><testcase classname="backend.tests.test_portfolio_reactivation_v170.TestAdminPortfolioEndpoints" name="test_admin_portfolio_overview" time="0.470" /><testcase classname="backend.tests.test_portfolio_reactivation_v170.TestAdminPortfolioEndpoints" name="test_admin_get_specific_owner_portfolio" time="0.126" /><testcase classname="backend.tests.test_portfolio_reactivation_v170.TestAdminPortfolioEndpoints" name="test_admin_generate_tasks_for_owner" time="0.117" /><testcase classname="backend.tests.test_portfolio_reactivation_v170.TestAccessControl" name="test_customer_cannot_access_sales_portfolio" time="0.434" /><testcase classname="backend.tests.test_portfolio_reactivation_v170.TestAccessControl" name="test_customer_cannot_access_sales_tasks" time="0.099" /><testcase classname="backend.tests.test_portfolio_reactivation_v170.TestAccessControl" name="test_customer_cannot_access_admin_portfolio_overview" time="0.180" /><testcase classname="backend.tests.test_portfolio_reactivation_v170.TestAccessControl" name="test_customer_cannot_access_admin_owner_portfolio" time="0.094" /><testcase classname="backend.tests.test_portfolio_reactivation_v170.TestAccessControl" name="test_sales_cannot_access_admin_portfolio_overview" time="0.134" /><testcase classname="backend.tests.test_portfolio_reactivation_v170.TestRegressionClientOwnership" name="test_client_ownership_stats_still_works" time="0.116" /><testcase classname="backend.tests.test_portfolio_reactivation_v170.TestRegressionClientOwnership" name="test_companies_list_still_works" time="0.131" /><testcase classname="backend.tests.test_portfolio_reactivation_v170.TestRegressionClientOwnership" name="test_individuals_list_still_works" time="0.105" /><testcase classname="backend.tests.test_portfolio_reactivation_v170.TestRegressionSalesPerformance" name="test_sales_performance_team_includes_portfolio" time="0.115" /><testcase classname="backend.tests.test_portfolio_reactivation_v170.TestRegressionSalesPerformance" name="test_my_performance_still_works" time="0.109" /><testcase classname="backend.tests.test_portfolio_reactivation_v170.TestPortfolioDataIntegrity" name="test_portfolio_buckets_sum_equals_total" time="0.127" /><testcase classname="backend.tests.test_portfolio_reactivation_v170.TestPortfolioDataIntegrity" name="test_portfolio_clients_count_matches_total" time="0.118" /></testsuite></testsuites>