<?xml version="1.0" encoding="utf-8"?><testsuites name="pytest tests"><testsuite name="pytest" errors="12" failures="0" skipped="0" tests="13" time="2.257" timestamp="2026-04-13T15:43:30.921767+00:00" hostname="agent-env-377db547-79ba-4c4b-b12e-55d780795bc2"><testcase classname="backend.tests.test_performance_kpi_v297.TestPerformanceKPIDashboard" name="test_dashboard_endpoint_returns_200" time="0.607" /><testcase classname="backend.tests.test_performance_kpi_v297.TestPerformanceKPIDashboard" name="test_dashboard_has_required_fields" time="0.106"><error message="failed on setup with &quot;AssertionError: Admin login failed: {&quot;detail&quot;:&quot;Too many login attempts. Please try again later.&quot;}&#10;assert 429 == 200&#10; +  where 429 = &lt;Response [429]&gt;.status_code&quot;">backend/tests/test_performance_kpi_v297.py:31: in setup
    assert login_resp.status_code == 200, f"Admin login failed: {login_resp.text}"
E   AssertionError: Admin login failed: {"detail":"Too many login attempts. Please try again later."}
E   assert 429 == 200
E    +  where 429 = &lt;Response [429]&gt;.status_code</error></testcase><testcase classname="backend.tests.test_performance_kpi_v297.TestPerformanceKPIDashboard" name="test_kpi_strip_structure" time="0.123"><error message="failed on setup with &quot;AssertionError: Admin login failed: {&quot;detail&quot;:&quot;Too many login attempts. Please try again later.&quot;}&#10;assert 429 == 200&#10; +  where 429 = &lt;Response [429]&gt;.status_code&quot;">backend/tests/test_performance_kpi_v297.py:31: in setup
    assert login_resp.status_code == 200, f"Admin login failed: {login_resp.text}"
E   AssertionError: Admin login failed: {"detail":"Too many login attempts. Please try again later."}
E   assert 429 == 200
E    +  where 429 = &lt;Response [429]&gt;.status_code</error></testcase><testcase classname="backend.tests.test_performance_kpi_v297.TestPerformanceKPIDashboard" name="test_channels_structure" time="0.119"><error message="failed on setup with &quot;AssertionError: Admin login failed: {&quot;detail&quot;:&quot;Too many login attempts. Please try again later.&quot;}&#10;assert 429 == 200&#10; +  where 429 = &lt;Response [429]&gt;.status_code&quot;">backend/tests/test_performance_kpi_v297.py:31: in setup
    assert login_resp.status_code == 200, f"Admin login failed: {login_resp.text}"
E   AssertionError: Admin login failed: {"detail":"Too many login attempts. Please try again later."}
E   assert 429 == 200
E    +  where 429 = &lt;Response [429]&gt;.status_code</error></testcase><testcase classname="backend.tests.test_performance_kpi_v297.TestPerformanceKPIDashboard" name="test_sales_leaderboard_profit_first" time="0.147"><error message="failed on setup with &quot;AssertionError: Admin login failed: {&quot;detail&quot;:&quot;Too many login attempts. Please try again later.&quot;}&#10;assert 429 == 200&#10; +  where 429 = &lt;Response [429]&gt;.status_code&quot;">backend/tests/test_performance_kpi_v297.py:31: in setup
    assert login_resp.status_code == 200, f"Admin login failed: {login_resp.text}"
E   AssertionError: Admin login failed: {"detail":"Too many login attempts. Please try again later."}
E   assert 429 == 200
E    +  where 429 = &lt;Response [429]&gt;.status_code</error></testcase><testcase classname="backend.tests.test_performance_kpi_v297.TestPerformanceKPIDashboard" name="test_affiliate_leaderboard_earnings_only" time="0.111"><error message="failed on setup with &quot;AssertionError: Admin login failed: {&quot;detail&quot;:&quot;Too many login attempts. Please try again later.&quot;}&#10;assert 429 == 200&#10; +  where 429 = &lt;Response [429]&gt;.status_code&quot;">backend/tests/test_performance_kpi_v297.py:31: in setup
    assert login_resp.status_code == 200, f"Admin login failed: {login_resp.text}"
E   AssertionError: Admin login failed: {"detail":"Too many login attempts. Please try again later."}
E   assert 429 == 200
E    +  where 429 = &lt;Response [429]&gt;.status_code</error></testcase><testcase classname="backend.tests.test_performance_kpi_v297.TestPerformanceKPIDashboard" name="test_actions_panel_structure" time="0.131"><error message="failed on setup with &quot;AssertionError: Admin login failed: {&quot;detail&quot;:&quot;Too many login attempts. Please try again later.&quot;}&#10;assert 429 == 200&#10; +  where 429 = &lt;Response [429]&gt;.status_code&quot;">backend/tests/test_performance_kpi_v297.py:31: in setup
    assert login_resp.status_code == 200, f"Admin login failed: {login_resp.text}"
E   AssertionError: Admin login failed: {"detail":"Too many login attempts. Please try again later."}
E   assert 429 == 200
E    +  where 429 = &lt;Response [429]&gt;.status_code</error></testcase><testcase classname="backend.tests.test_performance_kpi_v297.TestPerformanceKPIDashboard" name="test_month_year_filter" time="0.108"><error message="failed on setup with &quot;AssertionError: Admin login failed: {&quot;detail&quot;:&quot;Too many login attempts. Please try again later.&quot;}&#10;assert 429 == 200&#10; +  where 429 = &lt;Response [429]&gt;.status_code&quot;">backend/tests/test_performance_kpi_v297.py:31: in setup
    assert login_resp.status_code == 200, f"Admin login failed: {login_resp.text}"
E   AssertionError: Admin login failed: {"detail":"Too many login attempts. Please try again later."}
E   assert 429 == 200
E    +  where 429 = &lt;Response [429]&gt;.status_code</error></testcase><testcase classname="backend.tests.test_performance_kpi_v297.TestPerformanceKPIDashboard" name="test_month_year_filter_different_month" time="0.170"><error message="failed on setup with &quot;AssertionError: Admin login failed: {&quot;detail&quot;:&quot;Too many login attempts. Please try again later.&quot;}&#10;assert 429 == 200&#10; +  where 429 = &lt;Response [429]&gt;.status_code&quot;">backend/tests/test_performance_kpi_v297.py:31: in setup
    assert login_resp.status_code == 200, f"Admin login failed: {login_resp.text}"
E   AssertionError: Admin login failed: {"detail":"Too many login attempts. Please try again later."}
E   assert 429 == 200
E    +  where 429 = &lt;Response [429]&gt;.status_code</error></testcase><testcase classname="backend.tests.test_performance_kpi_v297.TestPerformanceKPIDashboard" name="test_targets_in_response" time="0.104"><error message="failed on setup with &quot;AssertionError: Admin login failed: {&quot;detail&quot;:&quot;Too many login attempts. Please try again later.&quot;}&#10;assert 429 == 200&#10; +  where 429 = &lt;Response [429]&gt;.status_code&quot;">backend/tests/test_performance_kpi_v297.py:31: in setup
    assert login_resp.status_code == 200, f"Admin login failed: {login_resp.text}"
E   AssertionError: Admin login failed: {"detail":"Too many login attempts. Please try again later."}
E   assert 429 == 200
E    +  where 429 = &lt;Response [429]&gt;.status_code</error></testcase><testcase classname="backend.tests.test_performance_kpi_v297.TestPerformanceKPIDashboard" name="test_unauthorized_access_rejected" time="0.115"><error message="failed on setup with &quot;AssertionError: Admin login failed: {&quot;detail&quot;:&quot;Too many login attempts. Please try again later.&quot;}&#10;assert 429 == 200&#10; +  where 429 = &lt;Response [429]&gt;.status_code&quot;">backend/tests/test_performance_kpi_v297.py:31: in setup
    assert login_resp.status_code == 200, f"Admin login failed: {login_resp.text}"
E   AssertionError: Admin login failed: {"detail":"Too many login attempts. Please try again later."}
E   assert 429 == 200
E    +  where 429 = &lt;Response [429]&gt;.status_code</error></testcase><testcase classname="backend.tests.test_performance_kpi_v297.TestSettingsHubPerformanceTargets" name="test_settings_hub_has_performance_targets" time="0.129"><error message="failed on setup with &quot;assert 429 == 200&#10; +  where 429 = &lt;Response [429]&gt;.status_code&quot;">backend/tests/test_performance_kpi_v297.py:228: in setup
    assert login_resp.status_code == 200
E   assert 429 == 200
E    +  where 429 = &lt;Response [429]&gt;.status_code</error></testcase><testcase classname="backend.tests.test_performance_kpi_v297.TestSettingsHubPerformanceTargets" name="test_settings_hub_update_performance_targets" time="0.121"><error message="failed on setup with &quot;assert 429 == 200&#10; +  where 429 = &lt;Response [429]&gt;.status_code&quot;">backend/tests/test_performance_kpi_v297.py:228: in setup
    assert login_resp.status_code == 200
E   assert 429 == 200
E    +  where 429 = &lt;Response [429]&gt;.status_code</error></testcase></testsuite></testsuites>