<?xml version="1.0" encoding="utf-8"?><testsuites name="pytest tests"><testsuite name="pytest" errors="0" failures="0" skipped="0" tests="13" time="4.027" timestamp="2026-04-09T13:27:14.544350+00:00" hostname="agent-env-377db547-79ba-4c4b-b12e-55d780795bc2"><testcase classname="backend.tests.test_rating_leaderboard_governance_v227.TestDiscountGovernanceSettings" name="test_get_settings_hub_returns_discount_governance" time="0.568" /><testcase classname="backend.tests.test_rating_leaderboard_governance_v227.TestDiscountGovernanceSettings" name="test_update_discount_governance_settings" time="0.462" /><testcase classname="backend.tests.test_rating_leaderboard_governance_v227.TestCustomerOrderRating" name="test_rate_order_rejects_invalid_stars" time="0.572" /><testcase classname="backend.tests.test_rating_leaderboard_governance_v227.TestCustomerOrderRating" name="test_rate_order_rejects_duplicate" time="0.125" /><testcase classname="backend.tests.test_rating_leaderboard_governance_v227.TestCustomerOrderRating" name="test_rate_order_requires_auth" time="0.118" /><testcase classname="backend.tests.test_rating_leaderboard_governance_v227.TestSalesDashboardRatingKPI" name="test_sales_dashboard_returns_rating_data" time="0.533" /><testcase classname="backend.tests.test_rating_leaderboard_governance_v227.TestSalesDashboardRatingKPI" name="test_sales_dashboard_returns_leaderboard" time="0.127" /><testcase classname="backend.tests.test_rating_leaderboard_governance_v227.TestSalesDashboardRatingKPI" name="test_leaderboard_sorted_by_deals_descending" time="0.109" /><testcase classname="backend.tests.test_rating_leaderboard_governance_v227.TestSalesDashboardRatingKPI" name="test_leaderboard_has_correct_ranks" time="0.120" /><testcase classname="backend.tests.test_rating_leaderboard_governance_v227.TestCustomerOrdersEndpoint" name="test_get_customer_orders" time="0.106" /><testcase classname="backend.tests.test_rating_leaderboard_governance_v227.TestAuthEndpoints" name="test_admin_login" time="0.325" /><testcase classname="backend.tests.test_rating_leaderboard_governance_v227.TestAuthEndpoints" name="test_staff_login" time="0.418" /><testcase classname="backend.tests.test_rating_leaderboard_governance_v227.TestAuthEndpoints" name="test_customer_login" time="0.329" /></testsuite></testsuites>