<?xml version="1.0" encoding="utf-8"?><testsuites name="pytest tests"><testsuite name="pytest" errors="0" failures="0" skipped="0" tests="6" time="2.830" timestamp="2026-04-23T04:36:13.818143+00:00" hostname="agent-env-377db547-79ba-4c4b-b12e-55d780795bc2"><testcase classname="tests.test_session_4" name="test_agreement_admin_stats_and_list" time="0.636" /><testcase classname="tests.test_session_4" name="test_agreement_vendor_endpoints_require_partner_token" time="0.463" /><testcase classname="tests.test_session_4" name="test_impersonate_requires_ops_role" time="0.107" /><testcase classname="tests.test_session_4" name="test_impersonate_unknown_partner_404" time="0.107" /><testcase classname="tests.test_session_4" name="test_impersonate_happy_path_issues_partner_token_and_audits" time="0.524" /><testcase classname="tests.test_session_4" name="test_agreement_sign_validates_and_prevents_double_sign" time="0.819" /></testsuite></testsuites>