<?xml version="1.0" encoding="utf-8"?><testsuites name="pytest tests"><testsuite name="pytest" errors="0" failures="0" skipped="0" tests="20" time="3.517" timestamp="2026-04-16T11:39:13.982102+00:00" hostname="agent-env-377db547-79ba-4c4b-b12e-55d780795bc2"><testcase classname="backend.tests.test_vendor_ops_affiliates_groupdeals_bulkimport_v323.TestVendorOpsOrdersTab" name="test_orders_ops_endpoint_returns_200" time="0.675" /><testcase classname="backend.tests.test_vendor_ops_affiliates_groupdeals_bulkimport_v323.TestVendorOpsOrdersTab" name="test_orders_ops_returns_array_or_orders_key" time="0.334" /><testcase classname="backend.tests.test_vendor_ops_affiliates_groupdeals_bulkimport_v323.TestVendorOpsOrdersTab" name="test_orders_ops_with_status_filter" time="0.131" /><testcase classname="backend.tests.test_vendor_ops_affiliates_groupdeals_bulkimport_v323.TestVendorOpsOrdersTab" name="test_orders_ops_order_structure" time="0.323" /><testcase classname="backend.tests.test_vendor_ops_affiliates_groupdeals_bulkimport_v323.TestAffiliatesAdminForm" name="test_get_affiliates_returns_200" time="0.155" /><testcase classname="backend.tests.test_vendor_ops_affiliates_groupdeals_bulkimport_v323.TestAffiliatesAdminForm" name="test_create_affiliate_with_new_fields" time="0.150" /><testcase classname="backend.tests.test_vendor_ops_affiliates_groupdeals_bulkimport_v323.TestAffiliatesAdminForm" name="test_affiliates_list_has_expected_fields" time="0.109" /><testcase classname="backend.tests.test_vendor_ops_affiliates_groupdeals_bulkimport_v323.TestAffiliateWithdrawals" name="test_get_withdrawals_returns_200" time="0.119" /><testcase classname="backend.tests.test_vendor_ops_affiliates_groupdeals_bulkimport_v323.TestGroupDealsWizard" name="test_get_campaigns_returns_200" time="0.126" /><testcase classname="backend.tests.test_vendor_ops_affiliates_groupdeals_bulkimport_v323.TestGroupDealsWizard" name="test_product_search_for_wizard" time="0.113" /><testcase classname="backend.tests.test_vendor_ops_affiliates_groupdeals_bulkimport_v323.TestGroupDealsWizard" name="test_create_campaign_with_wizard_fields" time="0.111" /><testcase classname="backend.tests.test_vendor_ops_affiliates_groupdeals_bulkimport_v323.TestGroupDealsWizard" name="test_campaign_has_margin_calculation" time="0.130" /><testcase classname="backend.tests.test_vendor_ops_affiliates_groupdeals_bulkimport_v323.TestBulkImport" name="test_catalog_workspace_stats" time="0.122" /><testcase classname="backend.tests.test_vendor_ops_affiliates_groupdeals_bulkimport_v323.TestBulkImport" name="test_bulk_import_csv" time="0.109" /><testcase classname="backend.tests.test_vendor_ops_affiliates_groupdeals_bulkimport_v323.TestBulkImport" name="test_bulk_import_validates_required_name" time="0.099" /><testcase classname="backend.tests.test_vendor_ops_affiliates_groupdeals_bulkimport_v323.TestBulkImport" name="test_bulk_import_detects_duplicates" time="0.117" /><testcase classname="backend.tests.test_vendor_ops_affiliates_groupdeals_bulkimport_v323.TestVendorOpsPageStructure" name="test_vendor_ops_dashboard_stats" time="0.121" /><testcase classname="backend.tests.test_vendor_ops_affiliates_groupdeals_bulkimport_v323.TestVendorOpsPageStructure" name="test_vendor_ops_vendors_list" time="0.108" /><testcase classname="backend.tests.test_vendor_ops_affiliates_groupdeals_bulkimport_v323.TestVendorOpsPageStructure" name="test_vendor_ops_products_list" time="0.118" /><testcase classname="backend.tests.test_vendor_ops_affiliates_groupdeals_bulkimport_v323.TestVendorOpsPageStructure" name="test_vendor_ops_price_requests" time="0.113" /></testsuite></testsuites>