<?xml version="1.0" encoding="utf-8"?><testsuites name="pytest tests"><testsuite name="pytest" errors="0" failures="0" skipped="0" tests="8" time="2.916" timestamp="2026-04-15T09:28:32.947784+00:00" hostname="agent-env-377db547-79ba-4c4b-b12e-55d780795bc2"><testcase classname="backend.tests.test_payments_category_groupdeals_v312.TestPaymentsGovernanceCheckout" name="test_product_checkout_creates_only_checkout_and_invoice_no_order" time="0.558" /><testcase classname="backend.tests.test_payments_category_groupdeals_v312.TestPaymentsGovernanceCheckout" name="test_product_checkout_validation_errors" time="0.157" /><testcase classname="backend.tests.test_payments_category_groupdeals_v312.TestCommercialFlowCheckout" name="test_commercial_flow_checkout_creates_only_checkout_and_invoice_no_order" time="0.115" /><testcase classname="backend.tests.test_payments_category_groupdeals_v312.TestCatalogConfigCategories" name="test_catalog_config_returns_rich_category_objects" time="0.392" /><testcase classname="backend.tests.test_payments_category_groupdeals_v312.TestCatalogConfigCategories" name="test_catalog_config_normalizes_legacy_string_categories" time="0.431" /><testcase classname="backend.tests.test_payments_category_groupdeals_v312.TestPaymentApprovalCreatesOrder" name="test_full_flow_order_created_only_after_approval" time="0.324" /><testcase classname="backend.tests.test_payments_category_groupdeals_v312.TestSettingsHubCatalogCategories" name="test_settings_hub_returns_catalog_with_categories" time="0.396" /><testcase classname="backend.tests.test_payments_category_groupdeals_v312.TestVendorOpsSettingsTab" name="test_settings_hub_has_vendor_ops_section" time="0.425" /></testsuite></testsuites>