<?xml version="1.0" encoding="utf-8"?><testsuites name="pytest tests"><testsuite name="pytest" errors="0" failures="0" skipped="0" tests="18" time="3.283" timestamp="2026-03-17T10:53:24.037203+00:00" hostname="agent-env-a63fe27e-17d8-4bdf-960b-da342e2d4157"><testcase classname="tests.test_prelaunch_operational_pack.TestCommissionRulesCRUD" name="test_list_commission_rules" time="0.530" /><testcase classname="tests.test_prelaunch_operational_pack.TestCommissionRulesCRUD" name="test_create_commission_rule" time="0.102" /><testcase classname="tests.test_prelaunch_operational_pack.TestCommissionRulesCRUD" name="test_get_commission_rule" time="0.130" /><testcase classname="tests.test_prelaunch_operational_pack.TestCommissionRulesCRUD" name="test_update_commission_rule" time="0.214" /><testcase classname="tests.test_prelaunch_operational_pack.TestCommissionRulesValidation" name="test_create_rule_exceeds_100_percent" time="0.117" /><testcase classname="tests.test_prelaunch_operational_pack.TestCommissionRulesValidation" name="test_create_rule_exactly_100_percent" time="0.233" /><testcase classname="tests.test_prelaunch_operational_pack.TestCommissionRulesCleanup" name="test_delete_commission_rule" time="0.202" /><testcase classname="tests.test_prelaunch_operational_pack.TestCampaignPricingPreview" name="test_preview_uplift_pricing" time="0.137" /><testcase classname="tests.test_prelaunch_operational_pack.TestCampaignPricingPreview" name="test_preview_uplift_small_uplift" time="0.114" /><testcase classname="tests.test_prelaunch_operational_pack.TestCampaignPricingPreview" name="test_preview_discount_pricing" time="0.106" /><testcase classname="tests.test_prelaunch_operational_pack.TestCampaignPricingPreview" name="test_preview_discount_small_discount" time="0.100" /><testcase classname="tests.test_prelaunch_operational_pack.TestSupervisorDashboard" name="test_get_team_summary" time="0.117" /><testcase classname="tests.test_prelaunch_operational_pack.TestSupervisorDashboard" name="test_get_team_summary_by_role_sales" time="0.119" /><testcase classname="tests.test_prelaunch_operational_pack.TestSupervisorDashboard" name="test_get_team_summary_by_role_operations" time="0.106" /><testcase classname="tests.test_prelaunch_operational_pack.TestSupervisorDashboard" name="test_get_leaderboard" time="0.108" /><testcase classname="tests.test_prelaunch_operational_pack.TestStaffAlerts" name="test_list_staff_alerts" time="0.104" /><testcase classname="tests.test_prelaunch_operational_pack.TestStaffAlerts" name="test_get_alerts_summary" time="0.106" /><testcase classname="tests.test_prelaunch_operational_pack.TestIntegration" name="test_commission_rules_full_workflow" time="0.528" /></testsuite></testsuites>