<?xml version="1.0" encoding="utf-8"?><testsuites name="pytest tests"><testsuite name="pytest" errors="0" failures="0" skipped="0" tests="20" time="5.478" timestamp="2026-03-30T12:46:40.929368+00:00" hostname="agent-env-377db547-79ba-4c4b-b12e-55d780795bc2"><testcase classname="backend.tests.test_konekt_margin_delivery_notifications_v142.TestPaymentQueueCustomerPayerSeparation" name="test_payments_queue_returns_both_customer_and_payer" time="0.614" /><testcase classname="backend.tests.test_konekt_margin_delivery_notifications_v142.TestPaymentQueueCustomerPayerSeparation" name="test_customer_and_payer_can_differ" time="0.119" /><testcase classname="backend.tests.test_konekt_margin_delivery_notifications_v142.TestMarginEngine" name="test_list_margin_rules" time="0.115" /><testcase classname="backend.tests.test_konekt_margin_delivery_notifications_v142.TestMarginEngine" name="test_create_product_margin_rule" time="0.216" /><testcase classname="backend.tests.test_konekt_margin_delivery_notifications_v142.TestMarginEngine" name="test_create_group_margin_rule" time="0.249" /><testcase classname="backend.tests.test_konekt_margin_delivery_notifications_v142.TestMarginEngine" name="test_calculate_margin_percentage" time="0.104" /><testcase classname="backend.tests.test_konekt_margin_delivery_notifications_v142.TestMarginEngine" name="test_margin_priority_product_over_global" time="0.340" /><testcase classname="backend.tests.test_konekt_margin_delivery_notifications_v142.TestVendorDeliveryWorkflow" name="test_vendor_orders_list" time="0.498" /><testcase classname="backend.tests.test_konekt_margin_delivery_notifications_v142.TestVendorDeliveryWorkflow" name="test_vendor_can_set_ready_for_pickup" time="0.238" /><testcase classname="backend.tests.test_konekt_margin_delivery_notifications_v142.TestVendorDeliveryWorkflow" name="test_vendor_cannot_set_logistics_statuses" time="0.586" /><testcase classname="backend.tests.test_konekt_margin_delivery_notifications_v142.TestSalesDeliveryOverride" name="test_sales_delivery_update_endpoint_exists" time="0.115" /><testcase classname="backend.tests.test_konekt_margin_delivery_notifications_v142.TestSalesDeliveryOverride" name="test_sales_logistics_status_endpoint_exists" time="0.115" /><testcase classname="backend.tests.test_konekt_margin_delivery_notifications_v142.TestNotificationTargetUrls" name="test_customer_notifications_have_target_url" time="0.441" /><testcase classname="backend.tests.test_konekt_margin_delivery_notifications_v142.TestNotificationTargetUrls" name="test_payment_approved_notification_targets_orders" time="0.117" /><testcase classname="backend.tests.test_konekt_margin_delivery_notifications_v142.TestAdminOrdersTable" name="test_admin_orders_api_returns_required_fields" time="0.122" /><testcase classname="backend.tests.test_konekt_margin_delivery_notifications_v142.TestAdminOrdersTable" name="test_admin_order_detail_has_assignment_info" time="0.226" /><testcase classname="backend.tests.test_konekt_margin_delivery_notifications_v142.TestHealthAndBasics" name="test_api_health" time="0.106" /><testcase classname="backend.tests.test_konekt_margin_delivery_notifications_v142.TestHealthAndBasics" name="test_admin_login" time="0.328" /><testcase classname="backend.tests.test_konekt_margin_delivery_notifications_v142.TestHealthAndBasics" name="test_customer_login" time="0.365" /><testcase classname="backend.tests.test_konekt_margin_delivery_notifications_v142.TestHealthAndBasics" name="test_partner_login" time="0.353" /></testsuite></testsuites>