<?xml version="1.0" encoding="utf-8"?><testsuites name="pytest tests"><testsuite name="pytest" errors="0" failures="0" skipped="0" tests="24" time="7.927" timestamp="2026-03-30T15:58:32.691620+00:00" hostname="agent-env-377db547-79ba-4c4b-b12e-55d780795bc2"><testcase classname="tests.test_checkout_e2e_v144.TestAllLoginFlows" name="test_customer_login" time="0.485" /><testcase classname="tests.test_checkout_e2e_v144.TestAllLoginFlows" name="test_admin_login" time="0.370" /><testcase classname="tests.test_checkout_e2e_v144.TestAllLoginFlows" name="test_vendor_login" time="0.355" /><testcase classname="tests.test_checkout_e2e_v144.TestAllLoginFlows" name="test_sales_login" time="0.328" /><testcase classname="tests.test_checkout_e2e_v144.TestGuestOrderSubmission" name="test_create_guest_order" time="0.139" /><testcase classname="tests.test_checkout_e2e_v144.TestAdminPaymentApprovalFlow" name="test_payments_queue_list" time="0.506" /><testcase classname="tests.test_checkout_e2e_v144.TestAdminPaymentApprovalFlow" name="test_admin_orders_list" time="0.162" /><testcase classname="tests.test_checkout_e2e_v144.TestPaymentsQueueCustomerPayerSeparation" name="test_payments_queue_has_customer_and_payer" time="0.210" /><testcase classname="tests.test_checkout_e2e_v144.TestVendorStatusUpdates" name="test_vendor_orders_list" time="0.482" /><testcase classname="tests.test_checkout_e2e_v144.TestVendorStatusUpdates" name="test_vendor_cannot_see_unreleased_orders" time="0.112" /><testcase classname="tests.test_checkout_e2e_v144.TestVendorStatusUpdates" name="test_vendor_items_no_selling_price" time="0.133" /><testcase classname="tests.test_checkout_e2e_v144.TestSalesDeliveryOverride" name="test_sales_logistics_status_endpoint" time="0.578" /><testcase classname="tests.test_checkout_e2e_v144.TestMarginEngine" name="test_margin_calculate_20_percent" time="0.141" /><testcase classname="tests.test_checkout_e2e_v144.TestMarginEngine" name="test_margin_rule_priority" time="0.135" /><testcase classname="tests.test_checkout_e2e_v144.TestCustomerNotifications" name="test_customer_notifications_list" time="0.474" /><testcase classname="tests.test_checkout_e2e_v144.TestSalesCustomerInvite" name="test_create_customer_with_invite" time="0.132" /><testcase classname="tests.test_checkout_e2e_v144.TestServiceQuoteAutoMargin" name="test_service_quote_with_margin" time="0.362" /><testcase classname="tests.test_checkout_e2e_v144.TestQuoteAcceptanceCreatesInvoice" name="test_accept_quote_creates_invoice" time="0.569" /><testcase classname="tests.test_checkout_e2e_v144.TestVendorCapabilityCheck" name="test_can_create_product_approved" time="0.155" /><testcase classname="tests.test_checkout_e2e_v144.TestVendorCapabilityCheck" name="test_can_create_service_pending" time="0.127" /><testcase classname="tests.test_checkout_e2e_v144.TestPaymentReleasePolicy" name="test_check_release_full_payment" time="0.146" /><testcase classname="tests.test_checkout_e2e_v144.TestPaymentReleasePolicy" name="test_check_release_partial_payment" time="0.124" /><testcase classname="tests.test_checkout_e2e_v144.TestAccountActivation" name="test_validate_invalid_token" time="0.120" /><testcase classname="tests.test_checkout_e2e_v144.TestAccountActivation" name="test_full_activation_flow" time="1.453" /></testsuite></testsuites>