<?xml version="1.0" encoding="utf-8"?><testsuites name="pytest tests"><testsuite name="pytest" errors="0" failures="0" skipped="0" tests="9" time="3.121" timestamp="2026-04-16T16:00:40.424933+00:00" hostname="agent-env-377db547-79ba-4c4b-b12e-55d780795bc2"><testcase classname="tests.test_pricing_quotes_categories_v327.TestPricingEngine" name="test_pricing_tiers_exist_in_settings_hub" time="0.452" /><testcase classname="tests.test_pricing_quotes_categories_v327.TestPricingEngine" name="test_pricing_tier_100k_500k_has_30_percent" time="0.460" /><testcase classname="tests.test_pricing_quotes_categories_v327.TestProductSearch" name="test_search_a5_notebook_returns_correct_price" time="0.119" /><testcase classname="tests.test_pricing_quotes_categories_v327.TestProductSearch" name="test_product_100k_base_gets_35_percent_margin" time="0.109" /><testcase classname="tests.test_pricing_quotes_categories_v327.TestProductSearch" name="test_search_returns_active_published_approved_products" time="0.139" /><testcase classname="tests.test_pricing_quotes_categories_v327.TestQuotesAPI" name="test_quotes_list_returns_array" time="0.429" /><testcase classname="tests.test_pricing_quotes_categories_v327.TestQuotesAPI" name="test_quote_has_required_fields" time="0.419" /><testcase classname="tests.test_pricing_quotes_categories_v327.TestSettingsHubCategories" name="test_catalog_categories_exist" time="0.432" /><testcase classname="tests.test_pricing_quotes_categories_v327.TestSettingsHubCategories" name="test_category_can_have_subcategories" time="0.465" /></testsuite></testsuites>