<?xml version="1.0" encoding="utf-8"?><testsuites name="pytest tests"><testsuite name="pytest" errors="0" failures="0" skipped="0" tests="12" time="2.152" timestamp="2026-04-08T05:22:31.974270+00:00" hostname="agent-env-377db547-79ba-4c4b-b12e-55d780795bc2"><testcase classname="backend.tests.test_sales_affiliate_commission_v194.TestSalesCommissionAPIs" name="test_commission_summary_returns_ok" time="0.466" /><testcase classname="backend.tests.test_sales_affiliate_commission_v194.TestSalesCommissionAPIs" name="test_commission_orders_returns_ok" time="0.103" /><testcase classname="backend.tests.test_sales_affiliate_commission_v194.TestSalesCommissionAPIs" name="test_commission_monthly_returns_ok" time="0.101" /><testcase classname="backend.tests.test_sales_affiliate_commission_v194.TestAffiliateAPIs" name="test_affiliate_me_returns_200_not_401" time="0.107" /><testcase classname="backend.tests.test_sales_affiliate_commission_v194.TestAffiliateAPIs" name="test_product_promotions_returns_ok" time="0.107" /><testcase classname="backend.tests.test_sales_affiliate_commission_v194.TestAffiliateAPIs" name="test_product_promotions_returns_10_products" time="0.115" /><testcase classname="backend.tests.test_sales_affiliate_commission_v194.TestAffiliateAPIs" name="test_product_promotions_with_partner_token" time="0.450" /><testcase classname="backend.tests.test_sales_affiliate_commission_v194.TestAffiliateAPIs" name="test_earnings_summary_returns_ok" time="0.127" /><testcase classname="backend.tests.test_sales_affiliate_commission_v194.TestMarginEngineAPIs" name="test_margin_rules_tier_returns_4_bands" time="0.108" /><testcase classname="backend.tests.test_sales_affiliate_commission_v194.TestMarginEngineAPIs" name="test_distribution_settings_returns_40_30_30" time="0.136" /><testcase classname="backend.tests.test_sales_affiliate_commission_v194.TestMarginEngineAPIs" name="test_distribution_preview_calculates_correctly" time="0.118" /><testcase classname="backend.tests.test_sales_affiliate_commission_v194.TestMarginRulesEndpoint" name="test_get_margin_rules_list" time="0.094" /></testsuite></testsuites>