<?xml version="1.0" encoding="utf-8"?><testsuites name="pytest tests"><testsuite name="pytest" errors="0" failures="0" skipped="0" tests="23" time="4.736" timestamp="2026-04-09T16:18:56.284898+00:00" hostname="agent-env-377db547-79ba-4c4b-b12e-55d780795bc2"><testcase classname="backend.tests.test_reports_hub_phase4_v231.TestBusinessHealthReport" name="test_business_health_returns_200" time="0.501" /><testcase classname="backend.tests.test_reports_hub_phase4_v231.TestBusinessHealthReport" name="test_business_health_has_kpis" time="0.106" /><testcase classname="backend.tests.test_reports_hub_phase4_v231.TestBusinessHealthReport" name="test_business_health_has_charts" time="0.275" /><testcase classname="backend.tests.test_reports_hub_phase4_v231.TestBusinessHealthReport" name="test_business_health_has_alerts" time="0.166" /><testcase classname="backend.tests.test_reports_hub_phase4_v231.TestBusinessHealthReport" name="test_business_health_days_filter" time="0.585" /><testcase classname="backend.tests.test_reports_hub_phase4_v231.TestFinancialReports" name="test_financial_returns_200" time="0.116" /><testcase classname="backend.tests.test_reports_hub_phase4_v231.TestFinancialReports" name="test_financial_has_kpis" time="0.116" /><testcase classname="backend.tests.test_reports_hub_phase4_v231.TestFinancialReports" name="test_financial_has_charts" time="0.175" /><testcase classname="backend.tests.test_reports_hub_phase4_v231.TestFinancialReports" name="test_financial_has_top_customers" time="0.099" /><testcase classname="backend.tests.test_reports_hub_phase4_v231.TestFinancialReports" name="test_financial_has_commission_by_rep" time="0.158" /><testcase classname="backend.tests.test_reports_hub_phase4_v231.TestFinancialReports" name="test_financial_has_payment_breakdown" time="0.112" /><testcase classname="backend.tests.test_reports_hub_phase4_v231.TestSalesReports" name="test_sales_returns_200" time="0.123" /><testcase classname="backend.tests.test_reports_hub_phase4_v231.TestSalesReports" name="test_sales_has_kpis" time="0.167" /><testcase classname="backend.tests.test_reports_hub_phase4_v231.TestSalesReports" name="test_sales_has_team_table" time="0.131" /><testcase classname="backend.tests.test_reports_hub_phase4_v231.TestSalesReports" name="test_sales_has_leaderboard" time="0.112" /><testcase classname="backend.tests.test_reports_hub_phase4_v231.TestSalesReports" name="test_sales_has_charts" time="0.128" /><testcase classname="backend.tests.test_reports_hub_phase4_v231.TestRoleBasedAccess" name="test_sales_manager_can_access_business_health" time="0.454" /><testcase classname="backend.tests.test_reports_hub_phase4_v231.TestRoleBasedAccess" name="test_sales_manager_can_access_sales_reports" time="0.128" /><testcase classname="backend.tests.test_reports_hub_phase4_v231.TestRoleBasedAccess" name="test_finance_manager_can_access_business_health" time="0.442" /><testcase classname="backend.tests.test_reports_hub_phase4_v231.TestRoleBasedAccess" name="test_finance_manager_can_access_financial_reports" time="0.123" /><testcase classname="backend.tests.test_reports_hub_phase4_v231.TestRegressionDashboards" name="test_admin_dashboard_kpis_still_works" time="0.150" /><testcase classname="backend.tests.test_reports_hub_phase4_v231.TestRegressionDashboards" name="test_sales_manager_team_kpis_still_works" time="0.142" /><testcase classname="backend.tests.test_reports_hub_phase4_v231.TestRegressionDashboards" name="test_finance_manager_finance_kpis_still_works" time="0.111" /></testsuite></testsuites>