<?xml version="1.0" encoding="utf-8"?><testsuites name="pytest tests"><testsuite name="pytest" errors="0" failures="0" skipped="0" tests="41" time="2.909" timestamp="2026-04-22T18:06:22.036667+00:00" hostname="agent-env-377db547-79ba-4c4b-b12e-55d780795bc2"><testcase classname="backend.tests.test_session_3a" name="test_qr_info_all_kinds" time="0.111" /><testcase classname="backend.tests.test_session_3a" name="test_qr_image_png" time="0.027" /><testcase classname="backend.tests.test_session_3a" name="test_qr_invalid_kind" time="0.024" /><testcase classname="backend.tests.test_session_3a" name="test_payables_stats_reachable" time="0.273" /><testcase classname="backend.tests.test_session_3a" name="test_payables_ledger_reachable" time="0.271" /><testcase classname="backend.tests.test_session_3a" name="test_statements_generate_and_list" time="0.301" /><testcase classname="backend.tests.test_session_3a" name="test_set_modality_and_read_back" time="0.311" /><testcase classname="backend.tests.test_session_3a_extended.TestQRCodes" name="test_qr_info_per_kind[product]" time="0.026" /><testcase classname="backend.tests.test_session_3a_extended.TestQRCodes" name="test_qr_info_per_kind[group_deal]" time="0.025" /><testcase classname="backend.tests.test_session_3a_extended.TestQRCodes" name="test_qr_info_per_kind[promo_campaign]" time="0.025" /><testcase classname="backend.tests.test_session_3a_extended.TestQRCodes" name="test_qr_info_per_kind[content_post]" time="0.025" /><testcase classname="backend.tests.test_session_3a_extended.TestQRCodes" name="test_qr_png_per_kind[product]" time="0.026" /><testcase classname="backend.tests.test_session_3a_extended.TestQRCodes" name="test_qr_png_per_kind[group_deal]" time="0.025" /><testcase classname="backend.tests.test_session_3a_extended.TestQRCodes" name="test_qr_png_per_kind[promo_campaign]" time="0.026" /><testcase classname="backend.tests.test_session_3a_extended.TestQRCodes" name="test_qr_png_per_kind[content_post]" time="0.026" /><testcase classname="backend.tests.test_session_3a_extended.TestQRCodes" name="test_qr_invalid_kind_info_404" time="0.026" /><testcase classname="backend.tests.test_session_3a_extended.TestQRCodes" name="test_qr_invalid_kind_png_404" time="0.025" /><testcase classname="backend.tests.test_session_3a_extended.TestQRCodes" name="test_qr_refresh_regenerates" time="0.094" /><testcase classname="backend.tests.test_session_3a_extended.TestQRCodes" name="test_qr_refresh_invalid_kind_404" time="0.025" /><testcase classname="backend.tests.test_session_3a_extended.TestPayablesStatsAndLedger" name="test_stats_required_keys_present" time="0.276" /><testcase classname="backend.tests.test_session_3a_extended.TestPayablesStatsAndLedger" name="test_ledger_returns_list" time="0.026" /><testcase classname="backend.tests.test_session_3a_extended.TestPayablesStatsAndLedger" name="test_ledger_filter_status" time="0.026" /><testcase classname="backend.tests.test_session_3a_extended.TestPayablesStatsAndLedger" name="test_ledger_filter_modality" time="0.026" /><testcase classname="backend.tests.test_session_3a_extended.TestPayablesStatsAndLedger" name="test_ledger_filter_vendor_id" time="0.026" /><testcase classname="backend.tests.test_session_3a_extended.TestModalityWriteToPartners" name="test_modality_invalid_returns_400" time="0.036" /><testcase classname="backend.tests.test_session_3a_extended.TestModalityWriteToPartners" name="test_modality_unknown_vendor_404" time="0.027" /><testcase classname="backend.tests.test_session_3a_extended.TestModalityWriteToPartners" name="test_modality_writes_to_partners_collection" time="0.058" /><testcase classname="backend.tests.test_session_3a_extended.TestStatements" name="test_generate_default_returns_previous_month" time="0.027" /><testcase classname="backend.tests.test_session_3a_extended.TestStatements" name="test_generate_idempotent_same_period" time="0.056" /><testcase classname="backend.tests.test_session_3a_extended.TestStatements" name="test_generate_invalid_period_400" time="0.025" /><testcase classname="backend.tests.test_session_3a_extended.TestStatements" name="test_list_statements_filters" time="0.103" /><testcase classname="backend.tests.test_session_3a_extended.TestModalityRequestsAdmin" name="test_approve_flips_partner_modality" time="0.038" /><testcase classname="backend.tests.test_session_3a_extended.TestModalityRequestsAdmin" name="test_deny_sets_status_no_modality_change" time="0.032" /><testcase classname="backend.tests.test_session_3a_extended.TestModalityRequestsAdmin" name="test_double_decision_400" time="0.061" /><testcase classname="backend.tests.test_session_3a_extended.TestModalityRequestsAdmin" name="test_decision_unknown_id_404" time="0.027" /><testcase classname="backend.tests.test_session_3a_extended.TestVendorEndpointsRequirePartnerToken" name="test_modality_unauth" time="0.025" /><testcase classname="backend.tests.test_session_3a_extended.TestVendorEndpointsRequirePartnerToken" name="test_orders_unauth" time="0.025" /><testcase classname="backend.tests.test_session_3a_extended.TestVendorEndpointsRequirePartnerToken" name="test_statements_unauth" time="0.025" /><testcase classname="backend.tests.test_session_3a_extended.TestVendorEndpointsRequirePartnerToken" name="test_request_modality_unauth" time="0.025" /><testcase classname="backend.tests.test_session_3a_extended.TestVendorEndpointsRequirePartnerToken" name="test_admin_jwt_alone_rejected" time="0.025" /><testcase classname="backend.tests.test_session_3a_extended.TestVendorRequestModalityDuplicate" name="test_duplicate_pending_blocked_logic" time="0.005" /></testsuite></testsuites>