<?xml version="1.0" encoding="utf-8"?><testsuites name="pytest tests"><testsuite name="pytest" errors="0" failures="0" skipped="0" tests="12" time="2.818" timestamp="2026-03-27T14:39:48.306608+00:00" hostname="agent-env-ca49341d-66ca-4d86-9e9b-b00c12d592ff"><testcase classname="backend.tests.test_unresolved_fixes_pack.TestCustomerTimelineMapping" name="test_customer_orders_returns_timeline_fields" time="0.567" /><testcase classname="backend.tests.test_unresolved_fixes_pack.TestCustomerTimelineMapping" name="test_customer_orders_no_vendor_identity" time="0.133" /><testcase classname="backend.tests.test_unresolved_fixes_pack.TestCustomerTimelineMapping" name="test_customer_status_not_internal_labels" time="0.191" /><testcase classname="backend.tests.test_unresolved_fixes_pack.TestInvoicePayerName" name="test_customer_invoices_returns_payer_name" time="0.114" /><testcase classname="backend.tests.test_unresolved_fixes_pack.TestNotifications" name="test_notifications_api_returns_is_read" time="0.130" /><testcase classname="backend.tests.test_unresolved_fixes_pack.TestNotifications" name="test_notifications_unread_count" time="0.113" /><testcase classname="backend.tests.test_unresolved_fixes_pack.TestNotifications" name="test_admin_notifications" time="0.447" /><testcase classname="backend.tests.test_unresolved_fixes_pack.TestNotifications" name="test_partner_notifications" time="0.451" /><testcase classname="backend.tests.test_unresolved_fixes_pack.TestRouteCleanup" name="test_fulfillment_jobs_redirects" time="0.104" /><testcase classname="backend.tests.test_unresolved_fixes_pack.TestAdminOrdersView" name="test_admin_orders_list" time="0.157" /><testcase classname="backend.tests.test_unresolved_fixes_pack.TestVendorOrdersPrivacy" name="test_vendor_orders_no_customer_name" time="0.118" /><testcase classname="backend.tests.test_unresolved_fixes_pack.TestFinanceApprovalFlow" name="test_finance_queue_accessible" time="0.193" /></testsuite></testsuites>