<?xml version="1.0" encoding="utf-8"?><testsuites name="pytest tests"><testsuite name="pytest" errors="0" failures="0" skipped="1" tests="10" time="3.150" timestamp="2026-04-09T10:11:32.070180+00:00" hostname="agent-env-377db547-79ba-4c4b-b12e-55d780795bc2"><testcase classname="tests.test_branding_settings_hub.TestPublicBrandingEndpoint" name="test_public_branding_returns_200_without_auth" time="0.140" /><testcase classname="tests.test_branding_settings_hub.TestPublicBrandingEndpoint" name="test_public_branding_returns_required_fields" time="0.109" /><testcase classname="tests.test_branding_settings_hub.TestPublicBrandingEndpoint" name="test_public_branding_has_fallback_values" time="0.109" /><testcase classname="tests.test_branding_settings_hub.TestPublicBrandingEndpoint" name="test_public_branding_does_not_expose_private_data" time="0.107" /><testcase classname="tests.test_branding_settings_hub.TestAdminSettingsHubEndpoint" name="test_settings_hub_requires_auth" time="0.126"><skipped type="pytest.skip" message="SECURITY ISSUE: /api/admin/settings-hub does not require authentication">/app/backend/tests/test_branding_settings_hub.py:127: SECURITY ISSUE: /api/admin/settings-hub does not require authentication</skipped></testcase><testcase classname="tests.test_branding_settings_hub.TestAdminSettingsHubEndpoint" name="test_settings_hub_returns_full_settings_for_admin" time="0.438" /><testcase classname="tests.test_branding_settings_hub.TestAdminSettingsHubEndpoint" name="test_settings_hub_put_persists_changes" time="0.732" /><testcase classname="tests.test_branding_settings_hub.TestAdminSettingsHubEndpoint" name="test_public_branding_reflects_settings_hub_changes" time="0.742" /><testcase classname="tests.test_branding_settings_hub.TestBrandingSecurityAndEdgeCases" name="test_public_branding_handles_empty_database" time="0.103" /><testcase classname="tests.test_branding_settings_hub.TestBrandingSecurityAndEdgeCases" name="test_settings_hub_payment_accounts_present" time="0.431" /></testsuite></testsuites>