<?xml version="1.0" encoding="utf-8"?><testsuites name="pytest tests"><testsuite name="pytest" errors="0" failures="1" skipped="0" tests="30" time="3.611" timestamp="2026-03-25T08:32:36.047777+00:00" hostname="agent-env-25c61d9f-96b6-4494-be64-afaac29b4201"><testcase classname="backend.tests.test_admin_pass_3_4_5.TestSalesCrmAPIs" name="test_sales_crm_leads" time="0.220" /><testcase classname="backend.tests.test_admin_pass_3_4_5.TestSalesCrmAPIs" name="test_sales_crm_leads_with_status_filter" time="0.112" /><testcase classname="backend.tests.test_admin_pass_3_4_5.TestSalesCrmAPIs" name="test_sales_crm_accounts" time="0.109" /><testcase classname="backend.tests.test_admin_pass_3_4_5.TestSalesCrmAPIs" name="test_sales_crm_performance" time="0.102" /><testcase classname="backend.tests.test_admin_pass_3_4_5.TestCustomersAPIs" name="test_customers_list" time="0.115" /><testcase classname="backend.tests.test_admin_pass_3_4_5.TestCustomersAPIs" name="test_customers_list_with_search" time="0.104" /><testcase classname="backend.tests.test_admin_pass_3_4_5.TestCustomersAPIs" name="test_customer_detail" time="0.202" /><testcase classname="backend.tests.test_admin_pass_3_4_5.TestVendorsAPIs" name="test_vendors_list" time="0.111" /><testcase classname="backend.tests.test_admin_pass_3_4_5.TestVendorsAPIs" name="test_vendors_list_with_search" time="0.103" /><testcase classname="backend.tests.test_admin_pass_3_4_5.TestVendorsAPIs" name="test_vendor_detail" time="0.232"><failure message="assert 404 == 200&#10; +  where 404 = &lt;Response [404]&gt;.status_code">backend/tests/test_admin_pass_3_4_5.py:143: in test_vendor_detail
    assert response.status_code == 200
E   assert 404 == 200
E    +  where 404 = &lt;Response [404]&gt;.status_code</failure></testcase><testcase classname="backend.tests.test_admin_pass_3_4_5.TestAffiliatesReferralsAPIs" name="test_affiliates_list" time="0.097" /><testcase classname="backend.tests.test_admin_pass_3_4_5.TestAffiliatesReferralsAPIs" name="test_referrals_list" time="0.095" /><testcase classname="backend.tests.test_admin_pass_3_4_5.TestAffiliatesReferralsAPIs" name="test_commissions_list" time="0.111" /><testcase classname="backend.tests.test_admin_pass_3_4_5.TestAffiliatesReferralsAPIs" name="test_payouts_list" time="0.112" /><testcase classname="backend.tests.test_admin_pass_3_4_5.TestProductsServicesAPIs" name="test_catalog_products" time="0.094" /><testcase classname="backend.tests.test_admin_pass_3_4_5.TestProductsServicesAPIs" name="test_catalog_products_with_search" time="0.114" /><testcase classname="backend.tests.test_admin_pass_3_4_5.TestProductsServicesAPIs" name="test_catalog_promo_items" time="0.100" /><testcase classname="backend.tests.test_admin_pass_3_4_5.TestProductsServicesAPIs" name="test_catalog_services" time="0.108" /><testcase classname="backend.tests.test_admin_pass_3_4_5.TestProductsServicesAPIs" name="test_catalog_groups" time="0.142" /><testcase classname="backend.tests.test_admin_pass_3_4_5.TestBusinessSettingsAPIs" name="test_get_business_profile" time="0.111" /><testcase classname="backend.tests.test_admin_pass_3_4_5.TestBusinessSettingsAPIs" name="test_get_commercial_rules" time="0.095" /><testcase classname="backend.tests.test_admin_pass_3_4_5.TestBusinessSettingsAPIs" name="test_get_affiliate_defaults" time="0.093" /><testcase classname="backend.tests.test_admin_pass_3_4_5.TestBusinessSettingsAPIs" name="test_get_notification_settings" time="0.095" /><testcase classname="backend.tests.test_admin_pass_3_4_5.TestBusinessSettingsAPIs" name="test_save_business_profile" time="0.096" /><testcase classname="backend.tests.test_admin_pass_3_4_5.TestUsersRolesAPIs" name="test_users_list" time="0.100" /><testcase classname="backend.tests.test_admin_pass_3_4_5.TestUsersRolesAPIs" name="test_users_list_with_role_filter" time="0.104" /><testcase classname="backend.tests.test_admin_pass_3_4_5.TestUsersRolesAPIs" name="test_users_list_with_search" time="0.100" /><testcase classname="backend.tests.test_admin_pass_3_4_5.TestAuditLogAPIs" name="test_audit_list" time="0.096" /><testcase classname="backend.tests.test_admin_pass_3_4_5.TestAuditLogAPIs" name="test_audit_list_with_action_filter" time="0.099" /><testcase classname="backend.tests.test_admin_pass_3_4_5.TestAuditLogAPIs" name="test_audit_actions" time="0.097" /></testsuite></testsuites>