<?xml version="1.0" encoding="utf-8"?><testsuites name="pytest tests"><testsuite name="pytest" errors="0" failures="0" skipped="0" tests="10" time="5.025" timestamp="2026-04-08T19:47:55.728625+00:00" hostname="agent-env-377db547-79ba-4c4b-b12e-55d780795bc2"><testcase classname="tests.test_status_propagation_v214.TestAdminLogin" name="test_admin_login_success" time="0.554" /><testcase classname="tests.test_status_propagation_v214.TestCustomerOrdersStatusPropagation" name="test_customer_orders_returns_customer_status" time="0.527" /><testcase classname="tests.test_status_propagation_v214.TestCustomerOrdersStatusPropagation" name="test_customer_orders_no_raw_statuses" time="0.590" /><testcase classname="tests.test_status_propagation_v214.TestVendorOrdersPrivacy" name="test_vendor_orders_no_customer_name" time="0.603" /><testcase classname="tests.test_status_propagation_v214.TestVendorOrdersPrivacy" name="test_vendor_orders_has_sales_contact" time="0.583" /><testcase classname="tests.test_status_propagation_v214.TestSalesOrdersStatusPropagation" name="test_sales_orders_returns_full_status" time="0.467" /><testcase classname="tests.test_status_propagation_v214.TestAdminOrdersStatusTimeline" name="test_admin_orders_list" time="0.707" /><testcase classname="tests.test_status_propagation_v214.TestAdminOrdersStatusTimeline" name="test_admin_order_detail_has_timeline" time="0.875" /><testcase classname="tests.test_status_propagation_v214.TestStatusMappingService" name="test_customer_status_map_coverage" time="0.001" /><testcase classname="tests.test_status_propagation_v214.TestStatusMappingService" name="test_map_status_for_role_function" time="0.000" /></testsuite></testsuites>