<?xml version="1.0" encoding="utf-8"?><testsuites name="pytest tests"><testsuite name="pytest" errors="0" failures="0" skipped="0" tests="11" time="2.679" timestamp="2026-03-22T15:31:47.103329+00:00" hostname="agent-env-74e50a0b-c8a6-4758-a535-55eaa24dc42a"><testcase classname="backend.tests.test_gtm_partner_management.TestGTMSettings" name="test_get_gtm_settings" time="0.179" /><testcase classname="backend.tests.test_gtm_partner_management.TestGTMSettings" name="test_update_gtm_settings" time="0.536" /><testcase classname="backend.tests.test_gtm_partner_management.TestAffiliatePartnerManager" name="test_list_affiliates" time="0.114" /><testcase classname="backend.tests.test_gtm_partner_management.TestAffiliatePartnerManager" name="test_list_affiliates_with_status_filter" time="0.098" /><testcase classname="backend.tests.test_gtm_partner_management.TestAffiliatePartnerManager" name="test_get_affiliate_detail" time="0.242" /><testcase classname="backend.tests.test_gtm_partner_management.TestAffiliatePartnerManager" name="test_get_affiliate_detail_not_found" time="0.102" /><testcase classname="backend.tests.test_gtm_partner_management.TestAffiliatePartnerManager" name="test_update_affiliate_status" time="0.520" /><testcase classname="backend.tests.test_gtm_partner_management.TestAffiliatePartnerManager" name="test_update_affiliate_promo_code" time="0.457" /><testcase classname="backend.tests.test_gtm_partner_management.TestVendorPartnerPortal" name="test_get_vendor_jobs" time="0.122" /><testcase classname="backend.tests.test_gtm_partner_management.TestVendorPartnerPortal" name="test_get_vendor_performance" time="0.102" /><testcase classname="backend.tests.test_gtm_partner_management.TestVendorPartnerPortal" name="test_update_job_progress" time="0.103" /></testsuite></testsuites>