<?xml version="1.0" encoding="utf-8"?><testsuites name="pytest tests"><testsuite name="pytest" errors="0" failures="0" skipped="0" tests="18" time="6.971" timestamp="2026-04-13T06:47:15.907587+00:00" hostname="agent-env-377db547-79ba-4c4b-b12e-55d780795bc2"><testcase classname="backend.tests.test_group_deals_refinement_v291.TestCampaignCreation" name="test_create_campaign_success" time="0.616" /><testcase classname="backend.tests.test_group_deals_refinement_v291.TestCampaignCreation" name="test_create_campaign_margin_below_threshold" time="0.128" /><testcase classname="backend.tests.test_group_deals_refinement_v291.TestCampaignCreation" name="test_create_campaign_price_below_cost" time="0.112" /><testcase classname="backend.tests.test_group_deals_refinement_v291.TestJoinCampaign" name="test_join_creates_commitment_only" time="0.389" /><testcase classname="backend.tests.test_group_deals_refinement_v291.TestJoinCampaign" name="test_join_increments_count_without_status_change" time="0.673" /><testcase classname="backend.tests.test_group_deals_refinement_v291.TestJoinCampaign" name="test_join_requires_customer_info" time="0.331" /><testcase classname="backend.tests.test_group_deals_refinement_v291.TestFinalizeCampaign" name="test_finalize_creates_orders_and_vbo" time="0.604" /><testcase classname="backend.tests.test_group_deals_refinement_v291.TestFinalizeCampaign" name="test_finalize_campaign_status_changes" time="0.662" /><testcase classname="backend.tests.test_group_deals_refinement_v291.TestCancelAndRefunds" name="test_cancel_marks_refund_pending" time="0.521" /><testcase classname="backend.tests.test_group_deals_refinement_v291.TestCancelAndRefunds" name="test_process_refunds_marks_refunded" time="0.556" /><testcase classname="backend.tests.test_group_deals_refinement_v291.TestCancelAndRefunds" name="test_process_refunds_only_for_failed_campaigns" time="0.687" /><testcase classname="backend.tests.test_group_deals_refinement_v291.TestPublicEndpoints" name="test_public_list_returns_active_deals" time="0.112" /><testcase classname="backend.tests.test_group_deals_refinement_v291.TestPublicEndpoints" name="test_public_list_hides_internal_fields" time="0.106" /><testcase classname="backend.tests.test_group_deals_refinement_v291.TestPublicEndpoints" name="test_public_featured_returns_top_6" time="0.118" /><testcase classname="backend.tests.test_group_deals_refinement_v291.TestPublicEndpoints" name="test_public_featured_ranked_by_progress" time="0.109" /><testcase classname="backend.tests.test_group_deals_refinement_v291.TestPublicEndpoints" name="test_public_deal_detail" time="0.217" /><testcase classname="backend.tests.test_group_deals_refinement_v291.TestVendorBackOrders" name="test_list_vendor_back_orders" time="0.104" /><testcase classname="backend.tests.test_group_deals_refinement_v291.TestCampaignGetWithCommitments" name="test_get_campaign_includes_commitments" time="0.794" /></testsuite></testsuites>