<?xml version="1.0" encoding="utf-8"?><testsuites name="pytest tests"><testsuite name="pytest" errors="0" failures="0" skipped="2" tests="13" time="4.624" timestamp="2026-03-26T10:27:31.337408+00:00" hostname="agent-env-03ae8fef-3ccb-4c6f-b190-ca22343eae53"><testcase classname="backend.tests.test_invoice_branding.TestInvoiceBrandingAPI" name="test_get_invoice_branding_returns_200" time="0.421" /><testcase classname="backend.tests.test_invoice_branding.TestInvoiceBrandingAPI" name="test_get_invoice_branding_returns_correct_data_types" time="0.376" /><testcase classname="backend.tests.test_invoice_branding.TestInvoiceBrandingAPI" name="test_save_invoice_branding_returns_200" time="0.375" /><testcase classname="backend.tests.test_invoice_branding.TestInvoiceBrandingAPI" name="test_save_and_verify_persistence" time="0.425" /><testcase classname="backend.tests.test_invoice_branding.TestInvoiceBrandingAPI" name="test_generate_stamp_circle_returns_svg" time="0.378" /><testcase classname="backend.tests.test_invoice_branding.TestInvoiceBrandingAPI" name="test_generate_stamp_square_returns_svg" time="0.378" /><testcase classname="backend.tests.test_invoice_branding.TestInvoiceBrandingAPI" name="test_generate_stamp_with_different_colors" time="0.508" /><testcase classname="backend.tests.test_invoice_branding.TestInvoiceBrandingAPI" name="test_toggle_show_signature" time="0.418" /><testcase classname="backend.tests.test_invoice_branding.TestInvoiceBrandingAPI" name="test_toggle_show_stamp" time="0.407" /><testcase classname="backend.tests.test_invoice_branding.TestInvoiceBrandingAPI" name="test_stamp_mode_generated_vs_uploaded" time="0.449" /><testcase classname="backend.tests.test_invoice_branding.TestInvoicePDFWithBranding" name="test_invoice_pdf_endpoint_exists" time="0.095"><skipped type="pytest.skip" message="Admin login failed: 404">/app/backend/tests/test_invoice_branding.py:257: Admin login failed: 404</skipped></testcase><testcase classname="backend.tests.test_invoice_branding.TestInvoicePDFWithBranding" name="test_invoice_html_preview_endpoint" time="0.132"><skipped type="pytest.skip" message="Admin login failed: 404">/app/backend/tests/test_invoice_branding.py:282: Admin login failed: 404</skipped></testcase><testcase classname="backend.tests.test_invoice_branding.TestCleanup" name="test_restore_original_branding" time="0.155" /></testsuite></testsuites>