<?xml version="1.0" encoding="utf-8"?><testsuites name="pytest tests"><testsuite name="pytest" errors="0" failures="0" skipped="0" tests="19" time="3.638" timestamp="2026-04-13T11:48:50.091043+00:00" hostname="agent-env-377db547-79ba-4c4b-b12e-55d780795bc2"><testcase classname="backend.tests.test_group_deals_payment_flow_v294.TestJoinReturnsStatusPendingPayment" name="test_join_returns_pending_payment_status" time="0.430" /><testcase classname="backend.tests.test_group_deals_payment_flow_v294.TestJoinReturnsStatusPendingPayment" name="test_join_does_not_increment_count" time="0.144" /><testcase classname="backend.tests.test_group_deals_payment_flow_v294.TestSubmitPaymentEndpoint" name="test_submit_payment_changes_status" time="0.091" /><testcase classname="backend.tests.test_group_deals_payment_flow_v294.TestSubmitPaymentEndpoint" name="test_submit_payment_requires_commitment_ref" time="0.045" /><testcase classname="backend.tests.test_group_deals_payment_flow_v294.TestSubmitPaymentEndpoint" name="test_submit_payment_rejects_invalid_ref" time="0.046" /><testcase classname="backend.tests.test_group_deals_payment_flow_v294.TestPendingPaymentsEndpoint" name="test_pending_payments_lists_submitted" time="0.138" /><testcase classname="backend.tests.test_group_deals_payment_flow_v294.TestApprovePaymentEndpoint" name="test_approve_payment_changes_status_to_committed" time="0.179" /><testcase classname="backend.tests.test_group_deals_payment_flow_v294.TestApprovePaymentEndpoint" name="test_approve_payment_increments_count" time="0.280" /><testcase classname="backend.tests.test_group_deals_payment_flow_v294.TestApprovePaymentEndpoint" name="test_approve_rejects_pending_payment_status" time="0.120" /><testcase classname="backend.tests.test_group_deals_payment_flow_v294.TestFullPaymentFlow" name="test_complete_payment_flow" time="0.404" /><testcase classname="backend.tests.test_group_deals_payment_flow_v294.TestDuplicateJoinPrevention" name="test_duplicate_phone_blocked" time="0.091" /><testcase classname="backend.tests.test_group_deals_payment_flow_v294.TestTrackEndpoint" name="test_track_by_commitment_ref" time="0.170" /><testcase classname="backend.tests.test_group_deals_payment_flow_v294.TestTrackEndpoint" name="test_track_by_phone" time="0.132" /><testcase classname="backend.tests.test_group_deals_payment_flow_v294.TestTrackEndpoint" name="test_track_requires_ref_or_phone" time="0.049" /><testcase classname="backend.tests.test_group_deals_payment_flow_v294.TestFinalizeOnlyCommitted" name="test_finalize_ignores_pending_commitments" time="0.575" /><testcase classname="backend.tests.test_group_deals_payment_flow_v294.TestCancelHandlesAllStates" name="test_cancel_marks_all_states_for_refund" time="0.412" /><testcase classname="backend.tests.test_group_deals_payment_flow_v294.TestPublicEndpoints" name="test_public_deals_list" time="0.044" /><testcase classname="backend.tests.test_group_deals_payment_flow_v294.TestPublicEndpoints" name="test_public_featured_deals" time="0.044" /><testcase classname="backend.tests.test_group_deals_payment_flow_v294.TestPublicEndpoints" name="test_submit_payment_is_public" time="0.150" /></testsuite></testsuites>