<?xml version="1.0" encoding="utf-8"?><testsuites name="pytest tests"><testsuite name="pytest" errors="0" failures="0" skipped="0" tests="36" time="6.172" timestamp="2026-03-16T15:59:55.004246+00:00" hostname="agent-env-18d0b110-0f33-4a60-85fa-37634ddcefcb"><testcase classname="tests.test_partner_portal_pack.TestPartnerAuth" name="test_partner_login_success" time="0.426" /><testcase classname="tests.test_partner_portal_pack.TestPartnerAuth" name="test_partner_login_invalid_credentials" time="0.183" /><testcase classname="tests.test_partner_portal_pack.TestPartnerAuth" name="test_partner_login_missing_fields" time="0.206" /><testcase classname="tests.test_partner_portal_pack.TestPartnerAuth" name="test_partner_me_endpoint" time="0.505" /><testcase classname="tests.test_partner_portal_pack.TestPartnerDashboard" name="test_dashboard_returns_summary_stats" time="0.127" /><testcase classname="tests.test_partner_portal_pack.TestPartnerDashboard" name="test_dashboard_requires_auth" time="0.121" /><testcase classname="tests.test_partner_portal_pack.TestPartnerCatalog" name="test_get_catalog_items" time="0.162" /><testcase classname="tests.test_partner_portal_pack.TestPartnerCatalog" name="test_create_catalog_item" time="0.136" /><testcase classname="tests.test_partner_portal_pack.TestPartnerCatalog" name="test_update_catalog_item" time="0.142" /><testcase classname="tests.test_partner_portal_pack.TestPartnerCatalog" name="test_delete_catalog_item" time="0.128" /><testcase classname="tests.test_partner_portal_pack.TestPartnerStockTable" name="test_get_stock_table" time="0.124" /><testcase classname="tests.test_partner_portal_pack.TestPartnerStockTable" name="test_bulk_update_stock" time="0.254" /><testcase classname="tests.test_partner_portal_pack.TestPartnerFulfillmentJobs" name="test_get_fulfillment_jobs" time="0.124" /><testcase classname="tests.test_partner_portal_pack.TestPartnerFulfillmentJobs" name="test_fulfillment_jobs_no_customer_pii" time="0.132" /><testcase classname="tests.test_partner_portal_pack.TestPartnerFulfillmentJobs" name="test_get_fulfillment_jobs_with_status_filter" time="0.484" /><testcase classname="tests.test_partner_portal_pack.TestPartnerSettlements" name="test_get_settlements_summary" time="0.132" /><testcase classname="tests.test_partner_portal_pack.TestPartnerBulkUpload" name="test_get_upload_template" time="0.140" /><testcase classname="tests.test_partner_portal_pack.TestPartnerBulkUpload" name="test_validate_upload" time="0.214" /><testcase classname="tests.test_partner_portal_pack.TestPartnerBulkUpload" name="test_bulk_upload_catalog" time="0.125" /><testcase classname="tests.test_partner_portal_pack.TestCountryLaunchConfig" name="test_list_country_launch_configs" time="0.111" /><testcase classname="tests.test_partner_portal_pack.TestCountryLaunchConfig" name="test_create_country_launch_config" time="0.130" /><testcase classname="tests.test_partner_portal_pack.TestCountryLaunchConfig" name="test_get_country_launch_config" time="0.132" /><testcase classname="tests.test_partner_portal_pack.TestCountryLaunchConfig" name="test_public_country_launch_config" time="0.141" /><testcase classname="tests.test_partner_portal_pack.TestCountryLaunchConfig" name="test_delete_country_launch_config" time="0.116" /><testcase classname="tests.test_partner_portal_pack.TestCountryExpansion" name="test_join_country_waitlist" time="0.166" /><testcase classname="tests.test_partner_portal_pack.TestCountryExpansion" name="test_waitlist_missing_required_fields" time="0.108" /><testcase classname="tests.test_partner_portal_pack.TestCountryExpansion" name="test_submit_partner_application" time="0.109" /><testcase classname="tests.test_partner_portal_pack.TestCountryExpansion" name="test_partner_application_missing_required_fields" time="0.120" /><testcase classname="tests.test_partner_portal_pack.TestCountryExpansion" name="test_check_application_status" time="0.162" /><testcase classname="tests.test_partner_portal_pack.TestAdminCountryPartnerApplications" name="test_list_partner_applications" time="0.135" /><testcase classname="tests.test_partner_portal_pack.TestAdminCountryPartnerApplications" name="test_list_applications_filter_by_status" time="0.114" /><testcase classname="tests.test_partner_portal_pack.TestAdminCountryPartnerApplications" name="test_list_applications_filter_by_country" time="0.128" /><testcase classname="tests.test_partner_portal_pack.TestAdminCountryPartnerApplications" name="test_get_application_stats" time="0.193" /><testcase classname="tests.test_partner_portal_pack.TestPublicCountryCatalog" name="test_get_country_availability" time="0.113" /><testcase classname="tests.test_partner_portal_pack.TestPublicCountryCatalog" name="test_get_public_country_catalog" time="0.114" /><testcase classname="tests.test_partner_portal_pack.TestPublicCountryCatalog" name="test_get_country_categories" time="0.123" /></testsuite></testsuites>