<?xml version="1.0" encoding="utf-8"?><testsuites name="pytest tests"><testsuite name="pytest" errors="0" failures="0" skipped="0" tests="25" time="7.793" timestamp="2026-03-30T17:43:10.741874+00:00" hostname="agent-env-377db547-79ba-4c4b-b12e-55d780795bc2"><testcase classname="backend.tests.test_requests_sample_flow_v145.TestRequestsModulePublic" name="test_create_request_guest_promo_custom" time="0.314" /><testcase classname="backend.tests.test_requests_sample_flow_v145.TestRequestsModulePublic" name="test_create_request_guest_promo_sample" time="0.138" /><testcase classname="backend.tests.test_requests_sample_flow_v145.TestRequestsModulePublic" name="test_create_request_guest_product_bulk" time="0.116" /><testcase classname="backend.tests.test_requests_sample_flow_v145.TestRequestsModulePublic" name="test_create_request_guest_service_quote" time="0.128" /><testcase classname="backend.tests.test_requests_sample_flow_v145.TestRequestsModulePublic" name="test_create_request_authenticated" time="0.478" /><testcase classname="backend.tests.test_requests_sample_flow_v145.TestRequestsModulePublic" name="test_create_request_invalid_type" time="0.110" /><testcase classname="backend.tests.test_requests_sample_flow_v145.TestRequestsCTAs" name="test_get_request_ctas" time="0.144" /><testcase classname="backend.tests.test_requests_sample_flow_v145.TestAdminRequestsModule" name="test_list_requests" time="0.650" /><testcase classname="backend.tests.test_requests_sample_flow_v145.TestAdminRequestsModule" name="test_list_requests_filter_by_type" time="0.148" /><testcase classname="backend.tests.test_requests_sample_flow_v145.TestAdminRequestsModule" name="test_assign_sales_owner" time="0.597" /><testcase classname="backend.tests.test_requests_sample_flow_v145.TestAdminRequestsModule" name="test_create_quote_from_request" time="0.255" /><testcase classname="backend.tests.test_requests_sample_flow_v145.TestSampleFlowModule" name="test_create_sample_workflow_from_request" time="0.237" /><testcase classname="backend.tests.test_requests_sample_flow_v145.TestSampleFlowModule" name="test_create_sample_workflow_wrong_type" time="0.333" /><testcase classname="backend.tests.test_requests_sample_flow_v145.TestSampleFlowModule" name="test_update_sample_status" time="0.415" /><testcase classname="backend.tests.test_requests_sample_flow_v145.TestSampleFlowModule" name="test_approve_sample_admin_override" time="0.353" /><testcase classname="backend.tests.test_requests_sample_flow_v145.TestSampleFlowModule" name="test_create_actual_order_quote_after_approval" time="0.483" /><testcase classname="backend.tests.test_requests_sample_flow_v145.TestSampleFlowModule" name="test_create_actual_order_quote_before_approval_fails" time="0.377" /><testcase classname="backend.tests.test_requests_sample_flow_v145.TestGuestOrderWithAccountInvite" name="test_guest_order_returns_account_invite" time="0.148" /><testcase classname="backend.tests.test_requests_sample_flow_v145.TestExistingFlowsStillWork" name="test_admin_login" time="0.331" /><testcase classname="backend.tests.test_requests_sample_flow_v145.TestExistingFlowsStillWork" name="test_customer_login" time="0.351" /><testcase classname="backend.tests.test_requests_sample_flow_v145.TestExistingFlowsStillWork" name="test_sales_login" time="0.365" /><testcase classname="backend.tests.test_requests_sample_flow_v145.TestExistingFlowsStillWork" name="test_vendor_login" time="0.358" /><testcase classname="backend.tests.test_requests_sample_flow_v145.TestExistingFlowsStillWork" name="test_margin_engine" time="0.167" /><testcase classname="backend.tests.test_requests_sample_flow_v145.TestExistingFlowsStillWork" name="test_admin_orders_list" time="0.134" /><testcase classname="backend.tests.test_requests_sample_flow_v145.TestExistingFlowsStillWork" name="test_vendor_orders_list" time="0.526" /></testsuite></testsuites>