<?xml version="1.0" encoding="utf-8"?><testsuites name="pytest tests"><testsuite name="pytest" errors="0" failures="0" skipped="0" tests="17" time="4.998" timestamp="2026-03-28T19:35:23.272359+00:00" hostname="agent-env-b1e19c60-3a19-4e32-acf2-937ed2535c54"><testcase classname="backend.tests.test_acceptance_checks_v135.TestCheck1CustomerInvoicePayerName" name="test_customer_invoices_endpoint_returns_data" time="0.515" /><testcase classname="backend.tests.test_acceptance_checks_v135.TestCheck1CustomerInvoicePayerName" name="test_customer_invoices_have_payer_name" time="0.168" /><testcase classname="backend.tests.test_acceptance_checks_v135.TestCheck1CustomerInvoicePayerName" name="test_customer_invoice_detail_has_billing_info" time="0.283" /><testcase classname="backend.tests.test_acceptance_checks_v135.TestCheck2CustomerPaymentApprovalNotification" name="test_customer_notifications_endpoint_works" time="0.433" /><testcase classname="backend.tests.test_acceptance_checks_v135.TestCheck2CustomerPaymentApprovalNotification" name="test_customer_has_payment_approved_notification" time="0.112" /><testcase classname="backend.tests.test_acceptance_checks_v135.TestCheck2CustomerPaymentApprovalNotification" name="test_payment_approved_notification_has_correct_target_url" time="0.109" /><testcase classname="backend.tests.test_acceptance_checks_v135.TestCheck3CustomerOrderSalesContact" name="test_customer_orders_endpoint_returns_data" time="0.520" /><testcase classname="backend.tests.test_acceptance_checks_v135.TestCheck3CustomerOrderSalesContact" name="test_customer_orders_have_sales_contact" time="0.151" /><testcase classname="backend.tests.test_acceptance_checks_v135.TestCheck3CustomerOrderSalesContact" name="test_customer_order_detail_has_sales_info" time="0.250" /><testcase classname="backend.tests.test_acceptance_checks_v135.TestCheck4AdminOrdersColumns" name="test_admin_orders_endpoint_returns_data" time="0.580" /><testcase classname="backend.tests.test_acceptance_checks_v135.TestCheck4AdminOrdersColumns" name="test_admin_orders_have_customer_name" time="0.258" /><testcase classname="backend.tests.test_acceptance_checks_v135.TestCheck4AdminOrdersColumns" name="test_admin_orders_have_payer_name" time="0.255" /><testcase classname="backend.tests.test_acceptance_checks_v135.TestCheck4AdminOrdersColumns" name="test_admin_orders_have_sales_owner" time="0.272" /><testcase classname="backend.tests.test_acceptance_checks_v135.TestCheck4AdminOrdersColumns" name="test_admin_orders_have_vendor_name" time="0.311" /><testcase classname="backend.tests.test_acceptance_checks_v135.TestCheck5VendorOrdersCustomerName" name="test_vendor_orders_endpoint_returns_data" time="0.476" /><testcase classname="backend.tests.test_acceptance_checks_v135.TestCheck5VendorOrdersCustomerName" name="test_vendor_orders_have_customer_name" time="0.110" /><testcase classname="backend.tests.test_acceptance_checks_v135.TestCheck5VendorOrdersCustomerName" name="test_vendor_orders_have_customer_phone" time="0.108" /></testsuite></testsuites>