<?xml version="1.0" encoding="utf-8"?><testsuites name="pytest tests"><testsuite name="pytest" errors="0" failures="0" skipped="0" tests="29" time="10.202" timestamp="2026-04-01T08:00:37.398523+00:00" hostname="agent-env-377db547-79ba-4c4b-b12e-55d780795bc2"><testcase classname="tests.test_e2e_uat_flows_v156.TestAuthEndpoints" name="test_customer_login" time="0.343" /><testcase classname="tests.test_e2e_uat_flows_v156.TestAuthEndpoints" name="test_admin_login" time="0.318" /><testcase classname="tests.test_e2e_uat_flows_v156.TestAuthEndpoints" name="test_vendor_login" time="0.325" /><testcase classname="tests.test_e2e_uat_flows_v156.TestAuthEndpoints" name="test_sales_login" time="0.326" /><testcase classname="tests.test_e2e_uat_flows_v156.TestFlowBServiceRequest" name="test_01_submit_service_quote_request" time="0.095" /><testcase classname="tests.test_e2e_uat_flows_v156.TestFlowBServiceRequest" name="test_02_request_appears_in_admin_inbox" time="0.501" /><testcase classname="tests.test_e2e_uat_flows_v156.TestFlowBServiceRequest" name="test_03_admin_can_convert_to_lead" time="0.426" /><testcase classname="tests.test_e2e_uat_flows_v156.TestFlowBServiceRequest" name="test_04_lead_appears_in_crm" time="0.416" /><testcase classname="tests.test_e2e_uat_flows_v156.TestFlowDPromoSample" name="test_01_submit_promo_sample_request" time="0.096" /><testcase classname="tests.test_e2e_uat_flows_v156.TestFlowDPromoSample" name="test_02_promo_sample_appears_in_admin_inbox" time="0.431" /><testcase classname="tests.test_e2e_uat_flows_v156.TestFlowCPromoCustom" name="test_01_submit_promo_custom_request" time="0.096" /><testcase classname="tests.test_e2e_uat_flows_v156.TestFlowCPromoCustom" name="test_02_promo_custom_appears_in_admin_inbox" time="0.429" /><testcase classname="tests.test_e2e_uat_flows_v156.TestFlowAProductOrder" name="test_01_customer_login" time="0.326" /><testcase classname="tests.test_e2e_uat_flows_v156.TestFlowAProductOrder" name="test_02_browse_marketplace" time="0.105" /><testcase classname="tests.test_e2e_uat_flows_v156.TestFlowAProductOrder" name="test_03_submit_checkout_quote" time="0.093" /><testcase classname="tests.test_e2e_uat_flows_v156.TestFlowAProductOrder" name="test_04_admin_sees_payment_queue" time="0.438" /><testcase classname="tests.test_e2e_uat_flows_v156.TestRequestTypeCorrectness" name="test_valid_request_types_only" time="0.102" /><testcase classname="tests.test_e2e_uat_flows_v156.TestRequestTypeCorrectness" name="test_invalid_request_type_rejected" time="0.103" /><testcase classname="tests.test_e2e_uat_flows_v156.TestVendorVisibility" name="test_01_vendor_login" time="0.323" /><testcase classname="tests.test_e2e_uat_flows_v156.TestVendorVisibility" name="test_02_vendor_gets_orders" time="0.304" /><testcase classname="tests.test_e2e_uat_flows_v156.TestVendorVisibility" name="test_03_vendor_status_transitions" time="0.224" /><testcase classname="tests.test_e2e_uat_flows_v156.TestVendorVisibility" name="test_04_vendor_cannot_set_logistics_status" time="0.518" /><testcase classname="tests.test_e2e_uat_flows_v156.TestSalesDeliveryOverride" name="test_01_sales_login" time="0.318" /><testcase classname="tests.test_e2e_uat_flows_v156.TestSalesDeliveryOverride" name="test_02_sales_can_get_logistics_status" time="1.054" /><testcase classname="tests.test_e2e_uat_flows_v156.TestCRMFlow" name="test_01_crm_leads_list" time="0.437" /><testcase classname="tests.test_e2e_uat_flows_v156.TestCRMFlow" name="test_02_update_lead_status" time="0.537" /><testcase classname="tests.test_e2e_uat_flows_v156.TestIdentityVerification" name="test_01_payment_queue_has_payer_info" time="0.434" /><testcase classname="tests.test_e2e_uat_flows_v156.TestIdentityVerification" name="test_02_invoices_list_has_payer_info" time="0.551" /><testcase classname="tests.test_e2e_uat_flows_v156.TestQuotesAPI" name="test_01_list_quotes" time="0.439" /></testsuite></testsuites>