<?xml version="1.0" encoding="utf-8"?><testsuites name="pytest tests"><testsuite name="pytest" errors="0" failures="0" skipped="0" tests="16" time="2.812" timestamp="2026-04-12T17:35:35.749357+00:00" hostname="agent-env-377db547-79ba-4c4b-b12e-55d780795bc2"><testcase classname="backend.tests.test_data_integrity_dashboard_v287.TestDataIntegritySummary" name="test_summary_returns_200" time="0.579" /><testcase classname="backend.tests.test_data_integrity_dashboard_v287.TestDataIntegritySummary" name="test_summary_has_health_score" time="0.165" /><testcase classname="backend.tests.test_data_integrity_dashboard_v287.TestDataIntegritySummary" name="test_summary_has_total_issues" time="0.125" /><testcase classname="backend.tests.test_data_integrity_dashboard_v287.TestDataIntegritySummary" name="test_summary_has_categories" time="0.124" /><testcase classname="backend.tests.test_data_integrity_dashboard_v287.TestDataIntegritySummary" name="test_summary_has_context" time="0.133" /><testcase classname="backend.tests.test_data_integrity_dashboard_v287.TestDataIntegrityDetails" name="test_stuck_orders_returns_list" time="0.140" /><testcase classname="backend.tests.test_data_integrity_dashboard_v287.TestDataIntegrityDetails" name="test_overdue_invoices_returns_list" time="0.141" /><testcase classname="backend.tests.test_data_integrity_dashboard_v287.TestDataIntegrityDetails" name="test_pending_efd_returns_list" time="0.127" /><testcase classname="backend.tests.test_data_integrity_dashboard_v287.TestDataIntegrityDetails" name="test_missing_vrn_returns_list" time="0.111" /><testcase classname="backend.tests.test_data_integrity_dashboard_v287.TestDataIntegrityDetails" name="test_unconfirmed_deliveries_returns_list" time="0.117" /><testcase classname="backend.tests.test_data_integrity_dashboard_v287.TestDataIntegrityDetails" name="test_unknown_category_returns_empty" time="0.110" /><testcase classname="backend.tests.test_data_integrity_dashboard_v287.TestCustomerPortal" name="test_customer_login_works" time="0.330" /><testcase classname="backend.tests.test_data_integrity_dashboard_v287.TestCustomerPortal" name="test_customer_orders_endpoint" time="0.136" /><testcase classname="backend.tests.test_data_integrity_dashboard_v287.TestCustomerPortal" name="test_customer_quotes_endpoint" time="0.120" /><testcase classname="backend.tests.test_data_integrity_dashboard_v287.TestCustomerPortal" name="test_customer_invoices_endpoint" time="0.114" /><testcase classname="backend.tests.test_data_integrity_dashboard_v287.TestAdminNavigation" name="test_admin_can_access_data_integrity" time="0.116" /></testsuite></testsuites>