<?xml version="1.0" encoding="utf-8"?><testsuites name="pytest tests"><testsuite name="pytest" errors="0" failures="0" skipped="0" tests="11" time="4.189" timestamp="2026-03-13T12:18:34.401678+00:00" hostname="agent-env-dc8a14e9-deb2-429c-b417-028c4f6b9f2f"><testcase classname="backend.tests.test_audit_launch_report.TestAuditLogEndpoints" name="test_audit_log_requires_auth" time="2.438" /><testcase classname="backend.tests.test_audit_launch_report.TestAuditLogEndpoints" name="test_list_audit_logs" time="0.502" /><testcase classname="backend.tests.test_audit_launch_report.TestAuditLogEndpoints" name="test_list_audit_logs_with_filters" time="0.107" /><testcase classname="backend.tests.test_audit_launch_report.TestAuditLogEndpoints" name="test_get_entity_audit_logs" time="0.143" /><testcase classname="backend.tests.test_audit_launch_report.TestAuditLogEndpoints" name="test_list_audit_actions" time="0.104" /><testcase classname="backend.tests.test_audit_launch_report.TestAuditLogEndpoints" name="test_list_entity_types" time="0.125" /><testcase classname="backend.tests.test_audit_launch_report.TestLaunchReportEndpoints" name="test_launch_report_json_requires_auth" time="0.110" /><testcase classname="backend.tests.test_audit_launch_report.TestLaunchReportEndpoints" name="test_launch_report_pdf_requires_auth" time="0.119" /><testcase classname="backend.tests.test_audit_launch_report.TestLaunchReportEndpoints" name="test_get_launch_report_json" time="0.113" /><testcase classname="backend.tests.test_audit_launch_report.TestLaunchReportEndpoints" name="test_get_launch_report_pdf" time="0.144" /><testcase classname="backend.tests.test_audit_launch_report.TestExistingHealthEndpoints" name="test_qa_health_check" time="0.186" /></testsuite></testsuites>