<?xml version="1.0" encoding="utf-8"?><testsuites name="pytest tests"><testsuite name="pytest" errors="0" failures="1" skipped="0" tests="15" time="1.968" timestamp="2026-04-01T09:17:51.958604+00:00" hostname="agent-env-377db547-79ba-4c4b-b12e-55d780795bc2"><testcase classname="backend.tests.test_pack1_service_promo_v157.TestServiceCatalogAPI" name="test_service_catalog_types_endpoint_exists" time="0.270" /><testcase classname="backend.tests.test_pack1_service_promo_v157.TestServiceCatalogAPI" name="test_service_request_templates_endpoint" time="0.051" /><testcase classname="backend.tests.test_pack1_service_promo_v157.TestPublicRequestIntake" name="test_service_quote_request" time="0.069" /><testcase classname="backend.tests.test_pack1_service_promo_v157.TestPublicRequestIntake" name="test_promo_custom_request" time="0.062" /><testcase classname="backend.tests.test_pack1_service_promo_v157.TestPublicRequestIntake" name="test_promo_sample_request" time="0.051" /><testcase classname="backend.tests.test_pack1_service_promo_v157.TestPublicRequestIntake" name="test_contact_general_request" time="0.050" /><testcase classname="backend.tests.test_pack1_service_promo_v157.TestPublicRequestIntake" name="test_invalid_request_type_rejected" time="0.047" /><testcase classname="backend.tests.test_pack1_service_promo_v157.TestAuthenticatedPromoRequest" name="test_promo_multi_item_request" time="0.327"><failure message="AssertionError: assert None == 'promo_custom'&#10; +  where None = &lt;built-in method get of dict object at 0xfe2df9122840&gt;('request_type')&#10; +    where &lt;built-in method get of dict object at 0xfe2df9122840&gt; = {'account_invite': None, 'ok': True, 'request_id': '88f182f8-3963-4cbf-b163-32706fb08319', 'request_number': 'REQ-260401-88F182', ...}.get">backend/tests/test_pack1_service_promo_v157.py:235: in test_promo_multi_item_request
    assert data.get("request_type") == "promo_custom"
E   AssertionError: assert None == 'promo_custom'
E    +  where None = &lt;built-in method get of dict object at 0xfe2df9122840&gt;('request_type')
E    +    where &lt;built-in method get of dict object at 0xfe2df9122840&gt; = {'account_invite': None, 'ok': True, 'request_id': '88f182f8-3963-4cbf-b163-32706fb08319', 'request_number': 'REQ-260401-88F182', ...}.get</failure></testcase><testcase classname="backend.tests.test_pack1_service_promo_v157.TestAdminRequestsInbox" name="test_admin_can_list_requests" time="0.384" /><testcase classname="backend.tests.test_pack1_service_promo_v157.TestAdminRequestsInbox" name="test_admin_can_filter_by_request_type" time="0.190" /><testcase classname="backend.tests.test_pack1_service_promo_v157.TestAdminRequestsInbox" name="test_requests_not_in_guest_leads" time="0.125" /><testcase classname="backend.tests.test_pack1_service_promo_v157.TestMarketplaceTaxonomy" name="test_marketplace_taxonomy" time="0.057" /><testcase classname="backend.tests.test_pack1_service_promo_v157.TestMarketplaceTaxonomy" name="test_marketplace_products_search" time="0.058" /><testcase classname="backend.tests.test_pack1_service_promo_v157.TestRequestCTAs" name="test_request_ctas_endpoint" time="0.052" /><testcase classname="backend.tests.test_pack1_service_promo_v157.TestServicePageURLPreselection" name="test_service_quote_type_preselection" time="0.051" /></testsuite></testsuites>