<?xml version="1.0" encoding="utf-8"?><testsuites name="pytest tests"><testsuite name="pytest" errors="0" failures="0" skipped="0" tests="12" time="2.285" timestamp="2026-03-23T17:04:17.238170+00:00" hostname="agent-env-0c0588a6-35ab-4035-b70d-55bc68f74395"><testcase classname="backend.tests.test_launch_critical_pack.TestWhatsAppTwilioIntegration" name="test_whatsapp_status_endpoint" time="0.166" /><testcase classname="backend.tests.test_launch_critical_pack.TestWhatsAppTwilioIntegration" name="test_whatsapp_send_live_missing_params" time="0.122" /><testcase classname="backend.tests.test_launch_critical_pack.TestWhatsAppTwilioIntegration" name="test_whatsapp_send_live_graceful_failure" time="0.107" /><testcase classname="backend.tests.test_launch_critical_pack.TestWhatsAppTwilioIntegration" name="test_whatsapp_payment_approved_event_missing_to" time="0.102" /><testcase classname="backend.tests.test_launch_critical_pack.TestWhatsAppTwilioIntegration" name="test_whatsapp_payment_approved_event_queues_notification" time="0.138" /><testcase classname="backend.tests.test_launch_critical_pack.TestWhatsAppTwilioIntegration" name="test_whatsapp_quote_ready_event_missing_to" time="0.110" /><testcase classname="backend.tests.test_launch_critical_pack.TestWhatsAppTwilioIntegration" name="test_whatsapp_quote_ready_event_queues_notification" time="0.132" /><testcase classname="backend.tests.test_launch_critical_pack.TestWhatsAppTwilioIntegration" name="test_whatsapp_order_shipped_event_missing_to" time="0.122" /><testcase classname="backend.tests.test_launch_critical_pack.TestWhatsAppTwilioIntegration" name="test_whatsapp_order_shipped_event_queues_notification" time="0.117" /><testcase classname="backend.tests.test_launch_critical_pack.TestWhatsAppTwilioIntegration" name="test_whatsapp_logs_endpoint" time="0.112" /><testcase classname="backend.tests.test_launch_critical_pack.TestCustomerOrderEndpoint" name="test_customer_order_detail_endpoint_exists" time="0.487" /><testcase classname="backend.tests.test_launch_critical_pack.TestCustomerOrderEndpoint" name="test_customer_orders_list" time="0.465" /></testsuite></testsuites>