<?xml version="1.0" encoding="utf-8"?><testsuites name="pytest tests"><testsuite name="pytest" errors="2" failures="0" skipped="0" tests="13" time="4.268" timestamp="2026-04-17T13:11:35.198130+00:00" hostname="agent-env-377db547-79ba-4c4b-b12e-55d780795bc2"><testcase classname="backend.tests.test_konekt_batch1_fixes_v336.TestDashboardProfitKPI" name="test_dashboard_kpis_returns_profit_month" time="0.449" /><testcase classname="backend.tests.test_konekt_batch1_fixes_v336.TestDashboardProfitKPI" name="test_dashboard_kpis_has_charts" time="0.418" /><testcase classname="backend.tests.test_konekt_batch1_fixes_v336.TestGoLiveResetEndpoint" name="test_go_live_reset_endpoint_exists" time="0.387" /><testcase classname="backend.tests.test_konekt_batch1_fixes_v336.TestSettingsHubLaunchControls" name="test_settings_hub_has_launch_controls" time="0.418" /><testcase classname="backend.tests.test_konekt_batch1_fixes_v336.TestMarketplaceEndpoints" name="test_marketplace_products_search" time="0.188" /><testcase classname="backend.tests.test_konekt_batch1_fixes_v336.TestMarketplaceEndpoints" name="test_marketplace_taxonomy" time="0.113" /><testcase classname="backend.tests.test_konekt_batch1_fixes_v336.TestQuoteCreationEndpoints" name="test_document_render_settings" time="0.385" /><testcase classname="backend.tests.test_konekt_batch1_fixes_v336.TestQuoteCreationEndpoints" name="test_business_settings_endpoint" time="0.404" /><testcase classname="backend.tests.test_konekt_batch1_fixes_v336.TestQuoteCreationEndpoints" name="test_customers_list_endpoint" time="0.384" /><testcase classname="backend.tests.test_konekt_batch1_fixes_v336.TestOperationsNavigation" name="test_vendor_ops_orders_endpoint" time="0.393" /><testcase classname="backend.tests.test_konekt_batch1_fixes_v336.TestOperationsNavigation" name="test_site_visits_endpoint" time="0.379" /><testcase classname="backend.tests.test_konekt_batch1_fixes_v336.TestOperationsNavigation" name="test_deliveries_endpoint" time="0.110"><error message="failed on setup with &quot;AssertionError: Login failed: {&quot;detail&quot;:&quot;Too many login attempts. Please try again later.&quot;}&#10;assert 429 == 200&#10; +  where 429 = &lt;Response [429]&gt;.status_code&quot;">backend/tests/test_konekt_batch1_fixes_v336.py:248: in setup
    assert login_resp.status_code == 200, f"Login failed: {login_resp.text}"
E   AssertionError: Login failed: {"detail":"Too many login attempts. Please try again later."}
E   assert 429 == 200
E    +  where 429 = &lt;Response [429]&gt;.status_code</error></testcase><testcase classname="backend.tests.test_konekt_batch1_fixes_v336.TestOperationsNavigation" name="test_purchase_orders_endpoint" time="0.114"><error message="failed on setup with &quot;AssertionError: Login failed: {&quot;detail&quot;:&quot;Too many login attempts. Please try again later.&quot;}&#10;assert 429 == 200&#10; +  where 429 = &lt;Response [429]&gt;.status_code&quot;">backend/tests/test_konekt_batch1_fixes_v336.py:248: in setup
    assert login_resp.status_code == 200, f"Login failed: {login_resp.text}"
E   AssertionError: Login failed: {"detail":"Too many login attempts. Please try again later."}
E   assert 429 == 200
E    +  where 429 = &lt;Response [429]&gt;.status_code</error></testcase></testsuite></testsuites>