<?xml version="1.0" encoding="utf-8"?><testsuites name="pytest tests"><testsuite name="pytest" errors="0" failures="0" skipped="0" tests="20" time="3.749" timestamp="2026-03-12T18:16:28.468155+00:00" hostname="agent-env-a95a3f93-4684-4e9d-beeb-11d5466b117f"><testcase classname="tests.test_creative_services_tasks_pdf.TestHealthCheck" name="test_api_health" time="0.132" /><testcase classname="tests.test_creative_services_tasks_pdf.TestPDFServiceV2" name="test_get_quote_for_pdf" time="0.479" /><testcase classname="tests.test_creative_services_tasks_pdf.TestPDFServiceV2" name="test_export_quote_pdf" time="0.252" /><testcase classname="tests.test_creative_services_tasks_pdf.TestPDFServiceV2" name="test_export_invoice_pdf" time="0.233" /><testcase classname="tests.test_creative_services_tasks_pdf.TestPDFServiceV2" name="test_pdf_not_found" time="0.153" /><testcase classname="tests.test_creative_services_tasks_pdf.TestPDFServiceV2" name="test_pdf_invalid_id" time="0.123" /><testcase classname="tests.test_creative_services_tasks_pdf.TestCreativeServicesV2" name="test_list_active_services" time="0.132" /><testcase classname="tests.test_creative_services_tasks_pdf.TestCreativeServicesV2" name="test_get_flyer_design_service" time="0.118" /><testcase classname="tests.test_creative_services_tasks_pdf.TestCreativeServicesV2" name="test_flyer_design_brief_fields" time="0.115" /><testcase classname="tests.test_creative_services_tasks_pdf.TestCreativeServicesV2" name="test_flyer_design_addons" time="0.133" /><testcase classname="tests.test_creative_services_tasks_pdf.TestCreativeServicesV2" name="test_get_logo_design_service" time="0.110" /><testcase classname="tests.test_creative_services_tasks_pdf.TestCreativeServicesV2" name="test_service_not_found" time="0.129" /><testcase classname="tests.test_creative_services_tasks_pdf.TestCreativeServicesV2" name="test_submit_creative_brief_order" time="0.133" /><testcase classname="tests.test_creative_services_tasks_pdf.TestTasksAPI" name="test_get_all_tasks" time="0.111" /><testcase classname="tests.test_creative_services_tasks_pdf.TestTasksAPI" name="test_tasks_have_required_fields" time="0.114" /><testcase classname="tests.test_creative_services_tasks_pdf.TestTasksAPI" name="test_filter_tasks_by_status" time="0.101" /><testcase classname="tests.test_creative_services_tasks_pdf.TestTasksAPI" name="test_filter_tasks_by_priority" time="0.137" /><testcase classname="tests.test_creative_services_tasks_pdf.TestTasksAPI" name="test_create_and_verify_task" time="0.265" /><testcase classname="tests.test_creative_services_tasks_pdf.TestTasksAPI" name="test_update_task_status" time="0.468" /><testcase classname="tests.test_creative_services_tasks_pdf.TestPricingCalculation" name="test_total_calculation_with_addons" time="0.238" /></testsuite></testsuites>