<?xml version="1.0" encoding="utf-8"?><testsuites name="pytest tests"><testsuite name="pytest" errors="0" failures="0" skipped="0" tests="26" time="5.049" timestamp="2026-04-09T18:08:48.333463+00:00" hostname="agent-env-377db547-79ba-4c4b-b12e-55d780795bc2"><testcase classname="backend.tests.test_weekly_alerts_v233.TestWeeklyPerformanceReport" name="test_weekly_performance_returns_200" time="0.745" /><testcase classname="backend.tests.test_weekly_alerts_v233.TestWeeklyPerformanceReport" name="test_weekly_performance_has_executive_summary" time="0.184" /><testcase classname="backend.tests.test_weekly_alerts_v233.TestWeeklyPerformanceReport" name="test_weekly_performance_has_sales_performance" time="0.118" /><testcase classname="backend.tests.test_weekly_alerts_v233.TestWeeklyPerformanceReport" name="test_weekly_performance_has_financial_summary" time="0.147" /><testcase classname="backend.tests.test_weekly_alerts_v233.TestWeeklyPerformanceReport" name="test_weekly_performance_has_customer_experience" time="0.131" /><testcase classname="backend.tests.test_weekly_alerts_v233.TestWeeklyPerformanceReport" name="test_weekly_performance_has_product_intelligence" time="0.118" /><testcase classname="backend.tests.test_weekly_alerts_v233.TestWeeklyPerformanceReport" name="test_weekly_performance_has_procurement" time="0.125" /><testcase classname="backend.tests.test_weekly_alerts_v233.TestWeeklyPerformanceReport" name="test_weekly_performance_has_risk_alerts" time="0.118" /><testcase classname="backend.tests.test_weekly_alerts_v233.TestWeeklyPerformanceReport" name="test_weekly_performance_has_action_recommendations" time="0.120" /><testcase classname="backend.tests.test_weekly_alerts_v233.TestWeeklyPerformanceReport" name="test_weekly_performance_has_period" time="0.120" /><testcase classname="backend.tests.test_weekly_alerts_v233.TestWeeklyPerformanceReport" name="test_weekly_performance_weeks_back_navigation" time="0.256" /><testcase classname="backend.tests.test_weekly_alerts_v233.TestAlertDashboard" name="test_get_alerts_returns_200" time="0.105" /><testcase classname="backend.tests.test_weekly_alerts_v233.TestAlertDashboard" name="test_get_alerts_has_kpis" time="0.127" /><testcase classname="backend.tests.test_weekly_alerts_v233.TestAlertDashboard" name="test_get_alerts_has_alerts_array" time="0.109" /><testcase classname="backend.tests.test_weekly_alerts_v233.TestAlertDashboard" name="test_generate_alerts_returns_200" time="0.136" /><testcase classname="backend.tests.test_weekly_alerts_v233.TestAlertDashboard" name="test_filter_alerts_by_severity" time="0.108" /><testcase classname="backend.tests.test_weekly_alerts_v233.TestAlertDashboard" name="test_filter_alerts_by_status" time="0.108" /><testcase classname="backend.tests.test_weekly_alerts_v233.TestAlertDashboard" name="test_filter_alerts_by_type" time="0.110" /><testcase classname="backend.tests.test_weekly_alerts_v233.TestAlertDashboard" name="test_alerts_sorted_by_priority" time="0.122" /><testcase classname="backend.tests.test_weekly_alerts_v233.TestRoleBasedAccess" name="test_admin_can_access_weekly_performance" time="0.159" /><testcase classname="backend.tests.test_weekly_alerts_v233.TestRoleBasedAccess" name="test_admin_can_access_alerts" time="0.116" /><testcase classname="backend.tests.test_weekly_alerts_v233.TestRoleBasedAccess" name="test_sales_manager_can_access_weekly_performance" time="0.462" /><testcase classname="backend.tests.test_weekly_alerts_v233.TestRoleBasedAccess" name="test_sales_manager_can_access_alerts" time="0.111" /><testcase classname="backend.tests.test_weekly_alerts_v233.TestRoleBasedAccess" name="test_finance_manager_can_access_weekly_performance" time="0.512" /><testcase classname="backend.tests.test_weekly_alerts_v233.TestRoleBasedAccess" name="test_finance_manager_can_access_alerts" time="0.115" /><testcase classname="backend.tests.test_weekly_alerts_v233.TestAlertResolve" name="test_resolve_alert_flow" time="0.345" /></testsuite></testsuites>