<?xml version="1.0" encoding="utf-8"?><testsuites name="pytest tests"><testsuite name="pytest" errors="0" failures="0" skipped="0" tests="13" time="5.700" timestamp="2026-04-10T16:12:30.817659+00:00" hostname="agent-env-377db547-79ba-4c4b-b12e-55d780795bc2"><testcase classname="backend.tests.test_partner_data_access_v251.TestPartnerDataAccessControl" name="test_api_health" time="0.143" /><testcase classname="backend.tests.test_partner_data_access_v251.TestPartnerDataAccessControl" name="test_partner_assigned_work_returns_is_logistics_flag" time="0.449" /><testcase classname="backend.tests.test_partner_data_access_v251.TestPartnerDataAccessControl" name="test_partner_assigned_work_returns_partner_type" time="0.417" /><testcase classname="backend.tests.test_partner_data_access_v251.TestPartnerDataAccessControl" name="test_logistics_partner_sees_client_data" time="0.410" /><testcase classname="backend.tests.test_partner_data_access_v251.TestPartnerDataAccessControl" name="test_partner_work_stats_endpoint" time="0.394" /><testcase classname="backend.tests.test_partner_data_access_v251.TestAdminDashboardWidget" name="test_service_tasks_stats_summary" time="0.475" /><testcase classname="backend.tests.test_partner_data_access_v251.TestAdminDashboardWidget" name="test_service_tasks_overdue_costs" time="0.389" /><testcase classname="backend.tests.test_partner_data_access_v251.TestAdminDashboardWidget" name="test_service_tasks_list" time="0.411" /><testcase classname="backend.tests.test_partner_data_access_v251.TestPaymentQueueRegression" name="test_payment_queue_status_normalization" time="0.493" /><testcase classname="backend.tests.test_partner_data_access_v251.TestPaymentQueueRegression" name="test_payment_queue_filter_uploaded" time="0.411" /><testcase classname="backend.tests.test_partner_data_access_v251.TestAdminOrdersRegression" name="test_admin_orders_list_has_payer_name" time="0.545" /><testcase classname="backend.tests.test_partner_data_access_v251.TestAdminOrdersRegression" name="test_admin_order_detail_has_payer_name_waterfall" time="0.596" /><testcase classname="backend.tests.test_partner_data_access_v251.TestNotificationWiring" name="test_notification_service_exists" time="0.448" /></testsuite></testsuites>