<?xml version="1.0" encoding="utf-8"?><testsuites name="pytest tests"><testsuite name="pytest" errors="0" failures="1" skipped="0" tests="20" time="4.591" timestamp="2026-04-23T04:38:58.897742+00:00" hostname="agent-env-377db547-79ba-4c4b-b12e-55d780795bc2"><testcase classname="tests.test_session_4_extended.TestAgreementTemplate" name="test_template_has_version_and_eight_clauses" time="0.753" /><testcase classname="tests.test_session_4_extended.TestAgreementTemplate" name="test_status_has_required_fields" time="0.111" /><testcase classname="tests.test_session_4_extended.TestAgreementFieldValidation" name="test_missing_required_field_returns_400[vendor_legal_name]" time="0.131" /><testcase classname="tests.test_session_4_extended.TestAgreementFieldValidation" name="test_missing_required_field_returns_400[vendor_address]" time="0.131" /><testcase classname="tests.test_session_4_extended.TestAgreementFieldValidation" name="test_missing_required_field_returns_400[signatory_title]" time="0.113" /><testcase classname="tests.test_session_4_extended.TestAgreementFieldValidation" name="test_missing_required_field_returns_400[signatory_email]" time="0.115" /><testcase classname="tests.test_session_4_extended.TestAgreementFieldValidation" name="test_empty_signature_text_400" time="0.139" /><testcase classname="tests.test_session_4_extended.TestAgreementFieldValidation" name="test_signature_match_is_case_insensitive" time="0.142" /><testcase classname="tests.test_session_4_extended.TestAgreementFieldValidation" name="test_sign_persists_ip_and_writes_pdf_on_disk" time="0.119" /><testcase classname="tests.test_session_4_extended.TestAgreementFieldValidation" name="test_signed_pdf_is_reachable_via_public_url" time="0.246"><failure message="AssertionError: URL returned non-PDF body (ctype=text/html; charset=utf-8)&#10;assert (False or b'&lt;!do' == b'%PDF'&#10; +  where False = &lt;built-in method startswith of str object at 0xfeac15615070&gt;('application/pdf')&#10; +    where &lt;built-in method startswith of str object at 0xfeac15615070&gt; = 'text/html; charset=utf-8'.startswith&#10; +      where 'text/html; charset=utf-8' = get('content-type', '')&#10; +        where get = Headers({'date': 'Thu, 23 Apr 2026 04:39:01 GMT', 'content-type': 'text/html; charset=utf-8', 'transfer-encoding': 'chunked', 'connection': 'keep-alive', 'cf-ray': '9f0a2e977b270046-ORD', 'cf-cache-status': 'DYNAMIC', 'access-control-allow-origin': '*', 'cache-control': 'no-store, no-cache, must-revalidate', 'server': 'cloudflare', 'vary': 'Accept-Encoding', 'via': '1.1 google', 'access-control-max-age': '300', 'access-control-allow-headers': '*', 'access-control-allow-methods': 'GET, POST, PUT, DELETE, OPTIONS, HEAD, PATCH', 'x-powered-by': 'Express', 'set-cookie': '__cf_bm=ijYoNcBmqX82Ce3cSvZ3gkz1At0UH9J9ShQtPTpwi0A-1776919141.040365-1.0.1.1-A4PMXSZm6VVSLHkScgcVm8faePRqyKJnTVaSoK3RdE92Yc.ODTUesiN4BZ99zS2RvjSfN4mgeOzgRUk2EJw.OmlGK7T6hqtL5a9yI5xPl4Yd_wVEOVmbYbHQTd9q_9ha; HttpOnly; Secure; Path=/; Domain=preview.emergentagent.com; Expires=Thu, 23 Apr 2026 05:09:01 GMT', 'x-robots-tag': 'noindex, nofollow', 'content-encoding': 'gzip'}).get&#10; +          where Headers({'date': 'Thu, 23 Apr 2026 04:39:01 GMT', 'content-type': 'text/html; charset=utf-8', 'transfer-encoding': 'chunked', 'connection': 'keep-alive', 'cf-ray': '9f0a2e977b270046-ORD', 'cf-cache-status': 'DYNAMIC', 'access-control-allow-origin': '*', 'cache-control': 'no-store, no-cache, must-revalidate', 'server': 'cloudflare', 'vary': 'Accept-Encoding', 'via': '1.1 google', 'access-control-max-age': '300', 'access-control-allow-headers': '*', 'access-control-allow-methods': 'GET, POST, PUT, DELETE, OPTIONS, HEAD, PATCH', 'x-powered-by': 'Express', 'set-cookie': '__cf_bm=ijYoNcBmqX82Ce3cSvZ3gkz1At0UH9J9ShQtPTpwi0A-1776919141.040365-1.0.1.1-A4PMXSZm6VVSLHkScgcVm8faePRqyKJnTVaSoK3RdE92Yc.ODTUesiN4BZ99zS2RvjSfN4mgeOzgRUk2EJw.OmlGK7T6hqtL5a9yI5xPl4Yd_wVEOVmbYbHQTd9q_9ha; HttpOnly; Secure; Path=/; Domain=preview.emergentagent.com; Expires=Thu, 23 Apr 2026 05:09:01 GMT', 'x-robots-tag': 'noindex, nofollow', 'content-encoding': 'gzip'}) = &lt;Response [200 OK]&gt;.headers&#10;  &#10;  At index 0 diff: b'&lt;' != b'%'&#10;  &#10;  Full diff:&#10;  - b'%PDF'&#10;  + b'&lt;!do')">tests/test_session_4_extended.py:242: in test_signed_pdf_is_reachable_via_public_url
    assert (pdf.headers.get("content-type", "").startswith("application/pdf")
E   AssertionError: URL returned non-PDF body (ctype=text/html; charset=utf-8)
E   assert (False or b'&lt;!do' == b'%PDF'
E    +  where False = &lt;built-in method startswith of str object at 0xfeac15615070&gt;('application/pdf')
E    +    where &lt;built-in method startswith of str object at 0xfeac15615070&gt; = 'text/html; charset=utf-8'.startswith
E    +      where 'text/html; charset=utf-8' = get('content-type', '')
E    +        where get = Headers({'date': 'Thu, 23 Apr 2026 04:39:01 GMT', 'content-type': 'text/html; charset=utf-8', 'transfer-encoding': 'chunked', 'connection': 'keep-alive', 'cf-ray': '9f0a2e977b270046-ORD', 'cf-cache-status': 'DYNAMIC', 'access-control-allow-origin': '*', 'cache-control': 'no-store, no-cache, must-revalidate', 'server': 'cloudflare', 'vary': 'Accept-Encoding', 'via': '1.1 google', 'access-control-max-age': '300', 'access-control-allow-headers': '*', 'access-control-allow-methods': 'GET, POST, PUT, DELETE, OPTIONS, HEAD, PATCH', 'x-powered-by': 'Express', 'set-cookie': '__cf_bm=ijYoNcBmqX82Ce3cSvZ3gkz1At0UH9J9ShQtPTpwi0A-1776919141.040365-1.0.1.1-A4PMXSZm6VVSLHkScgcVm8faePRqyKJnTVaSoK3RdE92Yc.ODTUesiN4BZ99zS2RvjSfN4mgeOzgRUk2EJw.OmlGK7T6hqtL5a9yI5xPl4Yd_wVEOVmbYbHQTd9q_9ha; HttpOnly; Secure; Path=/; Domain=preview.emergentagent.com; Expires=Thu, 23 Apr 2026 05:09:01 GMT', 'x-robots-tag': 'noindex, nofollow', 'content-encoding': 'gzip'}).get
E    +          where Headers({'date': 'Thu, 23 Apr 2026 04:39:01 GMT', 'content-type': 'text/html; charset=utf-8', 'transfer-encoding': 'chunked', 'connection': 'keep-alive', 'cf-ray': '9f0a2e977b270046-ORD', 'cf-cache-status': 'DYNAMIC', 'access-control-allow-origin': '*', 'cache-control': 'no-store, no-cache, must-revalidate', 'server': 'cloudflare', 'vary': 'Accept-Encoding', 'via': '1.1 google', 'access-control-max-age': '300', 'access-control-allow-headers': '*', 'access-control-allow-methods': 'GET, POST, PUT, DELETE, OPTIONS, HEAD, PATCH', 'x-powered-by': 'Express', 'set-cookie': '__cf_bm=ijYoNcBmqX82Ce3cSvZ3gkz1At0UH9J9ShQtPTpwi0A-1776919141.040365-1.0.1.1-A4PMXSZm6VVSLHkScgcVm8faePRqyKJnTVaSoK3RdE92Yc.ODTUesiN4BZ99zS2RvjSfN4mgeOzgRUk2EJw.OmlGK7T6hqtL5a9yI5xPl4Yd_wVEOVmbYbHQTd9q_9ha; HttpOnly; Secure; Path=/; Domain=preview.emergentagent.com; Expires=Thu, 23 Apr 2026 05:09:01 GMT', 'x-robots-tag': 'noindex, nofollow', 'content-encoding': 'gzip'}) = &lt;Response [200 OK]&gt;.headers
E     
E     At index 0 diff: b'&lt;' != b'%'
E     
E     Full diff:
E     - b'%PDF'
E     + b'&lt;!do')</failure></testcase><testcase classname="tests.test_session_4_extended.TestAdminAgreementList" name="test_stats_shape_and_coverage_within_0_100" time="0.113" /><testcase classname="tests.test_session_4_extended.TestAdminAgreementList" name="test_admin_list_excludes_mongo_objectid_and_includes_vendor_display" time="0.116" /><testcase classname="tests.test_session_4_extended.TestAdminAgreementList" name="test_admin_list_status_filter" time="0.108" /><testcase classname="tests.test_session_4_extended.TestImpersonationEdgeCases" name="test_impersonate_partner_without_active_user_returns_400" time="0.131" /><testcase classname="tests.test_session_4_extended.TestImpersonationEdgeCases" name="test_impersonation_log_end_sets_ended_at_and_duration" time="1.567" /><testcase classname="tests.test_session_4_extended.TestImpersonationEdgeCases" name="test_impersonation_token_is_partner_token" time="0.116" /><testcase classname="tests.test_session_4_extended.TestImpersonationEdgeCases" name="test_impersonation_log_requires_auth" time="0.105" /><testcase classname="tests.test_session_4_extended.TestImpersonationEdgeCases" name="test_impersonation_log_rejects_partner_token" time="0.107" /><testcase classname="tests.test_session_4_extended.TestAdminNavConfig" name="test_nav_contains_vendor_agreements_under_payments_finance" time="0.000" /><testcase classname="tests.test_session_4_extended.TestAdminNavConfig" name="test_nav_contains_impersonation_log_under_people_control" time="0.000" /></testsuite></testsuites>