<?xml version="1.0" encoding="utf-8"?><testsuites name="pytest tests"><testsuite name="pytest" errors="0" failures="0" skipped="0" tests="19" time="2.302" timestamp="2026-03-21T14:29:21.154579+00:00" hostname="agent-env-8cc33105-5079-4e76-82c1-1a7f49aa368f"><testcase classname="backend.tests.test_commission_margin_engine.TestCommissionEngineDefaultConfig" name="test_get_default_config_returns_200" time="0.139" /><testcase classname="backend.tests.test_commission_margin_engine.TestCommissionEngineDefaultConfig" name="test_default_config_has_required_fields" time="0.101" /><testcase classname="backend.tests.test_commission_margin_engine.TestCommissionEngineDefaultConfig" name="test_default_config_values_are_correct" time="0.166" /><testcase classname="backend.tests.test_commission_margin_engine.TestCommissionEnginePreview" name="test_preview_returns_200" time="0.103" /><testcase classname="backend.tests.test_commission_margin_engine.TestCommissionEnginePreview" name="test_preview_calculates_margin_pool_correctly" time="0.106" /><testcase classname="backend.tests.test_commission_margin_engine.TestCommissionEnginePreview" name="test_preview_calculates_distribution_correctly" time="0.099" /><testcase classname="backend.tests.test_commission_margin_engine.TestCommissionEnginePreview" name="test_preview_auto_scales_when_exceeds_distributable" time="0.103" /><testcase classname="backend.tests.test_commission_margin_engine.TestCommissionEnginePreview" name="test_preview_handles_zero_margin" time="0.103" /><testcase classname="backend.tests.test_commission_margin_engine.TestCommissionEngineValidateConfig" name="test_validate_config_returns_200" time="0.099" /><testcase classname="backend.tests.test_commission_margin_engine.TestCommissionEngineValidateConfig" name="test_validate_config_valid_allocation" time="0.120" /><testcase classname="backend.tests.test_commission_margin_engine.TestCommissionEngineValidateConfig" name="test_validate_config_exceeds_100_percent" time="0.105" /><testcase classname="backend.tests.test_commission_margin_engine.TestCommissionEngineValidateConfig" name="test_validate_config_high_allocation_warning" time="0.112" /><testcase classname="backend.tests.test_commission_margin_engine.TestCommissionEngineValidateConfig" name="test_validate_config_low_protected_margin_warning" time="0.099" /><testcase classname="backend.tests.test_commission_margin_engine.TestCommissionEngineCalculateOrder" name="test_calculate_order_returns_200" time="0.109" /><testcase classname="backend.tests.test_commission_margin_engine.TestCommissionEngineCalculateOrder" name="test_calculate_order_single_item" time="0.102" /><testcase classname="backend.tests.test_commission_margin_engine.TestCommissionEngineCalculateOrder" name="test_calculate_order_multiple_items" time="0.095" /><testcase classname="backend.tests.test_commission_margin_engine.TestCommissionEngineCalculateOrder" name="test_calculate_order_respects_ownership" time="0.109" /><testcase classname="backend.tests.test_commission_margin_engine.TestCommissionEngineCalculateOrder" name="test_calculate_order_quantity_multiplier" time="0.222" /><testcase classname="backend.tests.test_commission_margin_engine.TestCommissionEngineCalculateOrder" name="test_calculate_order_config_applied" time="0.108" /></testsuite></testsuites>