<?xml version="1.0" encoding="utf-8"?><testsuites name="pytest tests"><testsuite name="pytest" errors="0" failures="0" skipped="0" tests="14" time="4.197" timestamp="2026-03-12T11:32:58.353009+00:00" hostname="agent-env-1f141e55-326a-4d11-aa16-0edc5b6ac5cc"><testcase classname="tests.test_hero_banners_referrals.TestHeroBannersPublic" name="test_get_active_banners" time="0.206" /><testcase classname="tests.test_hero_banners_referrals.TestHeroBannersPublic" name="test_active_banners_sorted_by_position" time="0.119" /><testcase classname="tests.test_hero_banners_referrals.TestHeroBannersAdmin" name="test_get_admin_banners_requires_auth" time="0.104" /><testcase classname="tests.test_hero_banners_referrals.TestHeroBannersAdmin" name="test_get_admin_banners_with_auth" time="0.544" /><testcase classname="tests.test_hero_banners_referrals.TestHeroBannersAdmin" name="test_create_banner" time="0.613" /><testcase classname="tests.test_hero_banners_referrals.TestHeroBannersAdmin" name="test_create_banner_requires_title_and_image" time="0.603" /><testcase classname="tests.test_hero_banners_referrals.TestHeroBannersAdmin" name="test_delete_banner_requires_auth" time="0.121" /><testcase classname="tests.test_hero_banners_referrals.TestHeroBannersAdmin" name="test_delete_nonexistent_banner" time="0.487" /><testcase classname="tests.test_hero_banners_referrals.TestReferralPublic" name="test_get_referral_by_code" time="0.119" /><testcase classname="tests.test_hero_banners_referrals.TestReferralPublic" name="test_get_referral_by_invalid_code" time="0.104" /><testcase classname="tests.test_hero_banners_referrals.TestReferralPublic" name="test_get_public_referral_settings" time="0.103" /><testcase classname="tests.test_hero_banners_referrals.TestCustomerReferrals" name="test_get_my_referrals_requires_auth" time="0.108" /><testcase classname="tests.test_hero_banners_referrals.TestCustomerReferrals" name="test_get_my_referrals_with_auth" time="0.447" /><testcase classname="tests.test_hero_banners_referrals.TestCustomerReferrals" name="test_get_referral_stats" time="0.426" /></testsuite></testsuites>