<?xml version="1.0" encoding="utf-8"?><testsuites name="pytest tests"><testsuite name="pytest" errors="0" failures="0" skipped="0" tests="31" time="4.324" timestamp="2026-03-13T10:29:49.088331+00:00" hostname="agent-env-dc8a14e9-deb2-429c-b417-028c4f6b9f2f"><testcase classname="tests.test_final_alignment.TestHealthRoutes" name="test_health_endpoint" time="0.263" /><testcase classname="tests.test_final_alignment.TestHealthRoutes" name="test_health_ready_endpoint" time="0.144" /><testcase classname="tests.test_final_alignment.TestQARoutes" name="test_qa_health_check_requires_auth" time="0.101" /><testcase classname="tests.test_final_alignment.TestQARoutes" name="test_qa_health_check_authenticated" time="0.457" /><testcase classname="tests.test_final_alignment.TestTeamRolesRoutes" name="test_list_staff_roles_requires_auth" time="0.121" /><testcase classname="tests.test_final_alignment.TestTeamRolesRoutes" name="test_list_staff_roles" time="0.105" /><testcase classname="tests.test_final_alignment.TestTeamRolesRoutes" name="test_list_staff_users" time="0.107" /><testcase classname="tests.test_final_alignment.TestAdminSetupRoutes" name="test_get_industries_requires_auth" time="0.107" /><testcase classname="tests.test_final_alignment.TestAdminSetupRoutes" name="test_get_industries" time="0.103" /><testcase classname="tests.test_final_alignment.TestAdminSetupRoutes" name="test_create_industry" time="0.105" /><testcase classname="tests.test_final_alignment.TestAdminSetupRoutes" name="test_delete_industry" time="0.109" /><testcase classname="tests.test_final_alignment.TestAdminSetupRoutes" name="test_get_sources" time="0.130" /><testcase classname="tests.test_final_alignment.TestAdminSetupRoutes" name="test_create_source" time="0.111" /><testcase classname="tests.test_final_alignment.TestAdminSetupRoutes" name="test_delete_source" time="0.121" /><testcase classname="tests.test_final_alignment.TestAdminSetupRoutes" name="test_get_payment_terms" time="0.121" /><testcase classname="tests.test_final_alignment.TestCreativeProjectRoutes" name="test_list_all_projects_admin" time="0.120" /><testcase classname="tests.test_final_alignment.TestCreativeProjectRoutes" name="test_get_my_projects_requires_auth" time="0.098" /><testcase classname="tests.test_final_alignment.TestCreativeProjectRoutes" name="test_get_my_projects" time="0.106" /><testcase classname="tests.test_final_alignment.TestCreativeProjectCollabRoutes" name="test_list_project_comments" time="0.208" /><testcase classname="tests.test_final_alignment.TestCreativeProjectCollabRoutes" name="test_add_project_comment" time="0.143" /><testcase classname="tests.test_final_alignment.TestCreativeProjectCollabRoutes" name="test_list_project_revisions" time="0.122" /><testcase classname="tests.test_final_alignment.TestCreativeProjectCollabRoutes" name="test_list_project_deliverables" time="0.111" /><testcase classname="tests.test_final_alignment.TestCreativeProjectCollabRoutes" name="test_add_project_deliverable" time="0.113" /><testcase classname="tests.test_final_alignment.TestCustomerStatementRoutes" name="test_get_my_statement_requires_auth" time="0.099" /><testcase classname="tests.test_final_alignment.TestCustomerStatementRoutes" name="test_get_my_statement" time="0.099" /><testcase classname="tests.test_final_alignment.TestAffiliateSelfServiceRoutes" name="test_affiliate_dashboard_requires_auth" time="0.102" /><testcase classname="tests.test_final_alignment.TestAffiliateSelfServiceRoutes" name="test_affiliate_dashboard_non_affiliate" time="0.101" /><testcase classname="tests.test_final_alignment.TestStockReserveDeductRoutes" name="test_reserve_stock_endpoint_exists" time="0.290" /><testcase classname="tests.test_final_alignment.TestStockReserveDeductRoutes" name="test_deduct_stock_endpoint_exists" time="0.100" /><testcase classname="tests.test_final_alignment.TestStockMovementsRoutes" name="test_list_stock_movements" time="0.099" /><testcase classname="tests.test_final_alignment.TestWarehouseTransfersRoutes" name="test_list_transfers" time="0.106" /></testsuite></testsuites>