<?xml version="1.0" encoding="utf-8"?><testsuites name="pytest tests"><testsuite name="pytest" errors="0" failures="0" skipped="0" tests="16" time="3.974" timestamp="2026-03-28T17:40:05.814559+00:00" hostname="agent-env-3ceb4df1-cde4-4dcf-a385-509f10b5f59e"><testcase classname="backend.tests.test_konekt_real_fix_patch_v133.TestCustomerInvoicesPayer" name="test_customer_invoices_endpoint_returns_payer_name" time="0.630" /><testcase classname="backend.tests.test_konekt_real_fix_patch_v133.TestCustomerInvoicesPayer" name="test_customer_invoices_have_payment_status_label" time="0.163" /><testcase classname="backend.tests.test_konekt_real_fix_patch_v133.TestAdminInvoicesEnrichment" name="test_admin_invoices_returns_enriched_fields" time="0.607" /><testcase classname="backend.tests.test_konekt_real_fix_patch_v133.TestAdminInvoicesEnrichment" name="test_admin_invoices_payer_name_not_dash_for_recent" time="0.119" /><testcase classname="backend.tests.test_konekt_real_fix_patch_v133.TestCustomerOrderDrawerSalesContact" name="test_customer_orders_returns_sales_info" time="0.175" /><testcase classname="backend.tests.test_konekt_real_fix_patch_v133.TestCustomerOrderDrawerSalesContact" name="test_customer_orders_no_placeholder_text" time="0.137" /><testcase classname="backend.tests.test_konekt_real_fix_patch_v133.TestAdminOrdersOpsEnrichment" name="test_admin_orders_ops_list_enrichment" time="0.257" /><testcase classname="backend.tests.test_konekt_real_fix_patch_v133.TestAdminOrdersOpsEnrichment" name="test_admin_orders_ops_no_unassigned_sales" time="0.157" /><testcase classname="backend.tests.test_konekt_real_fix_patch_v133.TestAdminOrdersOpsEnrichment" name="test_admin_orders_ops_detail_flat_fields" time="0.231" /><testcase classname="backend.tests.test_konekt_real_fix_patch_v133.TestVendorOrdersSalesEnrichment" name="test_vendor_orders_returns_sales_enrichment" time="0.469" /><testcase classname="backend.tests.test_konekt_real_fix_patch_v133.TestSerializeDocPreservesUUID" name="test_customer_orders_have_uuid_ids" time="0.130" /><testcase classname="backend.tests.test_konekt_real_fix_patch_v133.TestSerializeDocPreservesUUID" name="test_admin_invoices_have_consistent_ids" time="0.123" /><testcase classname="backend.tests.test_konekt_real_fix_patch_v133.TestRouteRedirects" name="test_dashboard_redirects_to_account" time="0.156" /><testcase classname="backend.tests.test_konekt_real_fix_patch_v133.TestRouteRedirects" name="test_partner_fulfillment_redirects_to_orders" time="0.192" /><testcase classname="backend.tests.test_konekt_real_fix_patch_v133.TestNoPlaceholderText" name="test_no_konekt_sales_team_in_customer_orders" time="0.188" /><testcase classname="backend.tests.test_konekt_real_fix_patch_v133.TestNoPlaceholderText" name="test_no_auto_sales_in_admin_orders" time="0.133" /></testsuite></testsuites>