<?xml version="1.0" encoding="utf-8"?><testsuites name="pytest tests"><testsuite name="pytest" errors="0" failures="0" skipped="0" tests="18" time="6.002" timestamp="2026-04-09T07:29:30.913455+00:00" hostname="agent-env-377db547-79ba-4c4b-b12e-55d780795bc2"><testcase classname="backend.tests.test_dashboard_upgrades_v219.TestPartnerLogin" name="test_partner_login_success" time="0.456" /><testcase classname="backend.tests.test_dashboard_upgrades_v219.TestVendorDashboardAPI" name="test_dashboard_returns_200" time="0.434" /><testcase classname="backend.tests.test_dashboard_upgrades_v219.TestVendorDashboardAPI" name="test_dashboard_has_vendor_kpis" time="0.453" /><testcase classname="backend.tests.test_dashboard_upgrades_v219.TestVendorDashboardAPI" name="test_dashboard_has_vendor_pipeline" time="0.427" /><testcase classname="backend.tests.test_dashboard_upgrades_v219.TestVendorDashboardAPI" name="test_dashboard_has_work_requiring_action" time="0.435" /><testcase classname="backend.tests.test_dashboard_upgrades_v219.TestVendorDashboardAPI" name="test_dashboard_has_recent_assignments" time="0.459" /><testcase classname="backend.tests.test_dashboard_upgrades_v219.TestVendorDashboardAPI" name="test_dashboard_has_charts" time="0.436" /><testcase classname="backend.tests.test_dashboard_upgrades_v219.TestVendorDashboardAPI" name="test_vendor_safe_no_customer_names" time="0.441" /><testcase classname="backend.tests.test_dashboard_upgrades_v219.TestAffiliateEarningsSummaryAPI" name="test_earnings_summary_returns_200" time="0.445" /><testcase classname="backend.tests.test_dashboard_upgrades_v219.TestAffiliateEarningsSummaryAPI" name="test_earnings_summary_has_extended_fields" time="0.099" /><testcase classname="backend.tests.test_dashboard_upgrades_v219.TestAffiliateEarningsSummaryAPI" name="test_earnings_summary_has_charts" time="0.103" /><testcase classname="backend.tests.test_dashboard_upgrades_v219.TestAffiliateEarningsSummaryAPI" name="test_earnings_summary_has_earnings_rows" time="0.097" /><testcase classname="backend.tests.test_dashboard_upgrades_v219.TestAffiliateProductPromotionsAPI" name="test_product_promotions_returns_200" time="0.450" /><testcase classname="backend.tests.test_dashboard_upgrades_v219.TestAffiliateProductPromotionsAPI" name="test_product_promotions_has_products" time="0.107" /><testcase classname="backend.tests.test_dashboard_upgrades_v219.TestAffiliateProductPromotionsAPI" name="test_product_promotions_has_promo_code" time="0.110" /><testcase classname="backend.tests.test_dashboard_upgrades_v219.TestAffiliateProductPromotionsAPI" name="test_product_has_affiliate_amount_and_share_link" time="0.123" /><testcase classname="backend.tests.test_dashboard_upgrades_v219.TestSalesDashboardRegression" name="test_staff_login_success" time="0.369" /><testcase classname="backend.tests.test_dashboard_upgrades_v219.TestSalesDashboardRegression" name="test_staff_dashboard_accessible" time="0.437" /></testsuite></testsuites>