<?xml version="1.0" encoding="utf-8"?><testsuites name="pytest tests"><testsuite name="pytest" errors="0" failures="0" skipped="0" tests="16" time="4.321" timestamp="2026-03-16T09:38:43.727207+00:00" hostname="agent-env-c0cc4683-de54-408f-9c86-f6028fcb1495"><testcase classname="tests.test_attribution_persistence.TestAttributionPersistence" name="test_register_user_with_affiliate_code" time="0.592" /><testcase classname="tests.test_attribution_persistence.TestAttributionPersistence" name="test_register_user_without_affiliate_code" time="0.386" /><testcase classname="tests.test_attribution_persistence.TestAttributionPersistence" name="test_register_duplicate_email_rejected" time="0.445" /><testcase classname="tests.test_attribution_persistence.TestAttributionPersistence" name="test_create_quote_with_full_attribution" time="0.474" /><testcase classname="tests.test_attribution_persistence.TestAttributionPersistence" name="test_create_quote_without_attribution" time="0.105" /><testcase classname="tests.test_attribution_persistence.TestAttributionPersistence" name="test_list_quotes_v2" time="0.126" /><testcase classname="tests.test_attribution_persistence.TestAttributionPersistence" name="test_list_quotes_with_filters" time="0.106" /><testcase classname="tests.test_attribution_persistence.TestAttributionPersistence" name="test_quote_to_invoice_preserves_attribution" time="0.223" /><testcase classname="tests.test_attribution_persistence.TestAttributionPersistence" name="test_get_quote_by_id" time="0.239" /><testcase classname="tests.test_attribution_persistence.TestAttributionPersistence" name="test_get_nonexistent_quote" time="0.103" /><testcase classname="tests.test_attribution_persistence.TestAttributionPersistence" name="test_attribution_captured_at_is_set" time="0.098" /><testcase classname="tests.test_attribution_persistence.TestAttributionFieldsValidation" name="test_campaign_discount_is_float" time="0.430" /><testcase classname="tests.test_attribution_persistence.TestAttributionFieldsValidation" name="test_affiliate_hydration_from_code" time="0.105" /><testcase classname="tests.test_attribution_persistence.TestLoginAndAuthFlow" name="test_admin_login" time="0.333" /><testcase classname="tests.test_attribution_persistence.TestLoginAndAuthFlow" name="test_customer_login" time="0.335" /><testcase classname="tests.test_attribution_persistence.TestLoginAndAuthFlow" name="test_invalid_credentials_rejected" time="0.111" /></testsuite></testsuites>