<?xml version="1.0" encoding="utf-8"?><testsuites name="pytest tests"><testsuite name="pytest" errors="0" failures="0" skipped="0" tests="10" time="5.012" timestamp="2026-04-16T19:32:48.305317+00:00" hostname="agent-env-377db547-79ba-4c4b-b12e-55d780795bc2"><testcase classname="backend.tests.test_iteration_331.TestCategoryConfiguration" name="test_update_category_with_category_type_service" time="0.955" /><testcase classname="backend.tests.test_iteration_331.TestCategoryConfiguration" name="test_update_category_with_installment_payments" time="0.420" /><testcase classname="backend.tests.test_iteration_331.TestCategoryConfiguration" name="test_update_category_with_related_services" time="0.480" /><testcase classname="backend.tests.test_iteration_331.TestCategoryConfiguration" name="test_update_category_with_subcategories" time="0.393" /><testcase classname="backend.tests.test_iteration_331.TestCategoryConfiguration" name="test_update_promotional_materials_subcategories" time="0.397" /><testcase classname="backend.tests.test_iteration_331.TestCategoryConfiguration" name="test_category_not_found" time="0.407" /><testcase classname="backend.tests.test_iteration_331.TestCategoryConfiguration" name="test_verify_category_persists_via_stats" time="0.526" /><testcase classname="backend.tests.test_iteration_331.TestAdminNavigation" name="test_vendor_ops_endpoint_exists" time="0.409" /><testcase classname="backend.tests.test_iteration_331.TestInvoicesPage" name="test_invoices_list_endpoint" time="0.512" /><testcase classname="backend.tests.test_iteration_331.TestSettingsHub" name="test_settings_hub_returns_catalog_config" time="0.398" /></testsuite></testsuites>