<?xml version="1.0" encoding="utf-8"?><testsuites name="pytest tests"><testsuite name="pytest" errors="0" failures="0" skipped="0" tests="33" time="8.678" timestamp="2026-04-15T11:56:07.326068+00:00" hostname="agent-env-377db547-79ba-4c4b-b12e-55d780795bc2"><testcase classname="backend.tests.test_p1_operational_surfaces_v316.TestAdminAuth" name="test_admin_login" time="4.039" /><testcase classname="backend.tests.test_p1_operational_surfaces_v316.TestCatalogWorkspaceStats" name="test_catalog_stats_returns_200" time="0.120" /><testcase classname="backend.tests.test_p1_operational_surfaces_v316.TestCatalogWorkspaceStats" name="test_catalog_stats_has_products_count" time="0.156" /><testcase classname="backend.tests.test_p1_operational_surfaces_v316.TestCatalogWorkspaceStats" name="test_catalog_stats_has_active_products" time="0.110" /><testcase classname="backend.tests.test_p1_operational_surfaces_v316.TestCatalogWorkspaceStats" name="test_catalog_stats_has_categories" time="0.114" /><testcase classname="backend.tests.test_p1_operational_surfaces_v316.TestCatalogWorkspaceStats" name="test_categories_have_display_mode" time="0.167" /><testcase classname="backend.tests.test_p1_operational_surfaces_v316.TestCatalogWorkspaceStats" name="test_categories_have_commercial_mode" time="0.130" /><testcase classname="backend.tests.test_p1_operational_surfaces_v316.TestCatalogWorkspaceStats" name="test_categories_have_sourcing_mode" time="0.115" /><testcase classname="backend.tests.test_p1_operational_surfaces_v316.TestCatalogWorkspaceStats" name="test_categories_have_product_count" time="0.180" /><testcase classname="backend.tests.test_p1_operational_surfaces_v316.TestCatalogWorkspaceStats" name="test_catalog_stats_has_pricing_issues" time="0.127" /><testcase classname="backend.tests.test_p1_operational_surfaces_v316.TestCatalogWorkspaceStats" name="test_catalog_stats_has_pending_review" time="0.116" /><testcase classname="backend.tests.test_p1_operational_surfaces_v316.TestCatalogWorkspaceStats" name="test_catalog_stats_has_quote_items" time="0.115" /><testcase classname="backend.tests.test_p1_operational_surfaces_v316.TestFinanceCommissions" name="test_commissions_requires_auth" time="0.120" /><testcase classname="backend.tests.test_p1_operational_surfaces_v316.TestFinanceCommissions" name="test_commissions_returns_200_with_auth" time="0.478" /><testcase classname="backend.tests.test_p1_operational_surfaces_v316.TestFinanceCommissions" name="test_commissions_returns_list" time="0.108" /><testcase classname="backend.tests.test_p1_operational_surfaces_v316.TestFinanceCommissions" name="test_commissions_filter_by_status" time="0.348" /><testcase classname="backend.tests.test_p1_operational_surfaces_v316.TestFinanceCommissions" name="test_commission_record_structure" time="0.103" /><testcase classname="backend.tests.test_p1_operational_surfaces_v316.TestFinanceCommissionStats" name="test_commission_stats_requires_auth" time="0.152" /><testcase classname="backend.tests.test_p1_operational_surfaces_v316.TestFinanceCommissionStats" name="test_commission_stats_returns_200_with_auth" time="0.118" /><testcase classname="backend.tests.test_p1_operational_surfaces_v316.TestFinanceCommissionStats" name="test_commission_stats_has_total_earned" time="0.122" /><testcase classname="backend.tests.test_p1_operational_surfaces_v316.TestFinanceCommissionStats" name="test_commission_stats_has_pending_amount" time="0.117" /><testcase classname="backend.tests.test_p1_operational_surfaces_v316.TestFinanceCommissionStats" name="test_commission_stats_has_paid_amount" time="0.121" /><testcase classname="backend.tests.test_p1_operational_surfaces_v316.TestFinanceCommissionStats" name="test_commission_stats_has_beneficiary_count" time="0.106" /><testcase classname="backend.tests.test_p1_operational_surfaces_v316.TestFinanceCashFlow" name="test_cash_flow_requires_auth" time="0.103" /><testcase classname="backend.tests.test_p1_operational_surfaces_v316.TestFinanceCashFlow" name="test_cash_flow_returns_200_with_auth" time="0.108" /><testcase classname="backend.tests.test_p1_operational_surfaces_v316.TestFinanceCashFlow" name="test_cash_flow_has_total_revenue" time="0.110" /><testcase classname="backend.tests.test_p1_operational_surfaces_v316.TestFinanceCashFlow" name="test_cash_flow_has_by_status" time="0.123" /><testcase classname="backend.tests.test_p1_operational_surfaces_v316.TestFinanceCashFlow" name="test_cash_flow_has_pending_approved_rejected" time="0.125" /><testcase classname="backend.tests.test_p1_operational_surfaces_v316.TestVendorOpsVendors" name="test_vendors_endpoint_returns_200" time="0.102" /><testcase classname="backend.tests.test_p1_operational_surfaces_v316.TestVendorOpsVendors" name="test_vendors_returns_list" time="0.108" /><testcase classname="backend.tests.test_p1_operational_surfaces_v316.TestVendorOpsVendors" name="test_vendor_has_required_fields" time="0.108" /><testcase classname="backend.tests.test_p1_operational_surfaces_v316.TestVendorOpsDashboardStats" name="test_dashboard_stats_returns_200" time="0.128" /><testcase classname="backend.tests.test_p1_operational_surfaces_v316.TestVendorOpsDashboardStats" name="test_dashboard_stats_has_vendor_count" time="0.147" /></testsuite></testsuites>