<?xml version="1.0" encoding="utf-8"?><testsuites name="pytest tests"><testsuite name="pytest" errors="0" failures="0" skipped="3" tests="12" time="1.978" timestamp="2026-04-20T07:27:17.877877+00:00" hostname="agent-env-377db547-79ba-4c4b-b12e-55d780795bc2"><testcase classname="backend.tests.test_country_filtering_v345.TestMarketplaceCountryFiltering" name="test_search_products_country_tz" time="0.319" /><testcase classname="backend.tests.test_country_filtering_v345.TestMarketplaceCountryFiltering" name="test_search_products_country_ke" time="0.144" /><testcase classname="backend.tests.test_country_filtering_v345.TestMarketplaceCountryFiltering" name="test_search_products_country_ug" time="0.148" /><testcase classname="backend.tests.test_country_filtering_v345.TestMarketplaceCountryFiltering" name="test_search_products_no_country_filter" time="0.186" /><testcase classname="backend.tests.test_country_filtering_v345.TestMarketplaceCountryFiltering" name="test_search_products_tz_vs_all" time="0.304" /><testcase classname="backend.tests.test_country_filtering_v345.TestPublicMarketplaceCountryFiltering" name="test_public_products_country_tz" time="0.105" /><testcase classname="backend.tests.test_country_filtering_v345.TestPublicMarketplaceCountryFiltering" name="test_public_products_country_ke" time="0.107" /><testcase classname="backend.tests.test_country_filtering_v345.TestDashboardKPIsCountryFilter" name="test_dashboard_kpis_no_filter" time="0.094"><skipped type="pytest.skip" message="Admin login failed: 422 - {&quot;detail&quot;:[{&quot;type&quot;:&quot;string_type&quot;,&quot;loc&quot;:[&quot;body&quot;,&quot;form_loaded_at&quot;],&quot;msg&quot;:&quot;Input should be a valid string&quot;,&quot;input&quot;:1776670034297,&quot;url&quot;:&quot;https://errors.pydantic.dev/2.12/v/string_type&quot;}]}">/app/backend/tests/test_country_filtering_v345.py:134: Admin login failed: 422 - {"detail":[{"type":"string_type","loc":["body","form_loaded_at"],"msg":"Input should be a valid string","input":1776670034297,"url":"https://errors.pydantic.dev/2.12/v/string_type"}]}</skipped></testcase><testcase classname="backend.tests.test_country_filtering_v345.TestDashboardKPIsCountryFilter" name="test_dashboard_kpis_country_tz" time="0.112"><skipped type="pytest.skip" message="Admin login failed: 422 - {&quot;detail&quot;:[{&quot;type&quot;:&quot;string_type&quot;,&quot;loc&quot;:[&quot;body&quot;,&quot;form_loaded_at&quot;],&quot;msg&quot;:&quot;Input should be a valid string&quot;,&quot;input&quot;:1776670034392,&quot;url&quot;:&quot;https://errors.pydantic.dev/2.12/v/string_type&quot;}]}">/app/backend/tests/test_country_filtering_v345.py:144: Admin login failed: 422 - {"detail":[{"type":"string_type","loc":["body","form_loaded_at"],"msg":"Input should be a valid string","input":1776670034392,"url":"https://errors.pydantic.dev/2.12/v/string_type"}]}</skipped></testcase><testcase classname="backend.tests.test_country_filtering_v345.TestDashboardKPIsCountryFilter" name="test_dashboard_kpis_country_ke" time="0.105"><skipped type="pytest.skip" message="Admin login failed: 422 - {&quot;detail&quot;:[{&quot;type&quot;:&quot;string_type&quot;,&quot;loc&quot;:[&quot;body&quot;,&quot;form_loaded_at&quot;],&quot;msg&quot;:&quot;Input should be a valid string&quot;,&quot;input&quot;:1776670034504,&quot;url&quot;:&quot;https://errors.pydantic.dev/2.12/v/string_type&quot;}]}">/app/backend/tests/test_country_filtering_v345.py:154: Admin login failed: 422 - {"detail":[{"type":"string_type","loc":["body","form_loaded_at"],"msg":"Input should be a valid string","input":1776670034504,"url":"https://errors.pydantic.dev/2.12/v/string_type"}]}</skipped></testcase><testcase classname="backend.tests.test_country_filtering_v345.TestExpansionPageEndpoint" name="test_feedback_endpoint_exists" time="0.140" /><testcase classname="backend.tests.test_country_filtering_v345.TestMarketplaceFiltersEndpoint" name="test_marketplace_filters" time="0.105" /></testsuite></testsuites>