<?xml version="1.0" encoding="utf-8"?><testsuites name="pytest tests"><testsuite name="pytest" errors="0" failures="0" skipped="0" tests="16" time="3.216" timestamp="2026-04-12T16:42:08.903973+00:00" hostname="agent-env-377db547-79ba-4c4b-b12e-55d780795bc2"><testcase classname="backend.tests.test_data_integrity_compliance_v286.TestBusinessClientValidation" name="test_patch_business_client_missing_vrn_returns_400" time="0.187" /><testcase classname="backend.tests.test_data_integrity_compliance_v286.TestBusinessClientValidation" name="test_patch_business_client_with_vrn_brn_succeeds" time="0.162" /><testcase classname="backend.tests.test_data_integrity_compliance_v286.TestBusinessClientValidation" name="test_patch_existing_business_with_vrn_brn_succeeds" time="0.134" /><testcase classname="backend.tests.test_data_integrity_compliance_v286.TestBusinessClientValidation" name="test_patch_individual_client_no_vrn_brn_required" time="0.112" /><testcase classname="backend.tests.test_data_integrity_compliance_v286.TestBusinessClientValidation" name="test_patch_nonexistent_customer_returns_404" time="0.107" /><testcase classname="backend.tests.test_data_integrity_compliance_v286.TestCustomerDetailDisplay" name="test_get_customer_returns_vrn_brn_fields" time="0.125" /><testcase classname="backend.tests.test_data_integrity_compliance_v286.TestCustomerDetailDisplay" name="test_get_customer_returns_type_field" time="0.117" /><testcase classname="backend.tests.test_data_integrity_compliance_v286.TestCustomerDetailDisplay" name="test_get_customer_list_endpoint" time="0.514" /><testcase classname="backend.tests.test_data_integrity_compliance_v286.TestEfdReceiptWorkflow" name="test_request_efd_returns_existing_if_present" time="0.129" /><testcase classname="backend.tests.test_data_integrity_compliance_v286.TestEfdReceiptWorkflow" name="test_request_efd_for_individual_customer_succeeds" time="0.107" /><testcase classname="backend.tests.test_data_integrity_compliance_v286.TestEfdReceiptWorkflow" name="test_request_efd_for_nonexistent_invoice_returns_404" time="0.143" /><testcase classname="backend.tests.test_data_integrity_compliance_v286.TestEfdReceiptWorkflow" name="test_get_efd_for_invoice_returns_linked_receipt" time="0.109" /><testcase classname="backend.tests.test_data_integrity_compliance_v286.TestEfdReceiptWorkflow" name="test_list_all_efd_receipts" time="0.104" /><testcase classname="backend.tests.test_data_integrity_compliance_v286.TestEfdReceiptWorkflow" name="test_list_efd_receipts_with_status_filter" time="0.110" /><testcase classname="backend.tests.test_data_integrity_compliance_v286.TestEfdBusinessValidation" name="test_efd_request_validates_business_client_vrn_brn" time="0.109" /><testcase classname="backend.tests.test_data_integrity_compliance_v286.TestCustomerStatsEndpoint" name="test_get_customer_stats" time="0.844" /></testsuite></testsuites>