<?xml version="1.0" encoding="utf-8"?><testsuites name="pytest tests"><testsuite name="pytest" errors="0" failures="0" skipped="0" tests="18" time="10.322" timestamp="2026-03-25T13:11:00.877592+00:00" hostname="agent-env-32aa66e1-a645-4bc4-ac82-0eed8c03483d"><testcase classname="backend.tests.test_quote_engine_core.TestQuoteEngineCore" name="test_api_health" time="0.150" /><testcase classname="backend.tests.test_quote_engine_core.TestQuoteEngineCore" name="test_admin_login" time="0.392" /><testcase classname="backend.tests.test_quote_engine_core.TestQuoteEngineCore" name="test_customer_login" time="0.370" /><testcase classname="backend.tests.test_quote_engine_core.TestQuoteEngineCore" name="test_create_quote_full_payment" time="0.668" /><testcase classname="backend.tests.test_quote_engine_core.TestQuoteEngineCore" name="test_create_quote_installment_payment" time="0.660" /><testcase classname="backend.tests.test_quote_engine_core.TestQuoteEngineCore" name="test_send_quote" time="0.748" /><testcase classname="backend.tests.test_quote_engine_core.TestQuoteEngineCore" name="test_get_quote_detail" time="0.692" /><testcase classname="backend.tests.test_quote_engine_core.TestQuoteEngineCore" name="test_customer_list_quotes" time="0.398" /><testcase classname="backend.tests.test_quote_engine_core.TestQuoteEngineCore" name="test_customer_accept_quote_full_payment" time="0.820" /><testcase classname="backend.tests.test_quote_engine_core.TestQuoteEngineCore" name="test_customer_accept_quote_installment_creates_splits" time="0.752" /><testcase classname="backend.tests.test_quote_engine_core.TestQuoteEngineCore" name="test_customer_reject_quote" time="0.845" /><testcase classname="backend.tests.test_quote_engine_core.TestQuoteEngineCore" name="test_customer_list_invoices" time="0.410" /><testcase classname="backend.tests.test_quote_engine_core.TestQuoteEngineCore" name="test_customer_get_invoice_with_splits" time="0.843" /><testcase classname="backend.tests.test_quote_engine_core.TestQuoteEngineCore" name="test_customer_get_invoice_splits_endpoint" time="0.848" /><testcase classname="backend.tests.test_quote_engine_core.TestQuoteEngineCore" name="test_admin_sales_crm_leads" time="0.375" /><testcase classname="backend.tests.test_quote_engine_core.TestQuoteEngineCore" name="test_admin_quotes_list" time="0.423" /><testcase classname="backend.tests.test_quote_engine_core.TestQuoteEngineCore" name="test_admin_orders_list" time="0.439" /><testcase classname="backend.tests.test_quote_engine_core.TestQuoteEngineCore" name="test_admin_sales_performance" time="0.372" /></testsuite></testsuites>