<?xml version="1.0" encoding="utf-8"?><testsuites name="pytest tests"><testsuite name="pytest" errors="0" failures="0" skipped="2" tests="24" time="3.671" timestamp="2026-04-02T08:22:49.185695+00:00" hostname="agent-env-377db547-79ba-4c4b-b12e-55d780795bc2"><testcase classname="backend.tests.test_stock_first_assignment_v171.TestHealthAndAuthRegression" name="test_health_endpoint" time="0.230" /><testcase classname="backend.tests.test_stock_first_assignment_v171.TestHealthAndAuthRegression" name="test_admin_login" time="0.327" /><testcase classname="backend.tests.test_stock_first_assignment_v171.TestSupplyRecordManagement" name="test_create_supply_record_for_vendor_2" time="0.451" /><testcase classname="backend.tests.test_stock_first_assignment_v171.TestSupplyRecordManagement" name="test_list_supply_records" time="0.122" /><testcase classname="backend.tests.test_stock_first_assignment_v171.TestCandidatesPreview" name="test_candidates_returns_ranked_list" time="0.102" /><testcase classname="backend.tests.test_stock_first_assignment_v171.TestCandidatesPreview" name="test_candidates_tier_classification" time="0.107" /><testcase classname="backend.tests.test_stock_first_assignment_v171.TestCandidatesPreview" name="test_candidates_with_large_quantity" time="0.101" /><testcase classname="backend.tests.test_stock_first_assignment_v171.TestCandidatesPreview" name="test_candidates_nonexistent_product" time="0.105" /><testcase classname="backend.tests.test_stock_first_assignment_v171.TestAssignmentDecisions" name="test_list_decisions_default" time="0.096" /><testcase classname="backend.tests.test_stock_first_assignment_v171.TestAssignmentDecisions" name="test_list_decisions_with_limit" time="0.101" /><testcase classname="backend.tests.test_stock_first_assignment_v171.TestAssignmentDecisions" name="test_list_decisions_filter_by_engine" time="0.106" /><testcase classname="backend.tests.test_stock_first_assignment_v171.TestExplainEndpoint" name="test_explain_nonexistent_order_returns_404" time="0.098" /><testcase classname="backend.tests.test_stock_first_assignment_v171.TestExplainEndpoint" name="test_explain_existing_decision" time="0.096"><skipped type="pytest.skip" message="No existing decisions to test explain endpoint">/app/backend/tests/test_stock_first_assignment_v171.py:281: No existing decisions to test explain endpoint</skipped></testcase><testcase classname="backend.tests.test_stock_first_assignment_v171.TestVendorEligibility" name="test_candidates_show_eligibility_status" time="0.106" /><testcase classname="backend.tests.test_stock_first_assignment_v171.TestVendorEligibility" name="test_eligible_vendors_have_valid_reasons" time="0.099" /><testcase classname="backend.tests.test_stock_first_assignment_v171.TestTypeAwareDispatch" name="test_decisions_show_engine_type" time="0.092" /><testcase classname="backend.tests.test_stock_first_assignment_v171.TestAtomicStockReservation" name="test_create_supply_and_verify_quantity" time="0.246" /><testcase classname="backend.tests.test_stock_first_assignment_v171.TestDecisionAuditTrail" name="test_decision_has_required_fields" time="0.100"><skipped type="pytest.skip" message="No decisions to verify audit trail">/app/backend/tests/test_stock_first_assignment_v171.py:435: No decisions to verify audit trail</skipped></testcase><testcase classname="backend.tests.test_stock_first_assignment_v171.TestDecisionAuditTrail" name="test_decision_has_candidates_snapshot" time="0.098" /><testcase classname="backend.tests.test_stock_first_assignment_v171.TestExistingRoutesRegression" name="test_vendor_orders_endpoint" time="0.118" /><testcase classname="backend.tests.test_stock_first_assignment_v171.TestExistingRoutesRegression" name="test_vendors_list_endpoint" time="0.098" /><testcase classname="backend.tests.test_stock_first_assignment_v171.TestExistingRoutesRegression" name="test_vendor_stats_endpoint" time="0.100" /><testcase classname="backend.tests.test_stock_first_assignment_v171.TestSupplyModeVariations" name="test_made_to_order_supply_mode" time="0.226" /><testcase classname="backend.tests.test_stock_first_assignment_v171.TestSupplyModeVariations" name="test_on_demand_supply_mode" time="0.208" /></testsuite></testsuites>