<?xml version="1.0" encoding="utf-8"?><testsuites name="pytest tests"><testsuite name="pytest" errors="0" failures="0" skipped="0" tests="12" time="4.916" timestamp="2026-04-08T15:39:45.923981+00:00" hostname="agent-env-377db547-79ba-4c4b-b12e-55d780795bc2"><testcase classname="backend.tests.test_document_branding_phase_f_v209.TestPDFPreviewEndpoints" name="test_invoice_preview_nonexistent_returns_404" time="0.142" /><testcase classname="backend.tests.test_document_branding_phase_f_v209.TestPDFPreviewEndpoints" name="test_quote_preview_nonexistent_returns_404" time="0.116" /><testcase classname="backend.tests.test_document_branding_phase_f_v209.TestPDFPreviewEndpoints" name="test_order_preview_nonexistent_returns_404" time="0.152" /><testcase classname="backend.tests.test_document_branding_phase_f_v209.TestPDFPreviewEndpoints" name="test_delivery_note_preview_nonexistent_returns_404" time="0.146" /><testcase classname="backend.tests.test_document_branding_phase_f_v209.TestStatementPDFEndpoints" name="test_statement_preview_returns_html" time="0.122" /><testcase classname="backend.tests.test_document_branding_phase_f_v209.TestStatementPDFEndpoints" name="test_statement_pdf_download" time="0.770" /><testcase classname="backend.tests.test_document_branding_phase_f_v209.TestInvoiceBrandingAPI" name="test_get_invoice_branding_returns_defaults" time="0.399" /><testcase classname="backend.tests.test_document_branding_phase_f_v209.TestInvoiceBrandingAPI" name="test_save_invoice_branding_persists" time="0.540" /><testcase classname="backend.tests.test_document_branding_phase_f_v209.TestInvoiceBrandingAPI" name="test_generate_stamp_returns_svg" time="0.416" /><testcase classname="backend.tests.test_document_branding_phase_f_v209.TestDeliveryNotePDFIntegration" name="test_delivery_notes_list_and_pdf" time="0.833" /><testcase classname="backend.tests.test_document_branding_phase_f_v209.TestExistingDocumentPDFs" name="test_existing_invoice_preview" time="0.629" /><testcase classname="backend.tests.test_document_branding_phase_f_v209.TestExistingDocumentPDFs" name="test_existing_quote_preview" time="0.559" /></testsuite></testsuites>