<?xml version="1.0" encoding="utf-8"?><testsuites name="pytest tests"><testsuite name="pytest" errors="0" failures="2" skipped="0" tests="21" time="5.837" timestamp="2026-04-10T15:43:57.592947+00:00" hostname="agent-env-377db547-79ba-4c4b-b12e-55d780795bc2"><testcase classname="tests.test_wiring_audit_v250.TestHealthCheck" name="test_api_health" time="0.248" /><testcase classname="tests.test_wiring_audit_v250.TestPaymentQueue" name="test_payment_queue_returns_list" time="0.642" /><testcase classname="tests.test_wiring_audit_v250.TestPaymentQueue" name="test_payment_queue_fields_not_blank" time="0.248"><failure message="AssertionError: Record 0: payer_name is blank ('-')&#10;assert '-' not in ['', '-']&#10; +  where '-' = &lt;built-in method strip of str object at 0xf8a9214b60a8&gt;()&#10; +    where &lt;built-in method strip of str object at 0xf8a9214b60a8&gt; = '-'.strip">tests/test_wiring_audit_v250.py:120: in test_payment_queue_fields_not_blank
    assert value.strip() not in ["", "-"], f"Record {idx}: {field} is blank ('{value}')"
E   AssertionError: Record 0: payer_name is blank ('-')
E   assert '-' not in ['', '-']
E    +  where '-' = &lt;built-in method strip of str object at 0xf8a9214b60a8&gt;()
E    +    where &lt;built-in method strip of str object at 0xf8a9214b60a8&gt; = '-'.strip</failure></testcase><testcase classname="tests.test_wiring_audit_v250.TestPaymentQueue" name="test_payment_queue_status_normalization" time="0.280" /><testcase classname="tests.test_wiring_audit_v250.TestPaymentQueue" name="test_payment_queue_status_filter_uploaded" time="0.157" /><testcase classname="tests.test_wiring_audit_v250.TestPaymentQueue" name="test_payment_queue_status_filter_approved" time="0.228" /><testcase classname="tests.test_wiring_audit_v250.TestPaymentQueue" name="test_payment_queue_status_filter_rejected" time="0.113" /><testcase classname="tests.test_wiring_audit_v250.TestPaymentQueue" name="test_payment_queue_drawer_fields" time="0.257" /><testcase classname="tests.test_wiring_audit_v250.TestAdminOrders" name="test_admin_orders_list" time="0.271" /><testcase classname="tests.test_wiring_audit_v250.TestAdminOrders" name="test_admin_orders_table_fields" time="0.266"><failure message="AssertionError: Order 9: customer_name is blank ('None')&#10;assert (None)">tests/test_wiring_audit_v250.py:259: in test_admin_orders_table_fields
    assert cust_name and cust_name not in ["-", ""], f"Order {idx}: customer_name is blank ('{cust_name}')"
E   AssertionError: Order 9: customer_name is blank ('None')
E   assert (None)</failure></testcase><testcase classname="tests.test_wiring_audit_v250.TestAdminOrders" name="test_admin_order_detail_enrichment" time="0.482" /><testcase classname="tests.test_wiring_audit_v250.TestCustomerOrders" name="test_customer_orders_list" time="0.568" /><testcase classname="tests.test_wiring_audit_v250.TestCustomerOrders" name="test_customer_orders_enriched_fields" time="0.182" /><testcase classname="tests.test_wiring_audit_v250.TestCustomerInvoices" name="test_customer_invoices_list" time="0.182" /><testcase classname="tests.test_wiring_audit_v250.TestCustomerInvoices" name="test_customer_invoices_enriched_fields" time="0.207" /><testcase classname="tests.test_wiring_audit_v250.TestAdminInvoices" name="test_admin_invoices_list" time="0.205" /><testcase classname="tests.test_wiring_audit_v250.TestAdminInvoices" name="test_admin_invoices_enriched_fields" time="0.208" /><testcase classname="tests.test_wiring_audit_v250.TestServiceTasks" name="test_service_tasks_stats_summary" time="0.125" /><testcase classname="tests.test_wiring_audit_v250.TestServiceTasks" name="test_service_tasks_overdue_costs" time="0.136" /><testcase classname="tests.test_wiring_audit_v250.TestPartnerNotifications" name="test_partner_assigned_work" time="0.537" /><testcase classname="tests.test_wiring_audit_v250.TestPartnerNotifications" name="test_partner_work_stats" time="0.141" /></testsuite></testsuites>