<?xml version="1.0" encoding="utf-8"?><testsuites name="pytest tests"><testsuite name="pytest" errors="0" failures="2" skipped="0" tests="12" time="4.623" timestamp="2026-04-08T14:05:37.544019+00:00" hostname="agent-env-377db547-79ba-4c4b-b12e-55d780795bc2"><testcase classname="backend.tests.test_quick_reorder_phase_c5_v206.TestQuickReorderAPI" name="test_reorder_requires_authentication" time="0.190" /><testcase classname="backend.tests.test_quick_reorder_phase_c5_v206.TestQuickReorderAPI" name="test_reorder_nonexistent_order_returns_404" time="0.520" /><testcase classname="backend.tests.test_quick_reorder_phase_c5_v206.TestQuickReorderAPI" name="test_reorder_existing_order_returns_cart_items" time="0.340" /><testcase classname="backend.tests.test_quick_reorder_phase_c5_v206.TestQuickReorderAPI" name="test_reorder_cart_item_structure" time="0.153" /><testcase classname="backend.tests.test_quick_reorder_phase_c5_v206.TestReorderWithValidProducts" name="test_get_valid_products" time="0.506"><failure message="AssertionError: No valid products found for testing&#10;assert 0 &gt; 0&#10; +  where 0 = len([])">backend/tests/test_quick_reorder_phase_c5_v206.py:187: in test_get_valid_products
    assert len(valid_products) &gt; 0, "No valid products found for testing"
E   AssertionError: No valid products found for testing
E   assert 0 &gt; 0
E    +  where 0 = len([])</failure></testcase><testcase classname="backend.tests.test_quick_reorder_phase_c5_v206.TestPhaseEDiscountRequestsVerification" name="test_admin_discount_requests_endpoint" time="0.455"><failure message="AssertionError: Response should have requests&#10;assert ('requests' in {'items': [{'admin_note': '', 'created_at': '2026-04-08T13:26:21.072014+00:00', 'customer_email': 'uitest@example.com', 'customer_name': 'UI Test Customer', ...}, {'admin_note': '', 'created_at': '2026-04-08T13:24:57.385443+00:00', 'customer_email': '', 'customer_name': 'TEST_Customer_Margin', ...}, {'admin_note': '', 'created_at': '2026-04-08T13:24:57.239498+00:00', 'customer_email': 'test.fields@example.com', 'customer_name': 'TEST_Customer_Fields', ...}, {'admin_note': '', 'created_at': '2026-04-08T13:24:57.119758+00:00', 'customer_email': 'test.large@example.com', 'customer_name': 'TEST_Customer_Large_Discount', ...}, {'admin_note': '', 'created_at': '2026-04-08T13:24:55.421604+00:00', 'customer_email': 'test.order@example.com', 'customer_name': 'TEST_Customer_Order', ...}, {'admin_note': 'Discount too high for this order', 'created_at': '2026-04-08T13:24:55.301932+00:00', 'customer_email': 'test.fixed@example.com', 'customer_name': 'TEST_Customer_Fixed', ...}, ...], 'kpis': {'approved': 2, 'pending': 5, 'rejected': 2, 'total': 9}, 'ok': True} or False)&#10; +  where False = isinstance({'items': [{'admin_note': '', 'created_at': '2026-04-08T13:26:21.072014+00:00', 'customer_email': 'uitest@example.com', 'customer_name': 'UI Test Customer', ...}, {'admin_note': '', 'created_at': '2026-04-08T13:24:57.385443+00:00', 'customer_email': '', 'customer_name': 'TEST_Customer_Margin', ...}, {'admin_note': '', 'created_at': '2026-04-08T13:24:57.239498+00:00', 'customer_email': 'test.fields@example.com', 'customer_name': 'TEST_Customer_Fields', ...}, {'admin_note': '', 'created_at': '2026-04-08T13:24:57.119758+00:00', 'customer_email': 'test.large@example.com', 'customer_name': 'TEST_Customer_Large_Discount', ...}, {'admin_note': '', 'created_at': '2026-04-08T13:24:55.421604+00:00', 'customer_email': 'test.order@example.com', 'customer_name': 'TEST_Customer_Order', ...}, {'admin_note': 'Discount too high for this order', 'created_at': '2026-04-08T13:24:55.301932+00:00', 'customer_email': 'test.fixed@example.com', 'customer_name': 'TEST_Customer_Fixed', ...}, ...], 'kpis': {'approved': 2, 'pending': 5, 'rejected': 2, 'total': 9}, 'ok': True}, list)">backend/tests/test_quick_reorder_phase_c5_v206.py:228: in test_admin_discount_requests_endpoint
    assert "requests" in data or isinstance(data, list), "Response should have requests"
E   AssertionError: Response should have requests
E   assert ('requests' in {'items': [{'admin_note': '', 'created_at': '2026-04-08T13:26:21.072014+00:00', 'customer_email': 'uitest@example.com', 'customer_name': 'UI Test Customer', ...}, {'admin_note': '', 'created_at': '2026-04-08T13:24:57.385443+00:00', 'customer_email': '', 'customer_name': 'TEST_Customer_Margin', ...}, {'admin_note': '', 'created_at': '2026-04-08T13:24:57.239498+00:00', 'customer_email': 'test.fields@example.com', 'customer_name': 'TEST_Customer_Fields', ...}, {'admin_note': '', 'created_at': '2026-04-08T13:24:57.119758+00:00', 'customer_email': 'test.large@example.com', 'customer_name': 'TEST_Customer_Large_Discount', ...}, {'admin_note': '', 'created_at': '2026-04-08T13:24:55.421604+00:00', 'customer_email': 'test.order@example.com', 'customer_name': 'TEST_Customer_Order', ...}, {'admin_note': 'Discount too high for this order', 'created_at': '2026-04-08T13:24:55.301932+00:00', 'customer_email': 'test.fixed@example.com', 'customer_name': 'TEST_Customer_Fixed', ...}, ...], 'kpis': {'approved': 2, 'pending': 5, 'rejected': 2, 'total': 9}, 'ok': True} or False)
E    +  where False = isinstance({'items': [{'admin_note': '', 'created_at': '2026-04-08T13:26:21.072014+00:00', 'customer_email': 'uitest@example.com', 'customer_name': 'UI Test Customer', ...}, {'admin_note': '', 'created_at': '2026-04-08T13:24:57.385443+00:00', 'customer_email': '', 'customer_name': 'TEST_Customer_Margin', ...}, {'admin_note': '', 'created_at': '2026-04-08T13:24:57.239498+00:00', 'customer_email': 'test.fields@example.com', 'customer_name': 'TEST_Customer_Fields', ...}, {'admin_note': '', 'created_at': '2026-04-08T13:24:57.119758+00:00', 'customer_email': 'test.large@example.com', 'customer_name': 'TEST_Customer_Large_Discount', ...}, {'admin_note': '', 'created_at': '2026-04-08T13:24:55.421604+00:00', 'customer_email': 'test.order@example.com', 'customer_name': 'TEST_Customer_Order', ...}, {'admin_note': 'Discount too high for this order', 'created_at': '2026-04-08T13:24:55.301932+00:00', 'customer_email': 'test.fixed@example.com', 'customer_name': 'TEST_Customer_Fixed', ...}, ...], 'kpis': {'approved': 2, 'pending': 5, 'rejected': 2, 'total': 9}, 'ok': True}, list)</failure></testcase><testcase classname="backend.tests.test_quick_reorder_phase_c5_v206.TestPhaseEDiscountRequestsVerification" name="test_staff_create_discount_request" time="0.492" /><testcase classname="backend.tests.test_quick_reorder_phase_c5_v206.TestPhaseEDiscountRequestsVerification" name="test_staff_list_discount_requests" time="0.123" /><testcase classname="backend.tests.test_quick_reorder_phase_c5_v206.TestCustomerOrdersAPI" name="test_get_customer_orders" time="0.526" /><testcase classname="backend.tests.test_quick_reorder_phase_c5_v206.TestCustomerOrdersAPI" name="test_get_customer_order_detail" time="0.305" /><testcase classname="backend.tests.test_quick_reorder_phase_c5_v206.TestReorderEdgeCases" name="test_reorder_with_invalid_token" time="0.184" /><testcase classname="backend.tests.test_quick_reorder_phase_c5_v206.TestReorderEdgeCases" name="test_reorder_response_has_source_order" time="0.695" /></testsuite></testsuites>