<?xml version="1.0" encoding="utf-8"?><testsuites name="pytest tests"><testsuite name="pytest" errors="0" failures="0" skipped="0" tests="22" time="2.590" timestamp="2026-03-15T13:21:11.640746+00:00" hostname="agent-env-7627e06d-82ad-49a1-b27f-298bd6930a69"><testcase classname="backend.tests.test_pack6_checkout_launch.TestHealthEndpoint" name="test_health_endpoint" time="0.135" /><testcase classname="backend.tests.test_pack6_checkout_launch.TestLaunchHardeningChecklist" name="test_launch_hardening_checklist_endpoint" time="0.334" /><testcase classname="backend.tests.test_pack6_checkout_launch.TestLaunchHardeningChecklist" name="test_launch_hardening_checks_keys" time="0.057" /><testcase classname="backend.tests.test_pack6_checkout_launch.TestServiceRequestAdminAPI" name="test_list_service_requests" time="0.054" /><testcase classname="backend.tests.test_pack6_checkout_launch.TestServiceRequestAdminAPI" name="test_list_service_requests_with_filters" time="0.112" /><testcase classname="backend.tests.test_pack6_checkout_launch.TestServiceRequestAdminAPI" name="test_get_service_request_detail_not_found" time="0.064" /><testcase classname="backend.tests.test_pack6_checkout_launch.TestPointsApplyAPI" name="test_points_apply_unauthorized" time="0.054" /><testcase classname="backend.tests.test_pack6_checkout_launch.TestPointsApplyAPI" name="test_points_apply_invoice_not_found" time="0.395" /><testcase classname="backend.tests.test_pack6_checkout_launch.TestAffiliateAdminAPI" name="test_list_affiliate_applications" time="0.056" /><testcase classname="backend.tests.test_pack6_checkout_launch.TestAffiliateAdminAPI" name="test_list_affiliate_applications_with_status_filter" time="0.061" /><testcase classname="backend.tests.test_pack6_checkout_launch.TestAffiliateDashboardAPI" name="test_affiliate_me_unauthorized" time="0.054" /><testcase classname="backend.tests.test_pack6_checkout_launch.TestAffiliateDashboardAPI" name="test_affiliate_me_with_auth" time="0.052" /><testcase classname="backend.tests.test_pack6_checkout_launch.TestPaymentAdminRoutes" name="test_list_payments" time="0.056" /><testcase classname="backend.tests.test_pack6_checkout_launch.TestPaymentAdminRoutes" name="test_list_payments_with_status_filter" time="0.052" /><testcase classname="backend.tests.test_pack6_checkout_launch.TestAdminAuth" name="test_admin_login_success" time="0.276" /><testcase classname="backend.tests.test_pack6_checkout_launch.TestAdminAuth" name="test_admin_login_invalid" time="0.057" /><testcase classname="backend.tests.test_pack6_checkout_launch.TestCustomerAuth" name="test_customer_login_success" time="0.275" /><testcase classname="backend.tests.test_pack6_checkout_launch.TestCustomerInvoiceAPI" name="test_list_customer_invoices" time="0.064" /><testcase classname="backend.tests.test_pack6_checkout_launch.TestAdminServiceRequestCRUD" name="test_service_request_assign" time="0.107" /><testcase classname="backend.tests.test_pack6_checkout_launch.TestAdminServiceRequestCRUD" name="test_service_request_status_update" time="0.054" /><testcase classname="backend.tests.test_pack6_checkout_launch.TestAdminServiceRequestCRUD" name="test_service_request_add_comment" time="0.057" /><testcase classname="backend.tests.test_pack6_checkout_launch.TestAuthMiddlewareIntegration" name="test_auth_me_endpoint" time="0.061" /></testsuite></testsuites>