<?xml version="1.0" encoding="utf-8"?><testsuites name="pytest tests"><testsuite name="pytest" errors="0" failures="0" skipped="0" tests="19" time="2.682" timestamp="2026-03-23T16:43:54.582565+00:00" hostname="agent-env-0c0588a6-35ab-4035-b70d-55bc68f74395"><testcase classname="backend.tests.test_commerce_fixes_pack.TestMarketplaceFilters" name="test_marketplace_filters_returns_groups_and_subgroups" time="0.174" /><testcase classname="backend.tests.test_commerce_fixes_pack.TestMarketplaceFilters" name="test_marketplace_filters_groups_have_required_fields" time="0.114" /><testcase classname="backend.tests.test_commerce_fixes_pack.TestMarketplaceFilters" name="test_marketplace_filters_subgroups_have_required_fields" time="0.104" /><testcase classname="backend.tests.test_commerce_fixes_pack.TestAdminProductGroups" name="test_list_product_groups" time="0.118" /><testcase classname="backend.tests.test_commerce_fixes_pack.TestAdminProductGroups" name="test_product_groups_have_required_fields" time="0.108" /><testcase classname="backend.tests.test_commerce_fixes_pack.TestAdminProductSubgroups" name="test_list_product_subgroups" time="0.113" /><testcase classname="backend.tests.test_commerce_fixes_pack.TestAdminProductSubgroups" name="test_product_subgroups_have_required_fields" time="0.196" /><testcase classname="backend.tests.test_commerce_fixes_pack.TestAdminProductSubgroups" name="test_create_product_subgroup" time="0.226" /><testcase classname="backend.tests.test_commerce_fixes_pack.TestAdminProductSubgroups" name="test_filter_subgroups_by_group" time="0.100" /><testcase classname="backend.tests.test_commerce_fixes_pack.TestMarketplaceProductSearch" name="test_search_products_returns_list" time="0.107" /><testcase classname="backend.tests.test_commerce_fixes_pack.TestMarketplaceProductSearch" name="test_search_products_by_query" time="0.113" /><testcase classname="backend.tests.test_commerce_fixes_pack.TestMarketplaceProductSearch" name="test_search_products_by_group_slug" time="0.106" /><testcase classname="backend.tests.test_commerce_fixes_pack.TestMarketplaceProductSearch" name="test_search_products_combined_filters" time="0.119" /><testcase classname="backend.tests.test_commerce_fixes_pack.TestDocumentPDFHooks" name="test_quote_pdf_not_found" time="0.129" /><testcase classname="backend.tests.test_commerce_fixes_pack.TestDocumentPDFHooks" name="test_invoice_pdf_not_found" time="0.233" /><testcase classname="backend.tests.test_commerce_fixes_pack.TestSalesAssistRequests" name="test_create_sales_assist_request" time="0.109" /><testcase classname="backend.tests.test_commerce_fixes_pack.TestSalesAssistRequests" name="test_create_sales_assist_request_minimal" time="0.156" /><testcase classname="backend.tests.test_commerce_fixes_pack.TestSalesAssistRequests" name="test_create_sales_assist_request_service_context" time="0.133" /><testcase classname="backend.tests.test_commerce_fixes_pack.TestVendorProducts" name="test_create_vendor_product" time="0.109" /></testsuite></testsuites>