<?xml version="1.0" encoding="utf-8"?><testsuites name="pytest tests"><testsuite name="pytest" errors="0" failures="0" skipped="0" tests="9" time="1.844" timestamp="2026-03-17T15:04:23.023799+00:00" hostname="agent-env-645c5ed9-f4fb-488b-ba11-ce9f60eb44b6"><testcase classname="backend.tests.test_affiliate_growth_pack.TestAffiliatePublicRegistration" name="test_register_affiliate_success" time="0.229" /><testcase classname="backend.tests.test_affiliate_growth_pack.TestAffiliatePublicRegistration" name="test_register_affiliate_missing_email" time="0.138" /><testcase classname="backend.tests.test_affiliate_growth_pack.TestAffiliatePublicRegistration" name="test_register_affiliate_missing_password" time="0.164" /><testcase classname="backend.tests.test_affiliate_growth_pack.TestAffiliatePublicRegistration" name="test_register_affiliate_duplicate_email" time="0.332" /><testcase classname="backend.tests.test_affiliate_growth_pack.TestAffiliatePromotionsAvailable" name="test_get_available_promotions" time="0.132" /><testcase classname="backend.tests.test_affiliate_growth_pack.TestAffiliateDashboardSummary" name="test_dashboard_summary_unauthorized" time="0.151" /><testcase classname="backend.tests.test_affiliate_growth_pack.TestAffiliateDashboardSummary" name="test_dashboard_summary_invalid_token" time="0.152" /><testcase classname="backend.tests.test_affiliate_growth_pack.TestAffiliateCodeLookup" name="test_get_affiliate_by_invalid_code" time="0.156" /><testcase classname="backend.tests.test_affiliate_growth_pack.TestAffiliateCodeLookup" name="test_get_affiliate_by_valid_code" time="0.273" /></testsuite></testsuites>