<?xml version="1.0" encoding="utf-8"?><testsuites name="pytest tests"><testsuite name="pytest" errors="0" failures="0" skipped="0" tests="13" time="5.980" timestamp="2026-04-06T12:45:28.427560+00:00" hostname="agent-env-377db547-79ba-4c4b-b12e-55d780795bc2"><testcase classname="backend.tests.test_e2e_order_flow_v177.TestAuthenticationFlows" name="test_admin_login" time="1.534" /><testcase classname="backend.tests.test_e2e_order_flow_v177.TestAuthenticationFlows" name="test_customer_login" time="0.327" /><testcase classname="backend.tests.test_e2e_order_flow_v177.TestAuthenticationFlows" name="test_vendor_login" time="0.334" /><testcase classname="backend.tests.test_e2e_order_flow_v177.TestMarketplaceProductVisibility" name="test_marketplace_search_returns_hp_laserjet" time="0.119" /><testcase classname="backend.tests.test_e2e_order_flow_v177.TestMarketplaceProductVisibility" name="test_product_detail_returns_full_info" time="0.129" /><testcase classname="backend.tests.test_e2e_order_flow_v177.TestCustomerCheckoutQuote" name="test_customer_checkout_quote_creates_quote" time="0.471" /><testcase classname="backend.tests.test_e2e_order_flow_v177.TestCustomerOrderView" name="test_customer_orders_returns_list" time="0.589" /><testcase classname="backend.tests.test_e2e_order_flow_v177.TestAdminOrderView" name="test_admin_orders_ops_returns_enriched_list" time="0.640" /><testcase classname="backend.tests.test_e2e_order_flow_v177.TestVendorOrderView" name="test_vendor_orders_returns_assigned_orders" time="0.476" /><testcase classname="backend.tests.test_e2e_order_flow_v177.TestAdminVendorSupplySubmissions" name="test_admin_vendor_supply_submissions" time="0.447" /><testcase classname="backend.tests.test_e2e_order_flow_v177.TestAdminVendorSupplySubmissions" name="test_idempotent_approval_no_duplicate_product" time="0.581" /><testcase classname="backend.tests.test_e2e_order_flow_v177.TestBusinessSettingsPublic" name="test_business_settings_public_returns_company_data" time="0.115" /><testcase classname="backend.tests.test_e2e_order_flow_v177.TestHealthAndBasics" name="test_health_endpoint" time="0.097" /></testsuite></testsuites>