<?xml version="1.0" encoding="utf-8"?><testsuites name="pytest tests"><testsuite name="pytest" errors="0" failures="0" skipped="0" tests="13" time="4.786" timestamp="2026-03-21T17:35:25.534268+00:00" hostname="agent-env-bc617297-66b7-4e84-b46f-262c88c4a5db"><testcase classname="backend.tests.test_service_partner_capabilities.TestServicePartnerCapabilitiesAPI" name="test_01_list_capabilities_empty_or_existing" time="0.335" /><testcase classname="backend.tests.test_service_partner_capabilities.TestServicePartnerCapabilitiesAPI" name="test_02_create_capability" time="0.257" /><testcase classname="backend.tests.test_service_partner_capabilities.TestServicePartnerCapabilitiesAPI" name="test_03_create_and_verify_persistence" time="0.379" /><testcase classname="backend.tests.test_service_partner_capabilities.TestServicePartnerCapabilitiesAPI" name="test_04_filter_by_service_key" time="0.409" /><testcase classname="backend.tests.test_service_partner_capabilities.TestServicePartnerCapabilitiesAPI" name="test_05_filter_by_country_code" time="0.408" /><testcase classname="backend.tests.test_service_partner_capabilities.TestServicePartnerCapabilitiesAPI" name="test_06_update_capability" time="0.473" /><testcase classname="backend.tests.test_service_partner_capabilities.TestServicePartnerCapabilitiesAPI" name="test_07_delete_capability" time="0.333" /><testcase classname="backend.tests.test_service_partner_capabilities.TestServicePartnerCapabilitiesAPI" name="test_08_delete_nonexistent_returns_404" time="0.102" /><testcase classname="backend.tests.test_service_partner_capabilities.TestServicePartnerCapabilitiesAPI" name="test_09_update_nonexistent_returns_404" time="0.156" /><testcase classname="backend.tests.test_service_partner_capabilities.TestServicePartnerCapabilitiesAPI" name="test_10_routing_best_endpoint" time="0.583" /><testcase classname="backend.tests.test_service_partner_capabilities.TestServicePartnerCapabilitiesAPI" name="test_11_preferred_routing_clears_others" time="0.547" /><testcase classname="backend.tests.test_service_partner_capabilities.TestServicePartnerCapabilitiesAPI" name="test_12_routing_best_prefers_preferred_routing" time="0.569" /><testcase classname="backend.tests.test_service_partner_capabilities.TestServicePartnerCapabilitiesAPI" name="test_13_routing_best_no_match_returns_null" time="0.120" /></testsuite></testsuites>