<?xml version="1.0" encoding="utf-8"?><testsuites name="pytest tests"><testsuite name="pytest" errors="0" failures="0" skipped="0" tests="14" time="3.426" timestamp="2026-03-31T13:41:58.403578+00:00" hostname="agent-env-377db547-79ba-4c4b-b12e-55d780795bc2"><testcase classname="backend.tests.test_phase3_marketplace_services.TestMarketplaceAPI" name="test_marketplace_products_search_returns_products" time="0.163" /><testcase classname="backend.tests.test_phase3_marketplace_services.TestMarketplaceAPI" name="test_marketplace_products_search_with_query" time="0.114" /><testcase classname="backend.tests.test_phase3_marketplace_services.TestMarketplaceAPI" name="test_marketplace_products_count" time="0.119" /><testcase classname="backend.tests.test_phase3_marketplace_services.TestPublicRequestsAPI" name="test_submit_service_quote_request" time="0.112" /><testcase classname="backend.tests.test_phase3_marketplace_services.TestPublicRequestsAPI" name="test_submit_product_bulk_request" time="0.118" /><testcase classname="backend.tests.test_phase3_marketplace_services.TestPublicRequestsAPI" name="test_submit_business_pricing_request" time="0.110" /><testcase classname="backend.tests.test_phase3_marketplace_services.TestServiceCatalogAPI" name="test_get_service_types" time="0.431" /><testcase classname="backend.tests.test_phase3_marketplace_services.TestServiceCatalogAPI" name="test_get_service_groups" time="0.480" /><testcase classname="backend.tests.test_phase3_marketplace_services.TestServiceCatalogAPI" name="test_public_service_detail_uses_fallback" time="0.121" /><testcase classname="backend.tests.test_phase3_marketplace_services.TestAdminAuthRegression" name="test_admin_login" time="0.331" /><testcase classname="backend.tests.test_phase3_marketplace_services.TestRequestsInboxRegression" name="test_requests_inbox_loads" time="0.505" /><testcase classname="backend.tests.test_phase3_marketplace_services.TestCRMRegression" name="test_crm_leads_loads" time="0.440" /><testcase classname="backend.tests.test_phase3_marketplace_services.TestGuestLeadsAPI" name="test_submit_expansion_business_interest" time="0.170" /><testcase classname="backend.tests.test_phase3_marketplace_services.TestGuestLeadsAPI" name="test_submit_expansion_partner_application" time="0.113" /></testsuite></testsuites>