<?xml version="1.0" encoding="utf-8"?><testsuites name="pytest tests"><testsuite name="pytest" errors="0" failures="0" skipped="0" tests="17" time="2.860" timestamp="2026-04-12T13:47:05.902934+00:00" hostname="agent-env-377db547-79ba-4c4b-b12e-55d780795bc2"><testcase classname="backend.tests.test_document_render_phase_b1.TestDocumentRenderSettings" name="test_render_settings_returns_200" time="0.151" /><testcase classname="backend.tests.test_document_render_phase_b1.TestDocumentRenderSettings" name="test_render_settings_has_company_info" time="0.154" /><testcase classname="backend.tests.test_document_render_phase_b1.TestDocumentRenderSettings" name="test_render_settings_has_bank_details" time="0.133" /><testcase classname="backend.tests.test_document_render_phase_b1.TestDocumentRenderSettings" name="test_render_settings_has_branding" time="0.144" /><testcase classname="backend.tests.test_document_render_phase_b1.TestDocumentRenderSettings" name="test_render_settings_has_doc_footer" time="0.147" /><testcase classname="backend.tests.test_document_render_phase_b1.TestDocumentRenderSettings" name="test_render_settings_has_doc_numbering" time="0.141" /><testcase classname="backend.tests.test_document_render_phase_b1.TestDocumentRenderSettings" name="test_render_settings_has_doc_template" time="0.144" /><testcase classname="backend.tests.test_document_render_phase_b1.TestQuoteDetail" name="test_quote_detail_returns_200" time="0.133" /><testcase classname="backend.tests.test_document_render_phase_b1.TestQuoteDetail" name="test_quote_has_required_fields" time="0.126" /><testcase classname="backend.tests.test_document_render_phase_b1.TestQuoteDetail" name="test_quote_line_items_structure" time="0.131" /><testcase classname="backend.tests.test_document_render_phase_b1.TestInvoiceDetail" name="test_invoice_detail_returns_200" time="0.124" /><testcase classname="backend.tests.test_document_render_phase_b1.TestInvoiceDetail" name="test_invoice_has_required_fields" time="0.161" /><testcase classname="backend.tests.test_document_render_phase_b1.TestDeliveryNotes" name="test_delivery_notes_list_returns_200" time="0.139" /><testcase classname="backend.tests.test_document_render_phase_b1.TestDeliveryNotes" name="test_delivery_notes_list_is_array" time="0.129" /><testcase classname="backend.tests.test_document_render_phase_b1.TestDeliveryNotes" name="test_delivery_note_detail_returns_200" time="0.263" /><testcase classname="backend.tests.test_document_render_phase_b1.TestDeliveryNotes" name="test_delivery_note_has_required_fields" time="0.287" /><testcase classname="backend.tests.test_document_render_phase_b1.TestDeliveryNotes" name="test_delivery_note_status_update" time="0.260" /></testsuite></testsuites>