<?xml version="1.0" encoding="utf-8"?><testsuites name="pytest tests"><testsuite name="pytest" errors="0" failures="0" skipped="0" tests="16" time="5.291" timestamp="2026-04-10T14:17:40.636020+00:00" hostname="agent-env-377db547-79ba-4c4b-b12e-55d780795bc2"><testcase classname="backend.tests.test_service_tasks_v249.TestAdminServiceTaskEndpoints" name="test_health_check" time="0.155" /><testcase classname="backend.tests.test_service_tasks_v249.TestAdminServiceTaskEndpoints" name="test_create_service_task" time="0.127" /><testcase classname="backend.tests.test_service_tasks_v249.TestAdminServiceTaskEndpoints" name="test_list_service_tasks" time="0.112" /><testcase classname="backend.tests.test_service_tasks_v249.TestAdminServiceTaskEndpoints" name="test_list_service_tasks_with_filters" time="0.117" /><testcase classname="backend.tests.test_service_tasks_v249.TestAdminServiceTaskEndpoints" name="test_get_service_task_stats_summary" time="0.124" /><testcase classname="backend.tests.test_service_tasks_v249.TestAdminServiceTaskEndpoints" name="test_assign_task_to_partner" time="0.373" /><testcase classname="backend.tests.test_service_tasks_v249.TestAdminServiceTaskEndpoints" name="test_admin_update_task_status" time="0.368" /><testcase classname="backend.tests.test_service_tasks_v249.TestPartnerPortalEndpoints" name="test_partner_get_assigned_work" time="0.441" /><testcase classname="backend.tests.test_service_tasks_v249.TestPartnerPortalEndpoints" name="test_partner_get_work_stats" time="0.509" /><testcase classname="backend.tests.test_service_tasks_v249.TestPartnerPortalEndpoints" name="test_partner_submit_cost" time="0.692" /><testcase classname="backend.tests.test_service_tasks_v249.TestPartnerPortalEndpoints" name="test_partner_update_status" time="0.575" /><testcase classname="backend.tests.test_service_tasks_v249.TestPartnerPortalEndpoints" name="test_partner_add_note" time="0.557" /><testcase classname="backend.tests.test_service_tasks_v249.TestPartnerPortalEndpoints" name="test_partner_cannot_see_other_partner_tasks" time="0.433" /><testcase classname="backend.tests.test_service_tasks_v249.TestPartnerAuthFlow" name="test_partner_login" time="0.339" /><testcase classname="backend.tests.test_service_tasks_v249.TestPartnerAuthFlow" name="test_partner_auth_required_for_assigned_work" time="0.137" /><testcase classname="backend.tests.test_service_tasks_v249.TestPartnerAuthFlow" name="test_invalid_partner_token_rejected" time="0.133" /></testsuite></testsuites>