<?xml version="1.0" encoding="utf-8"?><testsuites name="pytest tests"><testsuite name="pytest" errors="0" failures="1" skipped="0" tests="6" time="6.520" timestamp="2026-04-16T17:29:32.660588+00:00" hostname="agent-env-377db547-79ba-4c4b-b12e-55d780795bc2"><testcase classname="backend.tests.test_iteration_330.TestDocumentNumberingDefaults" name="test_document_numbering_service_defaults" time="0.000" /><testcase classname="backend.tests.test_iteration_330.TestCommissionEngine" name="test_commission_calculate_returns_tier_applied" time="0.669" /><testcase classname="backend.tests.test_iteration_330.TestSubcategoryRequests" name="test_create_subcategory_request" time="0.505" /><testcase classname="backend.tests.test_iteration_330.TestQuoteInvoiceOrderFlow" name="test_quote_acceptance_generates_invoice_and_order" time="0.619"><failure message="AssertionError: Quote acceptance failed: Internal Server Error&#10;assert 500 == 200&#10; +  where 500 = &lt;Response [500]&gt;.status_code">backend/tests/test_iteration_330.py:180: in test_quote_acceptance_generates_invoice_and_order
    assert accept_resp.status_code == 200, f"Quote acceptance failed: {accept_resp.text}"
E   AssertionError: Quote acceptance failed: Internal Server Error
E   assert 500 == 200
E    +  where 500 = &lt;Response [500]&gt;.status_code</failure></testcase><testcase classname="backend.tests.test_iteration_330.TestInvoicesPageNoCreateButton" name="test_invoices_list_endpoint" time="0.579" /><testcase classname="backend.tests.test_iteration_330.TestVendorOpsOperationsRename" name="test_vendor_ops_dashboard_stats" time="4.025" /></testsuite></testsuites>