<?xml version="1.0" encoding="utf-8"?><testsuites name="pytest tests"><testsuite name="pytest" errors="0" failures="0" skipped="0" tests="26" time="2.534" timestamp="2026-03-12T16:36:25.691710+00:00" hostname="agent-env-968ee692-d354-4745-80f7-4468e7c64c9b"><testcase classname="tests.test_phase_b_alignment.TestHealth" name="test_health_endpoint" time="0.154" /><testcase classname="tests.test_phase_b_alignment.TestCRMSettingsAPI" name="test_get_crm_settings_requires_auth" time="0.080" /><testcase classname="tests.test_phase_b_alignment.TestCRMSettingsAPI" name="test_get_crm_settings" time="0.600" /><testcase classname="tests.test_phase_b_alignment.TestCRMSettingsAPI" name="test_get_staff_list" time="0.098" /><testcase classname="tests.test_phase_b_alignment.TestCRMLeadsAPI" name="test_list_leads_endpoint_accessible" time="0.064" /><testcase classname="tests.test_phase_b_alignment.TestCRMLeadsAPI" name="test_list_leads" time="0.057" /><testcase classname="tests.test_phase_b_alignment.TestCRMLeadsAPI" name="test_filter_leads_by_status" time="0.055" /><testcase classname="tests.test_phase_b_alignment.TestCRMLeadsAPI" name="test_create_lead_with_industry_and_source" time="0.057" /><testcase classname="tests.test_phase_b_alignment.TestCRMLeadsAPI" name="test_update_lead_status_for_kanban" time="0.057" /><testcase classname="tests.test_phase_b_alignment.TestCRMLeadsAPI" name="test_cleanup_test_lead" time="0.065" /><testcase classname="tests.test_phase_b_alignment.TestCustomersAPI" name="test_list_customers_endpoint_accessible" time="0.054" /><testcase classname="tests.test_phase_b_alignment.TestCustomersAPI" name="test_list_customers" time="0.063" /><testcase classname="tests.test_phase_b_alignment.TestCustomersAPI" name="test_create_customer_with_filter_fields" time="0.066" /><testcase classname="tests.test_phase_b_alignment.TestCustomersAPI" name="test_customer_has_required_filter_fields" time="0.076" /><testcase classname="tests.test_phase_b_alignment.TestCustomersAPI" name="test_cleanup_test_customer" time="0.064" /><testcase classname="tests.test_phase_b_alignment.TestCreativeServicesV2API" name="test_list_active_services" time="0.060" /><testcase classname="tests.test_phase_b_alignment.TestCreativeServicesV2API" name="test_get_logo_design_service" time="0.056" /><testcase classname="tests.test_phase_b_alignment.TestCreativeServicesV2API" name="test_get_flyer_design_service" time="0.076" /><testcase classname="tests.test_phase_b_alignment.TestCreativeServicesV2API" name="test_service_has_addons" time="0.055" /><testcase classname="tests.test_phase_b_alignment.TestCreativeServicesV2API" name="test_brief_field_types" time="0.058" /><testcase classname="tests.test_phase_b_alignment.TestCreativeServicesV2API" name="test_select_field_has_options" time="0.053" /><testcase classname="tests.test_phase_b_alignment.TestCreativeServiceOrdersAPI" name="test_create_service_order" time="0.063" /><testcase classname="tests.test_phase_b_alignment.TestCreativeServiceOrdersAPI" name="test_order_includes_addon_total" time="0.084" /><testcase classname="tests.test_phase_b_alignment.TestPhaseBAligmentSummary" name="test_crm_page_v2_dependencies" time="0.181" /><testcase classname="tests.test_phase_b_alignment.TestPhaseBAligmentSummary" name="test_customers_page_v2_dependencies" time="0.054" /><testcase classname="tests.test_phase_b_alignment.TestPhaseBAligmentSummary" name="test_creative_brief_page_dependencies" time="0.062" /></testsuite></testsuites>