<?xml version="1.0" encoding="utf-8"?><testsuites name="pytest tests"><testsuite name="pytest" errors="0" failures="1" skipped="0" tests="18" time="4.917" timestamp="2026-03-17T17:05:55.796918+00:00" hostname="agent-env-a75cee77-f1c5-4214-a812-f3a269b18a80"><testcase classname="backend.tests.test_commercial_profiling_pack.TestAutoNumberingConfig" name="test_get_numbering_config_requires_auth" time="0.282" /><testcase classname="backend.tests.test_commercial_profiling_pack.TestAutoNumberingConfig" name="test_get_numbering_config" time="0.562" /><testcase classname="backend.tests.test_commercial_profiling_pack.TestAutoNumberingConfig" name="test_update_numbering_config" time="0.169" /><testcase classname="backend.tests.test_commercial_profiling_pack.TestAutoNumberingConfig" name="test_preview_number_format" time="0.350"><failure message="assert 400 == 200&#10; +  where 400 = &lt;Response [400]&gt;.status_code">backend/tests/test_commercial_profiling_pack.py:104: in test_preview_number_format
    assert response.status_code == 200
E   assert 400 == 200
E    +  where 400 = &lt;Response [400]&gt;.status_code</failure></testcase><testcase classname="backend.tests.test_commercial_profiling_pack.TestBusinessPricingRequest" name="test_submit_business_pricing_requires_auth" time="0.221" /><testcase classname="backend.tests.test_commercial_profiling_pack.TestBusinessPricingRequest" name="test_submit_business_pricing_request" time="0.521" /><testcase classname="backend.tests.test_commercial_profiling_pack.TestBusinessPricingRequest" name="test_get_my_business_pricing_requests" time="0.133" /><testcase classname="backend.tests.test_commercial_profiling_pack.TestFirstOrderDiscount" name="test_capture_first_order_discount_no_email" time="0.149" /><testcase classname="backend.tests.test_commercial_profiling_pack.TestFirstOrderDiscount" name="test_capture_first_order_discount" time="0.131" /><testcase classname="backend.tests.test_commercial_profiling_pack.TestFirstOrderDiscount" name="test_validate_first_order_discount" time="0.305" /><testcase classname="backend.tests.test_commercial_profiling_pack.TestPointsRulesValidation" name="test_validate_points_redemption" time="0.155" /><testcase classname="backend.tests.test_commercial_profiling_pack.TestPointsRulesValidation" name="test_validate_points_capping" time="0.140" /><testcase classname="backend.tests.test_commercial_profiling_pack.TestPointsRulesValidation" name="test_get_points_config" time="0.143" /><testcase classname="backend.tests.test_commercial_profiling_pack.TestSalesGuidedQuestions" name="test_save_guided_questions_requires_auth" time="0.131" /><testcase classname="backend.tests.test_commercial_profiling_pack.TestSalesGuidedQuestions" name="test_save_guided_questions" time="0.497" /><testcase classname="backend.tests.test_commercial_profiling_pack.TestHealthAndIntegration" name="test_api_health" time="0.172" /><testcase classname="backend.tests.test_commercial_profiling_pack.TestHealthAndIntegration" name="test_admin_login" time="0.361" /><testcase classname="backend.tests.test_commercial_profiling_pack.TestHealthAndIntegration" name="test_customer_login" time="0.357" /></testsuite></testsuites>