<?xml version="1.0" encoding="utf-8"?><testsuites name="pytest tests"><testsuite name="pytest" errors="0" failures="0" skipped="0" tests="27" time="6.456" timestamp="2026-03-12T17:38:21.547584+00:00" hostname="agent-env-a95a3f93-4684-4e9d-beeb-11d5466b117f"><testcase classname="backend.tests.test_warehouse_raw_materials.TestHealth" name="test_health_endpoint" time="0.122" /><testcase classname="backend.tests.test_warehouse_raw_materials.TestAdminAuth" name="test_admin_login" time="0.362" /><testcase classname="backend.tests.test_warehouse_raw_materials.TestWarehouseAPI" name="test_list_warehouses_requires_auth" time="0.122" /><testcase classname="backend.tests.test_warehouse_raw_materials.TestWarehouseAPI" name="test_list_warehouses" time="0.484" /><testcase classname="backend.tests.test_warehouse_raw_materials.TestWarehouseAPI" name="test_create_warehouse" time="0.115" /><testcase classname="backend.tests.test_warehouse_raw_materials.TestWarehouseAPI" name="test_duplicate_warehouse_code_rejected" time="0.117" /><testcase classname="backend.tests.test_warehouse_raw_materials.TestWarehouseAPI" name="test_get_warehouse_by_id" time="0.251" /><testcase classname="backend.tests.test_warehouse_raw_materials.TestWarehouseAPI" name="test_update_warehouse" time="0.224" /><testcase classname="backend.tests.test_warehouse_raw_materials.TestWarehouseAPI" name="test_delete_warehouse" time="0.222" /><testcase classname="backend.tests.test_warehouse_raw_materials.TestWarehouseAPI" name="test_warehouse_stats" time="0.136" /><testcase classname="backend.tests.test_warehouse_raw_materials.TestRawMaterialsAPI" name="test_list_raw_materials_requires_auth" time="0.137" /><testcase classname="backend.tests.test_warehouse_raw_materials.TestRawMaterialsAPI" name="test_list_raw_materials" time="0.522" /><testcase classname="backend.tests.test_warehouse_raw_materials.TestRawMaterialsAPI" name="test_create_raw_material" time="0.108" /><testcase classname="backend.tests.test_warehouse_raw_materials.TestRawMaterialsAPI" name="test_duplicate_sku_rejected" time="0.119" /><testcase classname="backend.tests.test_warehouse_raw_materials.TestRawMaterialsAPI" name="test_get_material_by_id" time="0.296" /><testcase classname="backend.tests.test_warehouse_raw_materials.TestRawMaterialsAPI" name="test_get_material_categories" time="0.121" /><testcase classname="backend.tests.test_warehouse_raw_materials.TestRawMaterialsAPI" name="test_filter_by_category" time="0.113" /><testcase classname="backend.tests.test_warehouse_raw_materials.TestRawMaterialsAPI" name="test_update_raw_material" time="0.250" /><testcase classname="backend.tests.test_warehouse_raw_materials.TestRawMaterialsAPI" name="test_delete_raw_material" time="0.235" /><testcase classname="backend.tests.test_warehouse_raw_materials.TestStockAdjustment" name="test_adjust_stock_add" time="0.584" /><testcase classname="backend.tests.test_warehouse_raw_materials.TestStockAdjustment" name="test_adjust_stock_remove" time="0.124" /><testcase classname="backend.tests.test_warehouse_raw_materials.TestStockAdjustment" name="test_adjust_stock_set" time="0.102" /><testcase classname="backend.tests.test_warehouse_raw_materials.TestMaterialStats" name="test_material_stats_summary" time="0.495" /><testcase classname="backend.tests.test_warehouse_raw_materials.TestMaterialStats" name="test_low_stock_materials" time="0.162" /><testcase classname="backend.tests.test_warehouse_raw_materials.TestProductionQueueFilter" name="test_production_queue_list" time="0.513" /><testcase classname="backend.tests.test_warehouse_raw_materials.TestProductionQueueFilter" name="test_production_queue_filter_by_assigned_to" time="0.144" /><testcase classname="backend.tests.test_warehouse_raw_materials.TestProductionQueueFilter" name="test_production_stats" time="0.170" /></testsuite></testsuites>