<?xml version="1.0" encoding="utf-8"?><testsuites name="pytest tests"><testsuite name="pytest" errors="0" failures="1" skipped="0" tests="16" time="2.860" timestamp="2026-03-12T04:21:34.614121+00:00" hostname="agent-env-dd66a7ed-719d-44f1-995e-98b06a3448ae"><testcase classname="backend.tests.test_quotes_invoices_polished.TestSKUPricingLookup" name="test_sku_lookup_valid" time="0.258" /><testcase classname="backend.tests.test_quotes_invoices_polished.TestSKUPricingLookup" name="test_sku_lookup_not_found" time="0.148" /><testcase classname="backend.tests.test_quotes_invoices_polished.TestCustomerSelection" name="test_list_customers_for_dropdown" time="0.121" /><testcase classname="backend.tests.test_quotes_invoices_polished.TestCustomerSelection" name="test_customer_with_payment_terms" time="0.143" /><testcase classname="backend.tests.test_quotes_invoices_polished.TestQuoteCreation" name="test_create_quote_with_customer_details" time="0.132" /><testcase classname="backend.tests.test_quotes_invoices_polished.TestQuoteCreation" name="test_create_quote_with_line_items" time="0.295" /><testcase classname="backend.tests.test_quotes_invoices_polished.TestQuoteActions" name="test_quote_pdf_url_generation" time="0.214" /><testcase classname="backend.tests.test_quotes_invoices_polished.TestQuoteActions" name="test_quote_status_update" time="0.209" /><testcase classname="backend.tests.test_quotes_invoices_polished.TestInvoiceCreation" name="test_create_invoice_with_due_date" time="0.175"><failure message="AssertionError: assert 'Due on Receipt' == 'Net 30'&#10;  &#10;  - Net 30&#10;  + Due on Receipt">backend/tests/test_quotes_invoices_polished.py:270: in test_create_invoice_with_due_date
    assert data["payment_term_label"] == "Net 30"
E   AssertionError: assert 'Due on Receipt' == 'Net 30'
E     
E     - Net 30
E     + Due on Receipt</failure></testcase><testcase classname="backend.tests.test_quotes_invoices_polished.TestInvoiceCreation" name="test_invoice_without_due_date_auto_calculates" time="0.119" /><testcase classname="backend.tests.test_quotes_invoices_polished.TestInvoiceActions" name="test_invoice_pdf_download" time="0.211" /><testcase classname="backend.tests.test_quotes_invoices_polished.TestInvoiceActions" name="test_invoice_status_dropdown" time="0.225" /><testcase classname="backend.tests.test_quotes_invoices_polished.TestConvertOrderToInvoice" name="test_list_orders_for_conversion" time="0.121" /><testcase classname="backend.tests.test_quotes_invoices_polished.TestTaxCalculation" name="test_tax_calculation_in_quote" time="0.156" /><testcase classname="backend.tests.test_quotes_invoices_polished.TestListingAndSearch" name="test_quotes_list" time="0.102" /><testcase classname="backend.tests.test_quotes_invoices_polished.TestListingAndSearch" name="test_invoices_list" time="0.115" /></testsuite></testsuites>