<?xml version="1.0" encoding="utf-8"?><testsuites name="pytest tests"><testsuite name="pytest" errors="0" failures="0" skipped="0" tests="15" time="2.977" timestamp="2026-03-12T17:58:10.297326+00:00" hostname="agent-env-a95a3f93-4684-4e9d-beeb-11d5466b117f"><testcase classname="backend.tests.test_document_workflow.TestHealthCheck" name="test_health_endpoint" time="0.141" /><testcase classname="backend.tests.test_document_workflow.TestDocumentWorkflowAPIs" name="test_get_quotes_for_workflow" time="0.473" /><testcase classname="backend.tests.test_document_workflow.TestDocumentWorkflowAPIs" name="test_get_orders_for_workflow" time="0.147" /><testcase classname="backend.tests.test_document_workflow.TestDocumentWorkflowAPIs" name="test_get_invoices_for_workflow" time="0.182" /><testcase classname="backend.tests.test_document_workflow.TestDocumentWorkflowAPIs" name="test_quotes_have_conversion_tracking_fields" time="0.121" /><testcase classname="backend.tests.test_document_workflow.TestPDFGeneration" name="test_export_quote_pdf" time="0.249" /><testcase classname="backend.tests.test_document_workflow.TestPDFGeneration" name="test_export_invoice_pdf" time="0.218" /><testcase classname="backend.tests.test_document_workflow.TestPDFGeneration" name="test_pdf_not_found_handling" time="0.236" /><testcase classname="backend.tests.test_document_workflow.TestPDFGeneration" name="test_pdf_invalid_id_handling" time="0.107" /><testcase classname="backend.tests.test_document_workflow.TestWorkflowDataIntegrity" name="test_quotes_orders_invoices_counts" time="0.340" /><testcase classname="backend.tests.test_document_workflow.TestWorkflowDataIntegrity" name="test_conversion_rate_calculation" time="0.125" /><testcase classname="backend.tests.test_document_workflow.TestWorkflowDataIntegrity" name="test_payment_rate_calculation" time="0.109" /><testcase classname="backend.tests.test_document_workflow.TestRequiredFieldsForWorkflow" name="test_quote_required_fields" time="0.198" /><testcase classname="backend.tests.test_document_workflow.TestRequiredFieldsForWorkflow" name="test_order_required_fields" time="0.126" /><testcase classname="backend.tests.test_document_workflow.TestRequiredFieldsForWorkflow" name="test_invoice_required_fields" time="0.109" /></testsuite></testsuites>