<?xml version="1.0" encoding="utf-8"?><testsuites name="pytest tests"><testsuite name="pytest" errors="0" failures="0" skipped="0" tests="35" time="8.115" timestamp="2026-03-11T15:44:24.963066+00:00" hostname="agent-env-ec7a4ec1-ca5d-455b-a6b7-be36d2a3c9f2"><testcase classname="backend.tests.test_admin_business_os.TestDashboardSummary" name="test_dashboard_summary_returns_all_metrics" time="0.277" /><testcase classname="backend.tests.test_admin_business_os.TestCRMLeads" name="test_create_lead" time="0.308" /><testcase classname="backend.tests.test_admin_business_os.TestCRMLeads" name="test_list_leads" time="0.100" /><testcase classname="backend.tests.test_admin_business_os.TestCRMLeads" name="test_list_leads_filter_by_status" time="0.116" /><testcase classname="backend.tests.test_admin_business_os.TestCRMLeads" name="test_get_lead" time="0.574" /><testcase classname="backend.tests.test_admin_business_os.TestCRMLeads" name="test_update_lead_status" time="0.529" /><testcase classname="backend.tests.test_admin_business_os.TestCRMLeads" name="test_delete_lead" time="0.359" /><testcase classname="backend.tests.test_admin_business_os.TestTasks" name="test_create_task" time="0.268" /><testcase classname="backend.tests.test_admin_business_os.TestTasks" name="test_list_tasks" time="0.124" /><testcase classname="backend.tests.test_admin_business_os.TestTasks" name="test_list_tasks_filter_by_status" time="0.153" /><testcase classname="backend.tests.test_admin_business_os.TestTasks" name="test_update_task_status" time="0.412" /><testcase classname="backend.tests.test_admin_business_os.TestTasks" name="test_delete_task" time="0.259" /><testcase classname="backend.tests.test_admin_business_os.TestInventory" name="test_create_inventory_item" time="0.115" /><testcase classname="backend.tests.test_admin_business_os.TestInventory" name="test_create_inventory_item_duplicate_sku_fails" time="0.255" /><testcase classname="backend.tests.test_admin_business_os.TestInventory" name="test_list_inventory_items" time="0.150" /><testcase classname="backend.tests.test_admin_business_os.TestInventory" name="test_get_inventory_item" time="0.282" /><testcase classname="backend.tests.test_admin_business_os.TestInventory" name="test_create_stock_movement_in" time="0.281" /><testcase classname="backend.tests.test_admin_business_os.TestInventory" name="test_create_stock_movement_out" time="0.237" /><testcase classname="backend.tests.test_admin_business_os.TestInventory" name="test_create_stock_movement_adjustment" time="0.252" /><testcase classname="backend.tests.test_admin_business_os.TestInventory" name="test_list_stock_movements" time="0.136" /><testcase classname="backend.tests.test_admin_business_os.TestInventory" name="test_get_low_stock_items" time="0.111" /><testcase classname="backend.tests.test_admin_business_os.TestInvoices" name="test_create_invoice" time="0.125" /><testcase classname="backend.tests.test_admin_business_os.TestInvoices" name="test_list_invoices" time="0.123" /><testcase classname="backend.tests.test_admin_business_os.TestInvoices" name="test_list_invoices_filter_by_status" time="0.108" /><testcase classname="backend.tests.test_admin_business_os.TestInvoices" name="test_get_invoice" time="0.217" /><testcase classname="backend.tests.test_admin_business_os.TestInvoices" name="test_update_invoice_status" time="0.262" /><testcase classname="backend.tests.test_admin_business_os.TestInvoices" name="test_update_invoice_invalid_status_fails" time="0.253" /><testcase classname="backend.tests.test_admin_business_os.TestInvoices" name="test_add_payment_to_invoice" time="0.312" /><testcase classname="backend.tests.test_admin_business_os.TestInvoices" name="test_add_full_payment_marks_as_paid" time="0.258" /><testcase classname="backend.tests.test_admin_business_os.TestQuotes" name="test_create_quote" time="0.136" /><testcase classname="backend.tests.test_admin_business_os.TestQuotes" name="test_list_quotes" time="0.133" /><testcase classname="backend.tests.test_admin_business_os.TestQuotes" name="test_get_quote" time="0.333" /><testcase classname="backend.tests.test_admin_business_os.TestQuotes" name="test_update_quote_status" time="0.236" /><testcase classname="backend.tests.test_admin_business_os.TestServiceOrders" name="test_list_service_orders" time="0.118" /><testcase classname="backend.tests.test_admin_business_os.TestServiceOrders" name="test_get_service_order_stats" time="0.103" /></testsuite></testsuites>