<?xml version="1.0" encoding="utf-8"?><testsuites name="pytest tests"><testsuite name="pytest" errors="0" failures="0" skipped="0" tests="13" time="6.922" timestamp="2026-03-31T14:30:49.439677+00:00" hostname="agent-env-377db547-79ba-4c4b-b12e-55d780795bc2"><testcase classname="backend.tests.test_pack_ab_taxonomy_vendor.TestPublicTaxonomy" name="test_get_taxonomy_returns_groups_categories_subcategories" time="0.153" /><testcase classname="backend.tests.test_pack_ab_taxonomy_vendor.TestMarketplaceProductSearch" name="test_search_products_no_filter" time="0.173" /><testcase classname="backend.tests.test_pack_ab_taxonomy_vendor.TestMarketplaceProductSearch" name="test_search_products_by_group_id" time="0.227" /><testcase classname="backend.tests.test_pack_ab_taxonomy_vendor.TestMarketplaceProductSearch" name="test_search_products_by_category_id" time="0.253" /><testcase classname="backend.tests.test_pack_ab_taxonomy_vendor.TestAdminCatalogSummary" name="test_get_catalog_summary" time="0.495" /><testcase classname="backend.tests.test_pack_ab_taxonomy_vendor.TestAdminTaxonomyCRUD" name="test_create_group" time="0.491" /><testcase classname="backend.tests.test_pack_ab_taxonomy_vendor.TestAdminTaxonomyCRUD" name="test_create_category_under_group" time="0.548" /><testcase classname="backend.tests.test_pack_ab_taxonomy_vendor.TestVendorProductSubmission" name="test_vendor_submit_product" time="0.591" /><testcase classname="backend.tests.test_pack_ab_taxonomy_vendor.TestVendorProductSubmission" name="test_vendor_list_submissions" time="0.453" /><testcase classname="backend.tests.test_pack_ab_taxonomy_vendor.TestAdminSubmissionReview" name="test_admin_approve_submission_publishes_product" time="1.568" /><testcase classname="backend.tests.test_pack_ab_taxonomy_vendor.TestAdminSubmissionReview" name="test_admin_reject_submission" time="0.925" /><testcase classname="backend.tests.test_pack_ab_taxonomy_vendor.TestRegressionChecks" name="test_crm_leads_api_still_works" time="0.440" /><testcase classname="backend.tests.test_pack_ab_taxonomy_vendor.TestRegressionChecks" name="test_requests_inbox_api_still_works" time="0.523" /></testsuite></testsuites>