<?xml version="1.0" encoding="utf-8"?><testsuites name="pytest tests"><testsuite name="pytest" errors="0" failures="0" skipped="0" tests="24" time="5.191" timestamp="2026-03-16T13:00:27.900399+00:00" hostname="agent-env-ed29fe10-8896-4b3b-a079-c183387371cc"><testcase classname="backend.tests.test_inventory_operations.TestInventoryOpsDashboard" name="test_get_inventory_ops_dashboard" time="0.286" /><testcase classname="backend.tests.test_inventory_operations.TestSuppliers" name="test_list_suppliers_empty_or_with_data" time="0.124" /><testcase classname="backend.tests.test_inventory_operations.TestSuppliers" name="test_create_supplier" time="0.118" /><testcase classname="backend.tests.test_inventory_operations.TestSuppliers" name="test_get_supplier_by_id" time="0.166" /><testcase classname="backend.tests.test_inventory_operations.TestSuppliers" name="test_update_supplier" time="0.124" /><testcase classname="backend.tests.test_inventory_operations.TestSuppliers" name="test_delete_supplier" time="0.213" /><testcase classname="backend.tests.test_inventory_operations.TestPurchaseOrders" name="test_list_purchase_orders" time="0.495" /><testcase classname="backend.tests.test_inventory_operations.TestPurchaseOrders" name="test_create_purchase_order" time="0.414" /><testcase classname="backend.tests.test_inventory_operations.TestPurchaseOrders" name="test_create_po_requires_supplier" time="0.337" /><testcase classname="backend.tests.test_inventory_operations.TestPurchaseOrders" name="test_get_purchase_order_by_id" time="0.341" /><testcase classname="backend.tests.test_inventory_operations.TestPurchaseOrders" name="test_approve_purchase_order" time="0.335" /><testcase classname="backend.tests.test_inventory_operations.TestPurchaseOrders" name="test_update_po_status" time="0.318" /><testcase classname="backend.tests.test_inventory_operations.TestGoodsReceiving" name="test_list_goods_receipts" time="0.145" /><testcase classname="backend.tests.test_inventory_operations.TestGoodsReceiving" name="test_create_goods_receipt" time="0.251" /><testcase classname="backend.tests.test_inventory_operations.TestGoodsReceiving" name="test_get_goods_receipt_by_id" time="0.114" /><testcase classname="backend.tests.test_inventory_operations.TestGoodsReceiving" name="test_update_goods_receipt_status" time="0.107" /><testcase classname="backend.tests.test_inventory_operations.TestDeliveryNotes" name="test_list_delivery_notes" time="0.124" /><testcase classname="backend.tests.test_inventory_operations.TestDeliveryNotes" name="test_create_delivery_note_direct" time="0.235" /><testcase classname="backend.tests.test_inventory_operations.TestDeliveryNotes" name="test_get_delivery_note_by_id" time="0.138" /><testcase classname="backend.tests.test_inventory_operations.TestDeliveryNotes" name="test_update_delivery_note_status" time="0.104" /><testcase classname="backend.tests.test_inventory_operations.TestInventoryLedger" name="test_list_all_movements" time="0.108" /><testcase classname="backend.tests.test_inventory_operations.TestInventoryLedger" name="test_filter_movements_by_type" time="0.127" /><testcase classname="backend.tests.test_inventory_operations.TestInventoryLedger" name="test_get_movements_by_sku" time="0.230" /><testcase classname="backend.tests.test_inventory_operations.TestLowStockItems" name="test_get_low_stock_items" time="0.113" /></testsuite></testsuites>