<?xml version="1.0" encoding="utf-8"?><testsuites name="pytest tests"><testsuite name="pytest" errors="0" failures="0" skipped="0" tests="22" time="0.782" timestamp="2026-04-09T06:44:27.197185+00:00" hostname="agent-env-377db547-79ba-4c4b-b12e-55d780795bc2"><testcase classname="backend.tests.test_sales_dashboard_upgrade_v217.TestSalesDashboardUpgrade" name="test_dashboard_returns_ok" time="0.526" /><testcase classname="backend.tests.test_sales_dashboard_upgrade_v217.TestSalesDashboardUpgrade" name="test_dashboard_has_staff_name" time="0.000" /><testcase classname="backend.tests.test_sales_dashboard_upgrade_v217.TestSalesDashboardUpgrade" name="test_dashboard_has_kpis" time="0.000" /><testcase classname="backend.tests.test_sales_dashboard_upgrade_v217.TestSalesDashboardUpgrade" name="test_commission_summary_exists" time="0.000" /><testcase classname="backend.tests.test_sales_dashboard_upgrade_v217.TestSalesDashboardUpgrade" name="test_commission_summary_has_expected" time="0.000" /><testcase classname="backend.tests.test_sales_dashboard_upgrade_v217.TestSalesDashboardUpgrade" name="test_commission_summary_has_pending" time="0.000" /><testcase classname="backend.tests.test_sales_dashboard_upgrade_v217.TestSalesDashboardUpgrade" name="test_commission_summary_has_paid" time="0.000" /><testcase classname="backend.tests.test_sales_dashboard_upgrade_v217.TestSalesDashboardUpgrade" name="test_commission_summary_has_total" time="0.000" /><testcase classname="backend.tests.test_sales_dashboard_upgrade_v217.TestSalesDashboardUpgrade" name="test_pipeline_exists" time="0.000" /><testcase classname="backend.tests.test_sales_dashboard_upgrade_v217.TestSalesDashboardUpgrade" name="test_pipeline_has_stage_counts" time="0.000" /><testcase classname="backend.tests.test_sales_dashboard_upgrade_v217.TestSalesDashboardUpgrade" name="test_pipeline_has_values_object" time="0.000" /><testcase classname="backend.tests.test_sales_dashboard_upgrade_v217.TestSalesDashboardUpgrade" name="test_today_actions_exists" time="0.000" /><testcase classname="backend.tests.test_sales_dashboard_upgrade_v217.TestSalesDashboardUpgrade" name="test_today_actions_structure" time="0.000" /><testcase classname="backend.tests.test_sales_dashboard_upgrade_v217.TestSalesDashboardUpgrade" name="test_today_actions_types" time="0.000" /><testcase classname="backend.tests.test_sales_dashboard_upgrade_v217.TestSalesDashboardUpgrade" name="test_charts_exists" time="0.000" /><testcase classname="backend.tests.test_sales_dashboard_upgrade_v217.TestSalesDashboardUpgrade" name="test_charts_has_pipeline_trend" time="0.000" /><testcase classname="backend.tests.test_sales_dashboard_upgrade_v217.TestSalesDashboardUpgrade" name="test_charts_has_deals_closed_trend" time="0.000" /><testcase classname="backend.tests.test_sales_dashboard_upgrade_v217.TestSalesDashboardUpgrade" name="test_charts_has_commission_trend" time="0.000" /><testcase classname="backend.tests.test_sales_dashboard_upgrade_v217.TestSalesDashboardUpgrade" name="test_recent_orders_exists" time="0.000" /><testcase classname="backend.tests.test_sales_dashboard_upgrade_v217.TestSalesDashboardUpgrade" name="test_recent_orders_have_commission_fields" time="0.000" /><testcase classname="backend.tests.test_sales_dashboard_upgrade_v217.TestSalesDashboardUpgrade" name="test_assigned_customers_exists" time="0.000" /><testcase classname="backend.tests.test_sales_dashboard_upgrade_v217.TestSalesDashboardAPIAccess" name="test_dashboard_requires_auth" time="0.148" /></testsuite></testsuites>