<?xml version="1.0" encoding="utf-8"?><testsuites name="pytest tests"><testsuite name="pytest" errors="0" failures="0" skipped="0" tests="15" time="2.134" timestamp="2026-03-16T12:38:06.538717+00:00" hostname="agent-env-ed29fe10-8896-4b3b-a079-c183387371cc"><testcase classname="backend.tests.test_team_ux_permission.TestStaffDashboard" name="test_staff_dashboard_me_returns_200" time="0.162" /><testcase classname="backend.tests.test_team_ux_permission.TestStaffDashboard" name="test_staff_dashboard_cards_structure" time="0.133" /><testcase classname="backend.tests.test_team_ux_permission.TestStaffDashboard" name="test_staff_dashboard_with_user_params" time="0.155" /><testcase classname="backend.tests.test_team_ux_permission.TestSupervisorTeamOverview" name="test_team_overview_returns_200" time="0.129" /><testcase classname="backend.tests.test_team_ux_permission.TestSupervisorTeamOverview" name="test_team_overview_summary_fields" time="0.127" /><testcase classname="backend.tests.test_team_ux_permission.TestSupervisorTeamOverview" name="test_team_overview_admin_is_super" time="0.135" /><testcase classname="backend.tests.test_team_ux_permission.TestSupervisorTeamStaffList" name="test_staff_list_returns_200" time="0.129" /><testcase classname="backend.tests.test_team_ux_permission.TestSupervisorTeamStaffList" name="test_staff_list_member_structure" time="0.124" /><testcase classname="backend.tests.test_team_ux_permission.TestSupervisorTeamStaffList" name="test_staff_list_forbidden_for_non_admins" time="0.124" /><testcase classname="backend.tests.test_team_ux_permission.TestSupervisorTeamPerformance" name="test_performance_returns_200" time="0.136" /><testcase classname="backend.tests.test_team_ux_permission.TestSupervisorTeamPerformance" name="test_performance_entry_structure" time="0.123" /><testcase classname="backend.tests.test_team_ux_permission.TestSupervisorTeamPerformance" name="test_performance_sorted_by_success" time="0.126" /><testcase classname="backend.tests.test_team_ux_permission.TestRoleBasedDashboard" name="test_sales_role_cards" time="0.146" /><testcase classname="backend.tests.test_team_ux_permission.TestRoleBasedDashboard" name="test_finance_role_cards" time="0.148" /><testcase classname="backend.tests.test_team_ux_permission.TestRoleBasedDashboard" name="test_admin_role_global_stats" time="0.138" /></testsuite></testsuites>