<?xml version="1.0" encoding="utf-8"?><testsuites name="pytest tests"><testsuite name="pytest" errors="0" failures="0" skipped="0" tests="16" time="6.614" timestamp="2026-03-26T11:54:58.802200+00:00" hostname="agent-env-acd287fc-d404-4954-87cd-30e18244edd6"><testcase classname="backend.tests.test_ui_consolidation_canonical.TestAdminAuth" name="test_admin_login" time="0.350" /><testcase classname="backend.tests.test_ui_consolidation_canonical.TestPaymentsQueueAPI" name="test_get_payments_queue" time="0.457" /><testcase classname="backend.tests.test_ui_consolidation_canonical.TestPaymentsQueueAPI" name="test_get_payments_queue_with_search" time="0.495" /><testcase classname="backend.tests.test_ui_consolidation_canonical.TestOrdersAPI" name="test_get_orders_list" time="0.450" /><testcase classname="backend.tests.test_ui_consolidation_canonical.TestOrdersAPI" name="test_get_orders_with_tab_filter" time="0.465" /><testcase classname="backend.tests.test_ui_consolidation_canonical.TestOrdersAPI" name="test_get_orders_with_search" time="0.453" /><testcase classname="backend.tests.test_ui_consolidation_canonical.TestQuotesAPI" name="test_get_quotes_list" time="0.459" /><testcase classname="backend.tests.test_ui_consolidation_canonical.TestQuotesAPI" name="test_get_quotes_with_status_filter" time="0.427" /><testcase classname="backend.tests.test_ui_consolidation_canonical.TestQuotesAPI" name="test_get_quotes_with_search" time="0.438" /><testcase classname="backend.tests.test_ui_consolidation_canonical.TestInvoicesAPI" name="test_get_invoices_list" time="0.443" /><testcase classname="backend.tests.test_ui_consolidation_canonical.TestCustomerAuth" name="test_customer_login" time="0.323" /><testcase classname="backend.tests.test_ui_consolidation_canonical.TestCustomerOrdersV2API" name="test_get_customer_orders" time="0.471" /><testcase classname="backend.tests.test_ui_consolidation_canonical.TestPartnerAuth" name="test_partner_login" time="0.105" /><testcase classname="backend.tests.test_ui_consolidation_canonical.TestPartnerFulfillmentAPI" name="test_partner_fulfillment_endpoint_exists" time="0.101" /><testcase classname="backend.tests.test_ui_consolidation_canonical.TestAdminOrderDetail" name="test_get_order_detail_endpoint" time="0.534" /><testcase classname="backend.tests.test_ui_consolidation_canonical.TestAdminPaymentDetail" name="test_get_payment_detail_endpoint" time="0.551" /></testsuite></testsuites>