<?xml version="1.0" encoding="utf-8"?><testsuites name="pytest tests"><testsuite name="pytest" errors="0" failures="0" skipped="0" tests="19" time="2.998" timestamp="2026-04-13T11:21:36.950955+00:00" hostname="agent-env-377db547-79ba-4c4b-b12e-55d780795bc2"><testcase classname="backend.tests.test_group_deals_batch1_v293.TestProductSearchEndpoint" name="test_products_search_returns_list" time="0.306" /><testcase classname="backend.tests.test_group_deals_batch1_v293.TestProductSearchEndpoint" name="test_products_search_has_required_fields" time="0.120" /><testcase classname="backend.tests.test_group_deals_batch1_v293.TestProductSearchEndpoint" name="test_products_search_with_query_filters" time="0.107" /><testcase classname="backend.tests.test_group_deals_batch1_v293.TestProductSearchEndpoint" name="test_products_search_empty_query_returns_all" time="0.105" /><testcase classname="backend.tests.test_group_deals_batch1_v293.TestProductSearchEndpoint" name="test_products_search_name_derived_from_slug" time="0.124" /><testcase classname="backend.tests.test_group_deals_batch1_v293.TestCampaignCreationWithProduct" name="test_create_campaign_with_product_id" time="0.348" /><testcase classname="backend.tests.test_group_deals_batch1_v293.TestStructuredPricing" name="test_pricing_fields_in_campaign" time="0.109" /><testcase classname="backend.tests.test_group_deals_batch1_v293.TestStructuredPricing" name="test_margin_calculation_correct" time="0.207" /><testcase classname="backend.tests.test_group_deals_batch1_v293.TestStructuredPricing" name="test_margin_percentage_calculation" time="0.121" /><testcase classname="backend.tests.test_group_deals_batch1_v293.TestMarginValidation" name="test_reject_campaign_below_minimum_margin" time="0.142" /><testcase classname="backend.tests.test_group_deals_batch1_v293.TestMarginValidation" name="test_reject_campaign_negative_margin" time="0.120" /><testcase classname="backend.tests.test_group_deals_batch1_v293.TestMarginValidation" name="test_accept_campaign_at_minimum_margin" time="0.250" /><testcase classname="backend.tests.test_group_deals_batch1_v293.TestNumberFormatting" name="test_campaign_prices_are_numbers" time="0.113" /><testcase classname="backend.tests.test_group_deals_batch1_v293.TestNumberFormatting" name="test_public_deals_prices_are_numbers" time="0.110" /><testcase classname="backend.tests.test_group_deals_batch1_v293.TestNumberFormatting" name="test_featured_deals_prices_are_numbers" time="0.123" /><testcase classname="backend.tests.test_group_deals_batch1_v293.TestVBOFormattedUnits" name="test_finalized_campaign_has_vbo_info" time="0.108" /><testcase classname="backend.tests.test_group_deals_batch1_v293.TestProductSearchEdgeCases" name="test_search_nonexistent_product" time="0.118" /><testcase classname="backend.tests.test_group_deals_batch1_v293.TestProductSearchEdgeCases" name="test_search_special_characters" time="0.105" /><testcase classname="backend.tests.test_group_deals_batch1_v293.TestProductSearchEdgeCases" name="test_search_category_filter" time="0.127" /></testsuite></testsuites>