<?xml version="1.0" encoding="utf-8"?><testsuites name="pytest tests"><testsuite name="pytest" errors="0" failures="0" skipped="0" tests="13" time="1.655" timestamp="2026-04-07T10:55:22.824865+00:00" hostname="agent-env-377db547-79ba-4c4b-b12e-55d780795bc2"><testcase classname="backend.tests.test_marketplace_boundary_sales_assist_v188.TestSalesAssistAPI" name="test_sales_assist_endpoint_exists" time="0.167" /><testcase classname="backend.tests.test_marketplace_boundary_sales_assist_v188.TestSalesAssistAPI" name="test_sales_assist_creates_request_with_status_new" time="0.130" /><testcase classname="backend.tests.test_marketplace_boundary_sales_assist_v188.TestSalesAssistAPI" name="test_sales_assist_minimal_payload" time="0.103" /><testcase classname="backend.tests.test_marketplace_boundary_sales_assist_v188.TestSalesAssistAPI" name="test_sales_assist_from_cart_source" time="0.097" /><testcase classname="backend.tests.test_marketplace_boundary_sales_assist_v188.TestSalesAssistAPI" name="test_sales_assist_from_checkout_source" time="0.139" /><testcase classname="backend.tests.test_marketplace_boundary_sales_assist_v188.TestServiceQuoteMarginAPI" name="test_service_quote_margin_preview_endpoint_exists" time="0.118" /><testcase classname="backend.tests.test_marketplace_boundary_sales_assist_v188.TestServiceQuoteMarginAPI" name="test_service_quote_margin_returns_internal_and_customer_views" time="0.102" /><testcase classname="backend.tests.test_marketplace_boundary_sales_assist_v188.TestServiceQuoteMarginAPI" name="test_service_quote_margin_internal_view_has_full_breakdown" time="0.113" /><testcase classname="backend.tests.test_marketplace_boundary_sales_assist_v188.TestServiceQuoteMarginAPI" name="test_service_quote_margin_customer_view_only_shows_quoted_amount" time="0.105" /><testcase classname="backend.tests.test_marketplace_boundary_sales_assist_v188.TestServiceQuoteMarginAPI" name="test_service_quote_margin_zero_margin" time="0.137" /><testcase classname="backend.tests.test_marketplace_boundary_sales_assist_v188.TestServiceQuoteMarginAPI" name="test_service_quote_margin_high_margin" time="0.103" /><testcase classname="backend.tests.test_marketplace_boundary_sales_assist_v188.TestPublicMarketplaceAPI" name="test_marketplace_listing_detail_api" time="0.136" /><testcase classname="backend.tests.test_marketplace_boundary_sales_assist_v188.TestHealthCheck" name="test_api_health" time="0.091" /></testsuite></testsuites>