<?xml version="1.0" encoding="utf-8"?><testsuites name="pytest tests"><testsuite name="pytest" errors="0" failures="0" skipped="0" tests="14" time="1.872" timestamp="2026-03-24T06:52:26.313102+00:00" hostname="agent-env-7e15ac0c-68ba-48cf-8ba9-e4d0d91422dc"><testcase classname="backend.tests.test_instant_quote_sales_command.TestInstantQuoteEngine" name="test_instant_quote_preview_success" time="0.185" /><testcase classname="backend.tests.test_instant_quote_sales_command.TestInstantQuoteEngine" name="test_instant_quote_preview_different_amount" time="0.104" /><testcase classname="backend.tests.test_instant_quote_sales_command.TestInstantQuoteEngine" name="test_instant_quote_preview_zero_amount" time="0.111" /><testcase classname="backend.tests.test_instant_quote_sales_command.TestInstantQuoteEngine" name="test_instant_quote_preview_negative_amount" time="0.098" /><testcase classname="backend.tests.test_instant_quote_sales_command.TestInstantQuoteEngine" name="test_instant_quote_preview_missing_amount" time="0.100" /><testcase classname="backend.tests.test_instant_quote_sales_command.TestSalesCommandCenter" name="test_dispatch_summary_success" time="0.101" /><testcase classname="backend.tests.test_instant_quote_sales_command.TestSalesCommandCenter" name="test_dispatch_summary_with_sales_owner_filter" time="0.117" /><testcase classname="backend.tests.test_instant_quote_sales_command.TestSalesCommandCenter" name="test_claim_lead_success" time="0.231" /><testcase classname="backend.tests.test_instant_quote_sales_command.TestSalesCommandCenter" name="test_claim_lead_nonexistent" time="0.098" /><testcase classname="backend.tests.test_instant_quote_sales_command.TestSalesCommandCenter" name="test_mark_followup_success" time="0.212" /><testcase classname="backend.tests.test_instant_quote_sales_command.TestSalesCommandCenter" name="test_mark_followup_nonexistent" time="0.104" /><testcase classname="backend.tests.test_instant_quote_sales_command.TestInstantQuoteEdgeCases" name="test_instant_quote_small_amount" time="0.095" /><testcase classname="backend.tests.test_instant_quote_sales_command.TestInstantQuoteEdgeCases" name="test_instant_quote_large_amount" time="0.105" /><testcase classname="backend.tests.test_instant_quote_sales_command.TestInstantQuoteEdgeCases" name="test_instant_quote_decimal_amount" time="0.106" /></testsuite></testsuites>