<?xml version="1.0" encoding="utf-8"?><testsuites name="pytest tests"><testsuite name="pytest" errors="0" failures="0" skipped="0" tests="18" time="6.995" timestamp="2026-03-26T11:26:47.492351+00:00" hostname="agent-env-acd287fc-d404-4954-87cd-30e18244edd6"><testcase classname="backend.tests.test_ui_document_polish_v2.TestAdminAuth" name="test_admin_login_success" time="0.409" /><testcase classname="backend.tests.test_ui_document_polish_v2.TestCustomerAuth" name="test_customer_login_success" time="0.323" /><testcase classname="backend.tests.test_ui_document_polish_v2.TestContactDetailsInBranding" name="test_get_branding_returns_contact_fields_with_defaults" time="0.373" /><testcase classname="backend.tests.test_ui_document_polish_v2.TestContactDetailsInBranding" name="test_post_branding_saves_contact_fields" time="0.400" /><testcase classname="backend.tests.test_ui_document_polish_v2.TestContactDetailsInBranding" name="test_contact_fields_persist_via_get" time="0.424" /><testcase classname="backend.tests.test_ui_document_polish_v2.TestContactDetailsInBranding" name="test_restore_default_contact_fields" time="0.393" /><testcase classname="backend.tests.test_ui_document_polish_v2.TestStampLogoEmbedding" name="test_circle_stamp_has_clippath_and_image" time="0.386" /><testcase classname="backend.tests.test_ui_document_polish_v2.TestStampLogoEmbedding" name="test_square_stamp_has_clippath_and_image" time="0.374" /><testcase classname="backend.tests.test_ui_document_polish_v2.TestStampLogoEmbedding" name="test_stamp_svg_is_valid_xml" time="0.381" /><testcase classname="backend.tests.test_ui_document_polish_v2.TestMultiPagePDFSupport" name="test_invoice_preview_has_page_css_rule" time="0.112" /><testcase classname="backend.tests.test_ui_document_polish_v2.TestMultiPagePDFSupport" name="test_invoice_preview_has_page_break_avoid" time="0.102" /><testcase classname="backend.tests.test_ui_document_polish_v2.TestMultiPagePDFSupport" name="test_invoice_preview_has_contact_bar" time="0.104" /><testcase classname="backend.tests.test_ui_document_polish_v2.TestInvoicePDFDownload" name="test_invoice_pdf_download_returns_pdf" time="0.996" /><testcase classname="backend.tests.test_ui_document_polish_v2.TestQuotePDFEndpoints" name="test_quote_preview_endpoint_exists" time="0.468" /><testcase classname="backend.tests.test_ui_document_polish_v2.TestOrderPDFEndpoints" name="test_order_preview_endpoint_exists" time="0.462" /><testcase classname="backend.tests.test_ui_document_polish_v2.TestCustomerPortalAccess" name="test_customer_can_view_invoices_list" time="0.391" /><testcase classname="backend.tests.test_ui_document_polish_v2.TestCustomerPortalAccess" name="test_customer_can_view_orders_list" time="0.381" /><testcase classname="backend.tests.test_ui_document_polish_v2.TestCustomerPortalAccess" name="test_customer_can_view_quotes_list" time="0.403" /></testsuite></testsuites>