<?xml version="1.0" encoding="utf-8"?><testsuites name="pytest tests"><testsuite name="pytest" errors="0" failures="0" skipped="0" tests="24" time="3.945" timestamp="2026-03-17T15:57:14.737520+00:00" hostname="agent-env-645c5ed9-f4fb-488b-ba11-ce9f60eb44b6"><testcase classname="tests.test_final_live_readiness.TestLaunchEmailStatusAPI" name="test_email_status_endpoint_returns_200" time="0.200" /><testcase classname="tests.test_final_live_readiness.TestLaunchEmailStatusAPI" name="test_email_status_returns_resend_configured_field" time="0.139" /><testcase classname="tests.test_final_live_readiness.TestLaunchEmailStatusAPI" name="test_email_status_resend_not_configured_without_keys" time="0.153" /><testcase classname="tests.test_final_live_readiness.TestPaymentGatewayStatusAPI" name="test_gateway_status_endpoint_returns_200" time="0.128" /><testcase classname="tests.test_final_live_readiness.TestPaymentGatewayStatusAPI" name="test_gateway_status_returns_required_fields" time="0.135" /><testcase classname="tests.test_final_live_readiness.TestPaymentGatewayStatusAPI" name="test_gateway_status_kwikpay_not_configured_without_keys" time="0.127" /><testcase classname="tests.test_final_live_readiness.TestPaymentGatewayStatusAPI" name="test_gateway_status_bank_transfer_always_available" time="0.131" /><testcase classname="tests.test_final_live_readiness.TestGoLiveReadinessAPI" name="test_readiness_endpoint_returns_200" time="0.161" /><testcase classname="tests.test_final_live_readiness.TestGoLiveReadinessAPI" name="test_readiness_returns_status_and_score" time="0.152" /><testcase classname="tests.test_final_live_readiness.TestGoLiveReadinessAPI" name="test_readiness_status_values" time="0.148" /><testcase classname="tests.test_final_live_readiness.TestGoLiveReadinessAPI" name="test_readiness_score_is_numeric" time="0.200" /><testcase classname="tests.test_final_live_readiness.TestGoLiveReadinessAPI" name="test_readiness_checks_are_booleans" time="0.132" /><testcase classname="tests.test_final_live_readiness.TestLaunchReadinessAuditAPI" name="test_audit_endpoint_returns_200" time="0.130" /><testcase classname="tests.test_final_live_readiness.TestLaunchReadinessAuditAPI" name="test_audit_returns_all_sections" time="0.129" /><testcase classname="tests.test_final_live_readiness.TestLaunchReadinessAuditAPI" name="test_audit_business_identity_fields" time="0.127" /><testcase classname="tests.test_final_live_readiness.TestLaunchReadinessAuditAPI" name="test_audit_payments_fields" time="0.143" /><testcase classname="tests.test_final_live_readiness.TestLaunchReadinessAuditAPI" name="test_audit_operations_fields" time="0.164" /><testcase classname="tests.test_final_live_readiness.TestLaunchReadinessAuditAPI" name="test_audit_commercial_fields" time="0.141" /><testcase classname="tests.test_final_live_readiness.TestLaunchReportAPI" name="test_launch_report_json_requires_auth" time="0.132" /><testcase classname="tests.test_final_live_readiness.TestLaunchReportAPI" name="test_launch_report_json_with_auth" time="0.506" /><testcase classname="tests.test_final_live_readiness.TestAffiliatePublicRegistration" name="test_affiliate_public_register_endpoint_exists" time="0.148" /><testcase classname="tests.test_final_live_readiness.TestAffiliatePublicRegistration" name="test_affiliate_promotions_available" time="0.130" /><testcase classname="tests.test_final_live_readiness.TestPaymentSettingsAPI" name="test_payment_settings_endpoint_exists" time="0.157" /><testcase classname="tests.test_final_live_readiness.TestPaymentSettingsAPI" name="test_payment_settings_post_endpoint" time="0.140" /></testsuite></testsuites>