<?xml version="1.0" encoding="utf-8"?><testsuites name="pytest tests"><testsuite name="pytest" errors="0" failures="0" skipped="0" tests="12" time="2.822" timestamp="2026-04-11T15:44:49.100039+00:00" hostname="agent-env-377db547-79ba-4c4b-b12e-55d780795bc2"><testcase classname="backend.tests.test_batch_ux_fixes_v268.TestBackendAPIs" name="test_settings_hub_get" time="0.947" /><testcase classname="backend.tests.test_batch_ux_fixes_v268.TestBackendAPIs" name="test_content_center_list" time="0.154" /><testcase classname="backend.tests.test_batch_ux_fixes_v268.TestBackendAPIs" name="test_content_studio_products" time="0.125" /><testcase classname="backend.tests.test_batch_ux_fixes_v268.TestBackendAPIs" name="test_content_studio_branding" time="0.107" /><testcase classname="backend.tests.test_batch_ux_fixes_v268.TestBackendAPIs" name="test_content_center_publish_endpoint_exists" time="0.169" /><testcase classname="backend.tests.test_batch_ux_fixes_v268.TestBackendAPIs" name="test_supervisor_team_staff_list" time="0.138" /><testcase classname="backend.tests.test_batch_ux_fixes_v268.TestBackendAPIs" name="test_crm_leads_for_alerts" time="0.115" /><testcase classname="backend.tests.test_batch_ux_fixes_v268.TestTeamPagesEndpoints" name="test_admin_staff_endpoint_missing" time="0.134" /><testcase classname="backend.tests.test_batch_ux_fixes_v268.TestTeamPagesEndpoints" name="test_team_overview_data_source" time="0.235" /><testcase classname="backend.tests.test_batch_ux_fixes_v268.TestContentStudioPublish" name="test_publish_with_valid_data" time="0.116" /><testcase classname="backend.tests.test_batch_ux_fixes_v268.TestSalesContentHub" name="test_staff_login" time="0.330" /><testcase classname="backend.tests.test_batch_ux_fixes_v268.TestSalesContentHub" name="test_staff_content_feed" time="0.110" /></testsuite></testsuites>