<?xml version="1.0" encoding="utf-8"?><testsuites name="pytest tests"><testsuite name="pytest" errors="0" failures="0" skipped="0" tests="19" time="4.979" timestamp="2026-04-01T11:49:27.091609+00:00" hostname="agent-env-377db547-79ba-4c4b-b12e-55d780795bc2"><testcase classname="backend.tests.test_pack3_list_page_notifications_v160.TestAdminLogin" name="test_admin_login_success" time="0.491" /><testcase classname="backend.tests.test_pack3_list_page_notifications_v160.TestSidebarCounts" name="test_sidebar_counts_endpoint_exists" time="0.445" /><testcase classname="backend.tests.test_pack3_list_page_notifications_v160.TestSidebarCounts" name="test_sidebar_counts_requires_auth" time="0.127" /><testcase classname="backend.tests.test_pack3_list_page_notifications_v160.TestOrdersStats" name="test_orders_stats_endpoint" time="0.106" /><testcase classname="backend.tests.test_pack3_list_page_notifications_v160.TestOrdersStats" name="test_orders_list_with_tab_filter" time="0.563" /><testcase classname="backend.tests.test_pack3_list_page_notifications_v160.TestPaymentsStats" name="test_payments_stats_endpoint" time="0.151" /><testcase classname="backend.tests.test_pack3_list_page_notifications_v160.TestPaymentsStats" name="test_payments_queue_list" time="0.160" /><testcase classname="backend.tests.test_pack3_list_page_notifications_v160.TestInvoicesStats" name="test_invoices_stats_endpoint" time="0.101" /><testcase classname="backend.tests.test_pack3_list_page_notifications_v160.TestInvoicesStats" name="test_invoices_list" time="0.207" /><testcase classname="backend.tests.test_pack3_list_page_notifications_v160.TestDeliveriesPage" name="test_deliveries_list_endpoint" time="0.144" /><testcase classname="backend.tests.test_pack3_list_page_notifications_v160.TestDeliveriesPage" name="test_deliveries_status_filter" time="0.416" /><testcase classname="backend.tests.test_pack3_list_page_notifications_v160.TestRequestsInbox" name="test_requests_list_endpoint" time="0.188" /><testcase classname="backend.tests.test_pack3_list_page_notifications_v160.TestRequestsInbox" name="test_requests_type_filter" time="0.336" /><testcase classname="backend.tests.test_pack3_list_page_notifications_v160.TestOrdersPageIntegration" name="test_orders_list_has_customer_info" time="0.250" /><testcase classname="backend.tests.test_pack3_list_page_notifications_v160.TestPaymentsQueueIntegration" name="test_payments_queue_has_customer_info" time="0.171" /><testcase classname="backend.tests.test_pack3_list_page_notifications_v160.TestInvoicesPageIntegration" name="test_invoices_list_has_customer_info" time="0.214" /><testcase classname="backend.tests.test_pack3_list_page_notifications_v160.TestExistingFunctionality" name="test_order_detail_endpoint" time="0.248" /><testcase classname="backend.tests.test_pack3_list_page_notifications_v160.TestExistingFunctionality" name="test_payment_detail_endpoint" time="0.177" /><testcase classname="backend.tests.test_pack3_list_page_notifications_v160.TestExistingFunctionality" name="test_invoice_detail_endpoint" time="0.361" /></testsuite></testsuites>