<?xml version="1.0" encoding="utf-8"?><testsuites name="pytest tests"><testsuite name="pytest" errors="0" failures="0" skipped="0" tests="14" time="1.529" timestamp="2026-04-08T10:32:16.830424+00:00" hostname="agent-env-377db547-79ba-4c4b-b12e-55d780795bc2"><testcase classname="tests.test_affiliate_attribution_e2e_v201.TestAffiliateAttributionBackend" name="test_01_health_check" time="0.115" /><testcase classname="tests.test_affiliate_attribution_e2e_v201.TestAffiliateAttributionBackend" name="test_02_guest_checkout_with_valid_affiliate_code" time="0.110" /><testcase classname="tests.test_affiliate_attribution_e2e_v201.TestAffiliateAttributionBackend" name="test_03_verify_order_has_affiliate_attribution" time="0.115" /><testcase classname="tests.test_affiliate_attribution_e2e_v201.TestAffiliateAttributionBackend" name="test_04_guest_checkout_without_affiliate_code" time="0.108" /><testcase classname="tests.test_affiliate_attribution_e2e_v201.TestAffiliateAttributionBackend" name="test_05_guest_checkout_with_invalid_affiliate_code" time="0.104" /><testcase classname="tests.test_affiliate_attribution_e2e_v201.TestAffiliateAttributionBackend" name="test_06_customer_login" time="0.321" /><testcase classname="tests.test_affiliate_attribution_e2e_v201.TestAffiliateAttributionBackend" name="test_07_account_checkout_quote_with_affiliate_code" time="0.103" /><testcase classname="tests.test_affiliate_attribution_e2e_v201.TestAffiliateAttributionBackend" name="test_08_promotion_enrichment_on_products" time="0.113" /><testcase classname="tests.test_affiliate_attribution_e2e_v201.TestAffiliateAttributionBackend" name="test_09_guest_checkout_items_have_promo_fields" time="0.146" /><testcase classname="tests.test_affiliate_attribution_e2e_v201.TestAffiliateAttributionBackend" name="test_10_promotion_engine_active_endpoint" time="0.097" /><testcase classname="tests.test_affiliate_attribution_e2e_v201.TestAffiliateAttributionDBVerification" name="test_11_verify_order_attribution_in_db" time="0.075" /><testcase classname="tests.test_affiliate_attribution_e2e_v201.TestAffiliateAttributionDBVerification" name="test_12_verify_order_without_affiliate_has_none" time="0.004" /><testcase classname="tests.test_affiliate_attribution_e2e_v201.TestAffiliateAttributionDBVerification" name="test_13_verify_order_with_invalid_affiliate_code" time="0.003" /><testcase classname="tests.test_affiliate_attribution_e2e_v201.TestAffiliateAttributionDBVerification" name="test_14_verify_quote_attribution_in_db" time="0.003" /></testsuite></testsuites>