<?xml version="1.0" encoding="utf-8"?><testsuites name="pytest tests"><testsuite name="pytest" errors="0" failures="0" skipped="0" tests="19" time="5.143" timestamp="2026-03-17T18:10:27.381069+00:00" hostname="agent-env-15c2094b-9654-448b-bee4-79d66ac67698"><testcase classname="backend.tests.test_commercial_closeout_pack.TestRuntimeSettingsAPI" name="test_get_runtime_settings" time="0.214" /><testcase classname="backend.tests.test_commercial_closeout_pack.TestWelcomeRewardsAPI" name="test_capture_welcome_reward_new_email" time="0.163" /><testcase classname="backend.tests.test_commercial_closeout_pack.TestWelcomeRewardsAPI" name="test_capture_welcome_reward_empty_email" time="0.210" /><testcase classname="backend.tests.test_commercial_closeout_pack.TestWelcomeRewardsAPI" name="test_check_welcome_reward_eligibility" time="0.139" /><testcase classname="backend.tests.test_commercial_closeout_pack.TestClientProfileAPI" name="test_get_my_client_profile_authenticated" time="0.547" /><testcase classname="backend.tests.test_commercial_closeout_pack.TestClientProfileAPI" name="test_get_my_client_profile_unauthenticated" time="0.182" /><testcase classname="backend.tests.test_commercial_closeout_pack.TestClientProfileAPI" name="test_create_update_client_profile" time="0.773" /><testcase classname="backend.tests.test_commercial_closeout_pack.TestBusinessPricingAdminAPI" name="test_list_business_pricing_requests" time="0.505" /><testcase classname="backend.tests.test_commercial_closeout_pack.TestBusinessPricingAdminAPI" name="test_list_business_pricing_requests_with_filter" time="0.151" /><testcase classname="backend.tests.test_commercial_closeout_pack.TestBusinessPricingAdminAPI" name="test_get_request_stats" time="0.200" /><testcase classname="backend.tests.test_commercial_closeout_pack.TestBusinessPricingAdminAPI" name="test_business_pricing_requests_requires_auth" time="0.345" /><testcase classname="backend.tests.test_commercial_closeout_pack.TestNumberingRulesAPI" name="test_list_numbering_rules" time="0.134" /><testcase classname="backend.tests.test_commercial_closeout_pack.TestNumberingRulesAPI" name="test_create_numbering_rule" time="0.198" /><testcase classname="backend.tests.test_commercial_closeout_pack.TestNumberingRulesAPI" name="test_preview_numbering_rule" time="0.142" /><testcase classname="backend.tests.test_commercial_closeout_pack.TestNumberingRulesAPI" name="test_numbering_rules_requires_admin" time="0.151" /><testcase classname="backend.tests.test_commercial_closeout_pack.TestQASeedAPI" name="test_qa_seed_status" time="0.142" /><testcase classname="backend.tests.test_commercial_closeout_pack.TestQASeedAPI" name="test_full_launch_seed" time="0.231" /><testcase classname="backend.tests.test_commercial_closeout_pack.TestQASeedAPI" name="test_qa_seed_requires_admin" time="0.342" /><testcase classname="backend.tests.test_commercial_closeout_pack.TestRouteOrderFix" name="test_stats_summary_before_request_id" time="0.214" /></testsuite></testsuites>