<?xml version="1.0" encoding="utf-8"?><testsuites name="pytest tests"><testsuite name="pytest" errors="0" failures="0" skipped="0" tests="14" time="2.223" timestamp="2026-04-09T07:20:21.826047+00:00" hostname="agent-env-377db547-79ba-4c4b-b12e-55d780795bc2"><testcase classname="backend.tests.test_vendor_dashboard_upgrade_v218.TestVendorDashboardUpgrade" name="test_partner_dashboard_endpoint_returns_200" time="0.450" /><testcase classname="backend.tests.test_vendor_dashboard_upgrade_v218.TestVendorDashboardUpgrade" name="test_dashboard_has_vendor_kpis" time="0.103" /><testcase classname="backend.tests.test_vendor_dashboard_upgrade_v218.TestVendorDashboardUpgrade" name="test_dashboard_has_vendor_pipeline" time="0.101" /><testcase classname="backend.tests.test_vendor_dashboard_upgrade_v218.TestVendorDashboardUpgrade" name="test_dashboard_has_work_requiring_action" time="0.104" /><testcase classname="backend.tests.test_vendor_dashboard_upgrade_v218.TestVendorDashboardUpgrade" name="test_dashboard_has_recent_assignments" time="0.106" /><testcase classname="backend.tests.test_vendor_dashboard_upgrade_v218.TestVendorDashboardUpgrade" name="test_dashboard_has_charts" time="0.105" /><testcase classname="backend.tests.test_vendor_dashboard_upgrade_v218.TestVendorDashboardUpgrade" name="test_dashboard_has_partner_info" time="0.105" /><testcase classname="backend.tests.test_vendor_dashboard_upgrade_v218.TestVendorDashboardUpgrade" name="test_dashboard_has_summary" time="0.115" /><testcase classname="backend.tests.test_vendor_dashboard_upgrade_v218.TestVendorDashboardUpgrade" name="test_kpis_values_are_consistent" time="0.103" /><testcase classname="backend.tests.test_vendor_dashboard_upgrade_v218.TestVendorDashboardUpgrade" name="test_pipeline_counts_are_non_negative" time="0.101" /><testcase classname="backend.tests.test_vendor_dashboard_upgrade_v218.TestVendorDashboardUpgrade" name="test_work_actions_sorted_by_urgency" time="0.102" /><testcase classname="backend.tests.test_vendor_dashboard_upgrade_v218.TestVendorDashboardUpgrade" name="test_unauthorized_access_returns_401" time="0.101" /><testcase classname="backend.tests.test_vendor_dashboard_upgrade_v218.TestVendorDashboardDataIntegrity" name="test_recent_assignments_no_customer_identity" time="0.430" /><testcase classname="backend.tests.test_vendor_dashboard_upgrade_v218.TestVendorDashboardDataIntegrity" name="test_charts_have_correct_month_labels" time="0.109" /></testsuite></testsuites>