<?xml version="1.0" encoding="utf-8"?><testsuites name="pytest tests"><testsuite name="pytest" errors="0" failures="0" skipped="1" tests="7" time="2.228" timestamp="2026-04-27T08:24:51.975236+00:00" hostname="agent-env-377db547-79ba-4c4b-b12e-55d780795bc2"><testcase classname="backend.tests.test_content_studio_v359.TestTemplateProducts" name="test_returns_all_products_above_cap" time="0.243" /><testcase classname="backend.tests.test_content_studio_v359.TestTemplateProducts" name="test_promo_only_filter" time="0.326" /><testcase classname="backend.tests.test_content_studio_v359.TestTemplateProducts" name="test_konekt_continuous_enrichment" time="0.170" /><testcase classname="backend.tests.test_content_studio_v359.TestTemplateProducts" name="test_active_promotion_id_overrides_konekt" time="0.142"><skipped type="pytest.skip" message="No products with active_promotion_id present in fixture data">/app/backend/tests/test_content_studio_v359.py:101: No products with active_promotion_id present in fixture data</skipped></testcase><testcase classname="backend.tests.test_content_studio_v359.TestAutomationConfigContinuousPromo" name="test_get_config_has_continuous_promo" time="0.432" /><testcase classname="backend.tests.test_content_studio_v359.TestAutomationConfigContinuousPromo" name="test_put_round_trip_preserves_values" time="0.198" /><testcase classname="backend.tests.test_content_studio_v359.TestAutomationConfigContinuousPromo" name="test_disable_continuous_drops_konekt_promos" time="0.609" /></testsuite></testsuites>