<?xml version="1.0" encoding="utf-8"?><testsuites name="pytest tests"><testsuite name="pytest" errors="0" failures="0" skipped="1" tests="11" time="2.664" timestamp="2026-04-27T09:04:48.522407+00:00" hostname="agent-env-377db547-79ba-4c4b-b12e-55d780795bc2"><testcase classname="backend.tests.test_automation_engine_v360" name="test_get_drafts" time="0.479" /><testcase classname="backend.tests.test_automation_engine_v360" name="test_run_now_creates_drafts_without_price_change" time="0.445"><skipped type="pytest.skip" message="No drafts in queue to inspect">/app/backend/tests/test_automation_engine_v360.py:127: No drafts in queue to inspect</skipped></testcase><testcase classname="backend.tests.test_automation_engine_v360" name="test_approve_draft_with_code" time="0.123" /><testcase classname="backend.tests.test_automation_engine_v360" name="test_approve_draft_open" time="0.106" /><testcase classname="backend.tests.test_automation_engine_v360" name="test_reject_draft" time="0.109" /><testcase classname="backend.tests.test_automation_engine_v360" name="test_approve_all" time="0.449" /><testcase classname="backend.tests.test_automation_engine_v360" name="test_performance_strict_attribution" time="0.116" /><testcase classname="backend.tests.test_automation_engine_v360" name="test_sweep_renewals" time="0.226" /><testcase classname="backend.tests.test_automation_engine_v360" name="test_branding_template_phone_source" time="0.108" /><testcase classname="backend.tests.test_automation_engine_v360" name="test_cleanup_test_data" time="0.001" /><testcase classname="backend.tests.test_automation_engine_v360" name="test_teardown_clean_drafts" time="0.322" /></testsuite></testsuites>